[2026-01-12T11:47:54.266+0000] {taskinstance.py:1956} INFO - Dependencies all met for dep_context=non-requeueable deps ti=<TaskInstance: multi_company_stock_training.train_AAPL_LSTM scheduled__2026-01-03T18:00:00+00:00 [queued]>
[2026-01-12T11:47:54.337+0000] {taskinstance.py:1956} INFO - Dependencies all met for dep_context=requeueable deps ti=<TaskInstance: multi_company_stock_training.train_AAPL_LSTM scheduled__2026-01-03T18:00:00+00:00 [queued]>
[2026-01-12T11:47:54.344+0000] {taskinstance.py:2170} INFO - Starting attempt 1 of 2
[2026-01-12T11:47:54.540+0000] {taskinstance.py:2191} INFO - Executing <Task(PythonOperator): train_AAPL_LSTM> on 2026-01-03 18:00:00+00:00
[2026-01-12T11:47:54.547+0000] {standard_task_runner.py:60} INFO - Started process 3230 to run task
[2026-01-12T11:47:54.707+0000] {standard_task_runner.py:87} INFO - Running: ['airflow', 'tasks', 'run', 'multi_company_stock_training', 'train_AAPL_LSTM', 'scheduled__2026-01-03T18:00:00+00:00', '--job-id', '28', '--raw', '--subdir', 'DAGS_FOLDER/multi_company_stock_training_dag.py', '--cfg-path', '/tmp/tmpvrantvr6']
[2026-01-12T11:47:54.727+0000] {standard_task_runner.py:88} INFO - Job 28: Subtask train_AAPL_LSTM
[2026-01-12T11:47:56.680+0000] {task_command.py:423} INFO - Running <TaskInstance: multi_company_stock_training.train_AAPL_LSTM scheduled__2026-01-03T18:00:00+00:00 [running]> on host 3820d7fa4e04
[2026-01-12T11:47:59.575+0000] {taskinstance.py:2480} INFO - Exporting env vars: AIRFLOW_CTX_DAG_OWNER='airflow' AIRFLOW_CTX_DAG_ID='multi_company_stock_training' AIRFLOW_CTX_TASK_ID='train_AAPL_LSTM' AIRFLOW_CTX_EXECUTION_DATE='2026-01-03T18:00:00+00:00' AIRFLOW_CTX_TRY_NUMBER='1' AIRFLOW_CTX_DAG_RUN_ID='scheduled__2026-01-03T18:00:00+00:00'
[2026-01-12T11:47:59.994+0000] {logging_mixin.py:188} INFO - Executing: python /opt/airflow/work/scripts/stock_prediction/train_multi_company.py --ticker AAPL --model LSTM --start 2018-01-01 --epochs 20 --batch-size 32
[2026-01-12T12:04:52.616+0000] {logging_mixin.py:188} INFO - 
############################################################
MULTI-COMPANY STOCK PREDICTION TRAINING
############################################################
Ticker: AAPL
Models: LSTM
Period: 2018-01-01 to today
############################################################


============================================================
Downloading AAPL stock data...
Period: 2018-01-01 to 2026-01-12
Using: yfinance
============================================================

🔄 Attempting to download data (attempt 1/5)...
⚠️  Error on attempt 1: download() got an unexpected keyword argument 'show_errors'
🔄 Retrying...
⏳ Waiting 5 seconds before retry (attempt 2/5)...
🔄 Attempting to download data (attempt 2/5)...
⚠️  Error on attempt 2: download() got an unexpected keyword argument 'show_errors'
🔄 Retrying...
⏳ Waiting 10 seconds before retry (attempt 3/5)...
🔄 Attempting to download data (attempt 3/5)...
⚠️  Error on attempt 3: download() got an unexpected keyword argument 'show_errors'
🔄 Retrying...
⏳ Waiting 20 seconds before retry (attempt 4/5)...
🔄 Attempting to download data (attempt 4/5)...
⚠️  Error on attempt 4: download() got an unexpected keyword argument 'show_errors'
🔄 Retrying...
⏳ Waiting 40 seconds before retry (attempt 5/5)...
🔄 Attempting to download data (attempt 5/5)...
⚠️  Error on attempt 5: download() got an unexpected keyword argument 'show_errors'
❌ Failed after 5 attempts: download() got an unexpected keyword argument 'show_errors'

############################################################
TRAINING SUMMARY FOR AAPL
############################################################
LSTM: FAILED
############################################################
[2026-01-12T12:04:53.029+0000] {python.py:201} INFO - Done. Returned value was: AAPL_LSTM_SUCCESS
[2026-01-12T12:04:58.638+0000] {taskinstance.py:1138} INFO - Marking task as SUCCESS. dag_id=multi_company_stock_training, task_id=train_AAPL_LSTM, execution_date=20260103T180000, start_date=20260112T114754, end_date=20260112T120458
[2026-01-12T12:05:19.788+0000] {local_task_job_runner.py:234} INFO - Task exited with return code 0
[2026-01-12T12:05:27.131+0000] {taskinstance.py:3280} INFO - 0 downstream tasks scheduled from follow-on schedule check
