[2026-01-12T12:07:19.437+0000] {taskinstance.py:1956} INFO - Dependencies all met for dep_context=non-requeueable deps ti=<TaskInstance: multi_company_stock_training.generate_summary_report manual__2026-01-12T11:47:02+00:00 [queued]>
[2026-01-12T12:07:19.448+0000] {taskinstance.py:1956} INFO - Dependencies all met for dep_context=requeueable deps ti=<TaskInstance: multi_company_stock_training.generate_summary_report manual__2026-01-12T11:47:02+00:00 [queued]>
[2026-01-12T12:07:19.448+0000] {taskinstance.py:2170} INFO - Starting attempt 1 of 2
[2026-01-12T12:07:19.471+0000] {taskinstance.py:2191} INFO - Executing <Task(PythonOperator): generate_summary_report> on 2026-01-12 11:47:02+00:00
[2026-01-12T12:07:19.482+0000] {standard_task_runner.py:60} INFO - Started process 4093 to run task
[2026-01-12T12:07:19.487+0000] {standard_task_runner.py:87} INFO - Running: ['airflow', 'tasks', 'run', 'multi_company_stock_training', 'generate_summary_report', 'manual__2026-01-12T11:47:02+00:00', '--job-id', '33', '--raw', '--subdir', 'DAGS_FOLDER/multi_company_stock_training_dag.py', '--cfg-path', '/tmp/tmpqla38w6g']
[2026-01-12T12:07:19.493+0000] {standard_task_runner.py:88} INFO - Job 33: Subtask generate_summary_report
[2026-01-12T12:07:19.552+0000] {task_command.py:423} INFO - Running <TaskInstance: multi_company_stock_training.generate_summary_report manual__2026-01-12T11:47:02+00:00 [running]> on host 3820d7fa4e04
[2026-01-12T12:07:19.662+0000] {taskinstance.py:2480} INFO - Exporting env vars: AIRFLOW_CTX_DAG_OWNER='airflow' AIRFLOW_CTX_DAG_ID='multi_company_stock_training' AIRFLOW_CTX_TASK_ID='generate_summary_report' AIRFLOW_CTX_EXECUTION_DATE='2026-01-12T11:47:02+00:00' AIRFLOW_CTX_TRY_NUMBER='1' AIRFLOW_CTX_DAG_RUN_ID='manual__2026-01-12T11:47:02+00:00'
[2026-01-12T12:07:19.680+0000] {logging_mixin.py:188} INFO - 
================================================================================
[2026-01-12T12:07:19.681+0000] {logging_mixin.py:188} INFO - MULTI-COMPANY TRAINING SUMMARY
[2026-01-12T12:07:19.681+0000] {logging_mixin.py:188} INFO - ================================================================================
[2026-01-12T12:07:19.706+0000] {logging_mixin.py:188} WARNING - /home/airflow/.local/lib/python3.10/site-packages/airflow/utils/context.py:315 AirflowContextDeprecationWarning: Accessing 'execution_date' from the template is deprecated and will be removed in a future version. Please use 'data_interval_start' or 'logical_date' instead.
[2026-01-12T12:07:19.709+0000] {logging_mixin.py:188} INFO - Execution Date: 2026-01-12 11:47:02+00:00
[2026-01-12T12:07:19.710+0000] {logging_mixin.py:188} INFO - Companies Trained: TSLA, AAPL, GOOGL, MSFT, AMZN
[2026-01-12T12:07:19.710+0000] {logging_mixin.py:188} INFO - Models per Company: LSTM, GRU, TRANSFORMER
[2026-01-12T12:07:19.710+0000] {logging_mixin.py:188} INFO - Total Models Trained: 15
[2026-01-12T12:07:19.710+0000] {logging_mixin.py:188} INFO - ================================================================================
[2026-01-12T12:07:19.710+0000] {logging_mixin.py:188} INFO - 
Generated Models:
[2026-01-12T12:07:19.710+0000] {logging_mixin.py:188} INFO - 
TSLA:
[2026-01-12T12:07:19.715+0000] {logging_mixin.py:188} INFO -   - gru_tsla_model.h5 (0.33 MB)
[2026-01-12T12:07:19.715+0000] {logging_mixin.py:188} INFO -   - lstm_tsla_model.h5 (0.42 MB)
[2026-01-12T12:07:19.716+0000] {logging_mixin.py:188} INFO -   - transformer_tsla_model.h5 (0.08 MB)
[2026-01-12T12:07:19.716+0000] {logging_mixin.py:188} INFO - 
AAPL:
[2026-01-12T12:07:19.717+0000] {logging_mixin.py:188} INFO -   - gru_aapl_model.h5 (0.33 MB)
[2026-01-12T12:07:19.717+0000] {logging_mixin.py:188} INFO -   - lstm_aapl_model.h5 (0.42 MB)
[2026-01-12T12:07:19.718+0000] {logging_mixin.py:188} INFO -   - transformer_aapl_model.h5 (0.08 MB)
[2026-01-12T12:07:19.718+0000] {logging_mixin.py:188} INFO - 
GOOGL:
[2026-01-12T12:07:19.719+0000] {logging_mixin.py:188} INFO -   - gru_googl_model.h5 (0.33 MB)
[2026-01-12T12:07:19.719+0000] {logging_mixin.py:188} INFO -   - lstm_googl_model.h5 (0.42 MB)
[2026-01-12T12:07:19.719+0000] {logging_mixin.py:188} INFO -   - transformer_googl_model.h5 (0.08 MB)
[2026-01-12T12:07:19.719+0000] {logging_mixin.py:188} INFO - 
MSFT:
[2026-01-12T12:07:19.720+0000] {logging_mixin.py:188} INFO - ================================================================================
[2026-01-12T12:07:19.720+0000] {python.py:201} INFO - Done. Returned value was: None
[2026-01-12T12:07:19.730+0000] {taskinstance.py:1138} INFO - Marking task as SUCCESS. dag_id=multi_company_stock_training, task_id=generate_summary_report, execution_date=20260112T114702, start_date=20260112T120719, end_date=20260112T120719
[2026-01-12T12:07:19.751+0000] {local_task_job_runner.py:234} INFO - Task exited with return code 0
[2026-01-12T12:07:19.770+0000] {taskinstance.py:3280} INFO - 0 downstream tasks scheduled from follow-on schedule check
