[2026-01-12T11:47:51.822+0000] {taskinstance.py:1956} INFO - Dependencies all met for dep_context=non-requeueable deps ti=<TaskInstance: multi_company_stock_training.create_training_config manual__2026-01-12T11:47:02+00:00 [queued]>
[2026-01-12T11:47:51.832+0000] {taskinstance.py:1956} INFO - Dependencies all met for dep_context=requeueable deps ti=<TaskInstance: multi_company_stock_training.create_training_config manual__2026-01-12T11:47:02+00:00 [queued]>
[2026-01-12T11:47:51.832+0000] {taskinstance.py:2170} INFO - Starting attempt 1 of 2
[2026-01-12T11:47:51.845+0000] {taskinstance.py:2191} INFO - Executing <Task(PythonOperator): create_training_config> on 2026-01-12 11:47:02+00:00
[2026-01-12T11:47:51.849+0000] {standard_task_runner.py:60} INFO - Started process 3198 to run task
[2026-01-12T11:47:51.857+0000] {standard_task_runner.py:87} INFO - Running: ['airflow', 'tasks', 'run', 'multi_company_stock_training', 'create_training_config', 'manual__2026-01-12T11:47:02+00:00', '--job-id', '12', '--raw', '--subdir', 'DAGS_FOLDER/multi_company_stock_training_dag.py', '--cfg-path', '/tmp/tmpwoittmg5']
[2026-01-12T11:47:51.860+0000] {standard_task_runner.py:88} INFO - Job 12: Subtask create_training_config
[2026-01-12T11:47:51.916+0000] {task_command.py:423} INFO - Running <TaskInstance: multi_company_stock_training.create_training_config manual__2026-01-12T11:47:02+00:00 [running]> on host 3820d7fa4e04
[2026-01-12T11:47:51.980+0000] {taskinstance.py:2480} INFO - Exporting env vars: AIRFLOW_CTX_DAG_OWNER='airflow' AIRFLOW_CTX_DAG_ID='multi_company_stock_training' AIRFLOW_CTX_TASK_ID='create_training_config' AIRFLOW_CTX_EXECUTION_DATE='2026-01-12T11:47:02+00:00' AIRFLOW_CTX_TRY_NUMBER='1' AIRFLOW_CTX_DAG_RUN_ID='manual__2026-01-12T11:47:02+00:00'
[2026-01-12T11:47:51.980+0000] {logging_mixin.py:188} INFO - ============================================================
[2026-01-12T11:47:51.980+0000] {logging_mixin.py:188} INFO - TRAINING CONFIGURATION
[2026-01-12T11:47:51.980+0000] {logging_mixin.py:188} INFO - ============================================================
[2026-01-12T11:47:51.981+0000] {logging_mixin.py:188} INFO - Companies: TSLA, AAPL, GOOGL, MSFT, AMZN
[2026-01-12T11:47:51.981+0000] {logging_mixin.py:188} INFO - Models: LSTM, GRU, TRANSFORMER
[2026-01-12T11:47:51.981+0000] {logging_mixin.py:188} INFO - Period: 2018-01-01 to today
[2026-01-12T11:47:51.981+0000] {logging_mixin.py:188} INFO - Epochs: 20
[2026-01-12T11:47:51.981+0000] {logging_mixin.py:188} INFO - Batch Size: 32
[2026-01-12T11:47:51.981+0000] {logging_mixin.py:188} INFO - ============================================================
[2026-01-12T11:47:52.031+0000] {python.py:201} INFO - Done. Returned value was: None
[2026-01-12T11:47:52.037+0000] {taskinstance.py:1138} INFO - Marking task as SUCCESS. dag_id=multi_company_stock_training, task_id=create_training_config, execution_date=20260112T114702, start_date=20260112T114751, end_date=20260112T114752
[2026-01-12T11:47:52.077+0000] {local_task_job_runner.py:234} INFO - Task exited with return code 0
[2026-01-12T11:47:52.097+0000] {taskinstance.py:3280} INFO - 9 downstream tasks scheduled from follow-on schedule check
