[2026-01-10T00:04:13.470+0000] {processor.py:161} INFO - Started process (PID=68214) to work on /opt/airflow/dags/example_dag.py
[2026-01-10T00:04:13.472+0000] {processor.py:830} INFO - Processing file /opt/airflow/dags/example_dag.py for tasks to queue
[2026-01-10T00:04:13.475+0000] {logging_mixin.py:188} INFO - [2026-01-10T00:04:13.474+0000] {dagbag.py:538} INFO - Filling up the DagBag from /opt/airflow/dags/example_dag.py
[2026-01-10T00:04:13.486+0000] {processor.py:840} INFO - DAG(s) 'fintech_example' retrieved from /opt/airflow/dags/example_dag.py
[2026-01-10T00:04:13.528+0000] {logging_mixin.py:188} INFO - [2026-01-10T00:04:13.528+0000] {dag.py:3036} INFO - Sync 1 DAGs
[2026-01-10T00:04:13.552+0000] {logging_mixin.py:188} INFO - [2026-01-10T00:04:13.552+0000] {dag.py:3823} INFO - Setting next_dagrun for fintech_example to 2026-01-09 00:00:00+00:00, run_after=2026-01-10 00:00:00+00:00
[2026-01-10T00:04:13.569+0000] {processor.py:183} INFO - Processing /opt/airflow/dags/example_dag.py took 0.106 seconds
[2026-01-10T00:34:14.717+0000] {processor.py:161} INFO - Started process (PID=68238) to work on /opt/airflow/dags/example_dag.py
[2026-01-10T00:34:14.718+0000] {processor.py:830} INFO - Processing file /opt/airflow/dags/example_dag.py for tasks to queue
[2026-01-10T00:34:14.721+0000] {logging_mixin.py:188} INFO - [2026-01-10T00:34:14.720+0000] {dagbag.py:538} INFO - Filling up the DagBag from /opt/airflow/dags/example_dag.py
[2026-01-10T00:34:14.741+0000] {processor.py:840} INFO - DAG(s) 'fintech_example' retrieved from /opt/airflow/dags/example_dag.py
[2026-01-10T00:34:14.790+0000] {logging_mixin.py:188} INFO - [2026-01-10T00:34:14.790+0000] {dag.py:3036} INFO - Sync 1 DAGs
[2026-01-10T00:34:14.820+0000] {logging_mixin.py:188} INFO - [2026-01-10T00:34:14.820+0000] {dag.py:3823} INFO - Setting next_dagrun for fintech_example to 2026-01-09 00:00:00+00:00, run_after=2026-01-10 00:00:00+00:00
[2026-01-10T00:34:14.882+0000] {processor.py:183} INFO - Processing /opt/airflow/dags/example_dag.py took 0.168 seconds
[2026-01-10T00:34:45.334+0000] {processor.py:161} INFO - Started process (PID=68262) to work on /opt/airflow/dags/example_dag.py
[2026-01-10T00:34:45.335+0000] {processor.py:830} INFO - Processing file /opt/airflow/dags/example_dag.py for tasks to queue
[2026-01-10T00:34:45.335+0000] {logging_mixin.py:188} INFO - [2026-01-10T00:34:45.335+0000] {dagbag.py:538} INFO - Filling up the DagBag from /opt/airflow/dags/example_dag.py
[2026-01-10T00:34:45.347+0000] {processor.py:840} INFO - DAG(s) 'fintech_example' retrieved from /opt/airflow/dags/example_dag.py
[2026-01-10T00:34:45.362+0000] {logging_mixin.py:188} INFO - [2026-01-10T00:34:45.362+0000] {dag.py:3036} INFO - Sync 1 DAGs
[2026-01-10T00:34:45.374+0000] {logging_mixin.py:188} INFO - [2026-01-10T00:34:45.374+0000] {dag.py:3823} INFO - Setting next_dagrun for fintech_example to 2026-01-09 00:00:00+00:00, run_after=2026-01-10 00:00:00+00:00
[2026-01-10T00:34:45.382+0000] {processor.py:183} INFO - Processing /opt/airflow/dags/example_dag.py took 0.051 seconds
[2026-01-10T01:04:57.836+0000] {processor.py:161} INFO - Started process (PID=68284) to work on /opt/airflow/dags/example_dag.py
[2026-01-10T01:04:57.836+0000] {processor.py:830} INFO - Processing file /opt/airflow/dags/example_dag.py for tasks to queue
[2026-01-10T01:04:57.837+0000] {logging_mixin.py:188} INFO - [2026-01-10T01:04:57.836+0000] {dagbag.py:538} INFO - Filling up the DagBag from /opt/airflow/dags/example_dag.py
[2026-01-10T01:04:57.843+0000] {processor.py:840} INFO - DAG(s) 'fintech_example' retrieved from /opt/airflow/dags/example_dag.py
[2026-01-10T01:04:57.865+0000] {logging_mixin.py:188} INFO - [2026-01-10T01:04:57.865+0000] {dag.py:3036} INFO - Sync 1 DAGs
[2026-01-10T01:04:57.878+0000] {logging_mixin.py:188} INFO - [2026-01-10T01:04:57.878+0000] {dag.py:3823} INFO - Setting next_dagrun for fintech_example to 2026-01-09 00:00:00+00:00, run_after=2026-01-10 00:00:00+00:00
[2026-01-10T01:04:57.887+0000] {processor.py:183} INFO - Processing /opt/airflow/dags/example_dag.py took 0.054 seconds
[2026-01-10T01:05:28.256+0000] {processor.py:161} INFO - Started process (PID=68306) to work on /opt/airflow/dags/example_dag.py
[2026-01-10T01:05:28.257+0000] {processor.py:830} INFO - Processing file /opt/airflow/dags/example_dag.py for tasks to queue
[2026-01-10T01:05:28.258+0000] {logging_mixin.py:188} INFO - [2026-01-10T01:05:28.257+0000] {dagbag.py:538} INFO - Filling up the DagBag from /opt/airflow/dags/example_dag.py
[2026-01-10T01:05:28.263+0000] {processor.py:840} INFO - DAG(s) 'fintech_example' retrieved from /opt/airflow/dags/example_dag.py
[2026-01-10T01:05:28.277+0000] {logging_mixin.py:188} INFO - [2026-01-10T01:05:28.277+0000] {dag.py:3036} INFO - Sync 1 DAGs
[2026-01-10T01:05:28.288+0000] {logging_mixin.py:188} INFO - [2026-01-10T01:05:28.288+0000] {dag.py:3823} INFO - Setting next_dagrun for fintech_example to 2026-01-09 00:00:00+00:00, run_after=2026-01-10 00:00:00+00:00
[2026-01-10T01:05:28.296+0000] {processor.py:183} INFO - Processing /opt/airflow/dags/example_dag.py took 0.041 seconds
[2026-01-10T01:30:19.604+0000] {processor.py:161} INFO - Started process (PID=68328) to work on /opt/airflow/dags/example_dag.py
[2026-01-10T01:30:19.605+0000] {processor.py:830} INFO - Processing file /opt/airflow/dags/example_dag.py for tasks to queue
[2026-01-10T01:30:19.605+0000] {logging_mixin.py:188} INFO - [2026-01-10T01:30:19.605+0000] {dagbag.py:538} INFO - Filling up the DagBag from /opt/airflow/dags/example_dag.py
[2026-01-10T01:30:19.611+0000] {processor.py:840} INFO - DAG(s) 'fintech_example' retrieved from /opt/airflow/dags/example_dag.py
[2026-01-10T01:30:19.625+0000] {logging_mixin.py:188} INFO - [2026-01-10T01:30:19.625+0000] {dag.py:3036} INFO - Sync 1 DAGs
[2026-01-10T01:30:19.635+0000] {logging_mixin.py:188} INFO - [2026-01-10T01:30:19.635+0000] {dag.py:3823} INFO - Setting next_dagrun for fintech_example to 2026-01-09 00:00:00+00:00, run_after=2026-01-10 00:00:00+00:00
[2026-01-10T01:30:19.641+0000] {processor.py:183} INFO - Processing /opt/airflow/dags/example_dag.py took 0.041 seconds
[2026-01-10T01:46:24.514+0000] {processor.py:161} INFO - Started process (PID=68355) to work on /opt/airflow/dags/example_dag.py
[2026-01-10T01:46:24.515+0000] {processor.py:830} INFO - Processing file /opt/airflow/dags/example_dag.py for tasks to queue
[2026-01-10T01:46:24.515+0000] {logging_mixin.py:188} INFO - [2026-01-10T01:46:24.515+0000] {dagbag.py:538} INFO - Filling up the DagBag from /opt/airflow/dags/example_dag.py
[2026-01-10T01:46:24.536+0000] {processor.py:840} INFO - DAG(s) 'fintech_example' retrieved from /opt/airflow/dags/example_dag.py
[2026-01-10T01:46:24.573+0000] {logging_mixin.py:188} INFO - [2026-01-10T01:46:24.573+0000] {dag.py:3036} INFO - Sync 1 DAGs
[2026-01-10T01:46:24.591+0000] {logging_mixin.py:188} INFO - [2026-01-10T01:46:24.591+0000] {dag.py:3823} INFO - Setting next_dagrun for fintech_example to 2026-01-09 00:00:00+00:00, run_after=2026-01-10 00:00:00+00:00
[2026-01-10T01:46:24.603+0000] {processor.py:183} INFO - Processing /opt/airflow/dags/example_dag.py took 0.092 seconds
[2026-01-10T02:05:47.968+0000] {processor.py:161} INFO - Started process (PID=68376) to work on /opt/airflow/dags/example_dag.py
[2026-01-10T02:05:47.971+0000] {processor.py:830} INFO - Processing file /opt/airflow/dags/example_dag.py for tasks to queue
[2026-01-10T02:05:47.972+0000] {logging_mixin.py:188} INFO - [2026-01-10T02:05:47.972+0000] {dagbag.py:538} INFO - Filling up the DagBag from /opt/airflow/dags/example_dag.py
[2026-01-10T02:05:47.984+0000] {processor.py:840} INFO - DAG(s) 'fintech_example' retrieved from /opt/airflow/dags/example_dag.py
[2026-01-10T02:05:48.021+0000] {logging_mixin.py:188} INFO - [2026-01-10T02:05:48.020+0000] {dag.py:3036} INFO - Sync 1 DAGs
[2026-01-10T02:05:48.039+0000] {logging_mixin.py:188} INFO - [2026-01-10T02:05:48.039+0000] {dag.py:3823} INFO - Setting next_dagrun for fintech_example to 2026-01-09 00:00:00+00:00, run_after=2026-01-10 00:00:00+00:00
[2026-01-10T02:05:48.065+0000] {processor.py:183} INFO - Processing /opt/airflow/dags/example_dag.py took 0.103 seconds
[2026-01-10T02:06:18.623+0000] {processor.py:161} INFO - Started process (PID=68400) to work on /opt/airflow/dags/example_dag.py
[2026-01-10T02:06:18.627+0000] {processor.py:830} INFO - Processing file /opt/airflow/dags/example_dag.py for tasks to queue
[2026-01-10T02:06:18.631+0000] {logging_mixin.py:188} INFO - [2026-01-10T02:06:18.630+0000] {dagbag.py:538} INFO - Filling up the DagBag from /opt/airflow/dags/example_dag.py
[2026-01-10T02:06:18.672+0000] {processor.py:840} INFO - DAG(s) 'fintech_example' retrieved from /opt/airflow/dags/example_dag.py
[2026-01-10T02:06:18.719+0000] {logging_mixin.py:188} INFO - [2026-01-10T02:06:18.718+0000] {dag.py:3036} INFO - Sync 1 DAGs
[2026-01-10T02:06:18.739+0000] {logging_mixin.py:188} INFO - [2026-01-10T02:06:18.738+0000] {dag.py:3823} INFO - Setting next_dagrun for fintech_example to 2026-01-09 00:00:00+00:00, run_after=2026-01-10 00:00:00+00:00
[2026-01-10T02:06:18.756+0000] {processor.py:183} INFO - Processing /opt/airflow/dags/example_dag.py took 0.137 seconds
[2026-01-10T02:55:42.356+0000] {processor.py:161} INFO - Started process (PID=68428) to work on /opt/airflow/dags/example_dag.py
[2026-01-10T02:55:42.357+0000] {processor.py:830} INFO - Processing file /opt/airflow/dags/example_dag.py for tasks to queue
[2026-01-10T02:55:42.358+0000] {logging_mixin.py:188} INFO - [2026-01-10T02:55:42.357+0000] {dagbag.py:538} INFO - Filling up the DagBag from /opt/airflow/dags/example_dag.py
[2026-01-10T02:55:42.374+0000] {processor.py:840} INFO - DAG(s) 'fintech_example' retrieved from /opt/airflow/dags/example_dag.py
[2026-01-10T02:55:42.397+0000] {logging_mixin.py:188} INFO - [2026-01-10T02:55:42.397+0000] {dag.py:3036} INFO - Sync 1 DAGs
[2026-01-10T02:55:42.413+0000] {logging_mixin.py:188} INFO - [2026-01-10T02:55:42.413+0000] {dag.py:3823} INFO - Setting next_dagrun for fintech_example to 2026-01-09 00:00:00+00:00, run_after=2026-01-10 00:00:00+00:00
[2026-01-10T02:55:42.420+0000] {processor.py:183} INFO - Processing /opt/airflow/dags/example_dag.py took 0.066 seconds
[2026-01-10T03:07:15.004+0000] {processor.py:161} INFO - Started process (PID=68450) to work on /opt/airflow/dags/example_dag.py
[2026-01-10T03:07:15.006+0000] {processor.py:830} INFO - Processing file /opt/airflow/dags/example_dag.py for tasks to queue
[2026-01-10T03:07:15.008+0000] {logging_mixin.py:188} INFO - [2026-01-10T03:07:15.008+0000] {dagbag.py:538} INFO - Filling up the DagBag from /opt/airflow/dags/example_dag.py
[2026-01-10T03:07:15.023+0000] {processor.py:840} INFO - DAG(s) 'fintech_example' retrieved from /opt/airflow/dags/example_dag.py
[2026-01-10T03:07:15.064+0000] {logging_mixin.py:188} INFO - [2026-01-10T03:07:15.064+0000] {dag.py:3036} INFO - Sync 1 DAGs
[2026-01-10T03:07:15.085+0000] {logging_mixin.py:188} INFO - [2026-01-10T03:07:15.084+0000] {dag.py:3823} INFO - Setting next_dagrun for fintech_example to 2026-01-09 00:00:00+00:00, run_after=2026-01-10 00:00:00+00:00
[2026-01-10T03:07:15.100+0000] {processor.py:183} INFO - Processing /opt/airflow/dags/example_dag.py took 0.101 seconds
[2026-01-10T03:41:56.081+0000] {processor.py:161} INFO - Started process (PID=68470) to work on /opt/airflow/dags/example_dag.py
[2026-01-10T03:41:56.083+0000] {processor.py:830} INFO - Processing file /opt/airflow/dags/example_dag.py for tasks to queue
[2026-01-10T03:41:56.084+0000] {logging_mixin.py:188} INFO - [2026-01-10T03:41:56.084+0000] {dagbag.py:538} INFO - Filling up the DagBag from /opt/airflow/dags/example_dag.py
[2026-01-10T03:41:56.099+0000] {processor.py:840} INFO - DAG(s) 'fintech_example' retrieved from /opt/airflow/dags/example_dag.py
[2026-01-10T03:41:56.120+0000] {logging_mixin.py:188} INFO - [2026-01-10T03:41:56.120+0000] {dag.py:3036} INFO - Sync 1 DAGs
[2026-01-10T03:41:56.133+0000] {logging_mixin.py:188} INFO - [2026-01-10T03:41:56.133+0000] {dag.py:3823} INFO - Setting next_dagrun for fintech_example to 2026-01-09 00:00:00+00:00, run_after=2026-01-10 00:00:00+00:00
[2026-01-10T03:41:56.141+0000] {processor.py:183} INFO - Processing /opt/airflow/dags/example_dag.py took 0.064 seconds
[2026-01-10T04:08:11.689+0000] {processor.py:161} INFO - Started process (PID=68496) to work on /opt/airflow/dags/example_dag.py
[2026-01-10T04:08:11.690+0000] {processor.py:830} INFO - Processing file /opt/airflow/dags/example_dag.py for tasks to queue
[2026-01-10T04:08:11.691+0000] {logging_mixin.py:188} INFO - [2026-01-10T04:08:11.691+0000] {dagbag.py:538} INFO - Filling up the DagBag from /opt/airflow/dags/example_dag.py
[2026-01-10T04:08:11.706+0000] {processor.py:840} INFO - DAG(s) 'fintech_example' retrieved from /opt/airflow/dags/example_dag.py
[2026-01-10T04:08:11.773+0000] {logging_mixin.py:188} INFO - [2026-01-10T04:08:11.773+0000] {dag.py:3036} INFO - Sync 1 DAGs
[2026-01-10T04:08:12.238+0000] {logging_mixin.py:188} INFO - [2026-01-10T04:08:12.238+0000] {dag.py:3823} INFO - Setting next_dagrun for fintech_example to 2026-01-09 00:00:00+00:00, run_after=2026-01-10 00:00:00+00:00
[2026-01-10T04:08:12.250+0000] {processor.py:183} INFO - Processing /opt/airflow/dags/example_dag.py took 0.565 seconds
[2026-01-10T04:40:37.735+0000] {processor.py:161} INFO - Started process (PID=68520) to work on /opt/airflow/dags/example_dag.py
[2026-01-10T04:40:37.736+0000] {processor.py:830} INFO - Processing file /opt/airflow/dags/example_dag.py for tasks to queue
[2026-01-10T04:40:37.736+0000] {logging_mixin.py:188} INFO - [2026-01-10T04:40:37.736+0000] {dagbag.py:538} INFO - Filling up the DagBag from /opt/airflow/dags/example_dag.py
[2026-01-10T04:40:37.743+0000] {processor.py:840} INFO - DAG(s) 'fintech_example' retrieved from /opt/airflow/dags/example_dag.py
[2026-01-10T04:40:37.759+0000] {logging_mixin.py:188} INFO - [2026-01-10T04:40:37.759+0000] {dag.py:3036} INFO - Sync 1 DAGs
[2026-01-10T04:40:37.769+0000] {logging_mixin.py:188} INFO - [2026-01-10T04:40:37.769+0000] {dag.py:3823} INFO - Setting next_dagrun for fintech_example to 2026-01-09 00:00:00+00:00, run_after=2026-01-10 00:00:00+00:00
[2026-01-10T04:40:37.776+0000] {processor.py:183} INFO - Processing /opt/airflow/dags/example_dag.py took 0.043 seconds
[2026-01-10T05:09:08.868+0000] {processor.py:161} INFO - Started process (PID=68546) to work on /opt/airflow/dags/example_dag.py
[2026-01-10T05:09:08.873+0000] {processor.py:830} INFO - Processing file /opt/airflow/dags/example_dag.py for tasks to queue
[2026-01-10T05:09:08.875+0000] {logging_mixin.py:188} INFO - [2026-01-10T05:09:08.874+0000] {dagbag.py:538} INFO - Filling up the DagBag from /opt/airflow/dags/example_dag.py
[2026-01-10T05:09:08.895+0000] {processor.py:840} INFO - DAG(s) 'fintech_example' retrieved from /opt/airflow/dags/example_dag.py
[2026-01-10T05:09:09.116+0000] {logging_mixin.py:188} INFO - [2026-01-10T05:09:09.115+0000] {dag.py:3036} INFO - Sync 1 DAGs
[2026-01-10T05:09:09.144+0000] {logging_mixin.py:188} INFO - [2026-01-10T05:09:09.144+0000] {dag.py:3823} INFO - Setting next_dagrun for fintech_example to 2026-01-09 00:00:00+00:00, run_after=2026-01-10 00:00:00+00:00
[2026-01-10T05:09:09.160+0000] {processor.py:183} INFO - Processing /opt/airflow/dags/example_dag.py took 0.302 seconds
[2026-01-10T05:26:07.825+0000] {processor.py:161} INFO - Started process (PID=68574) to work on /opt/airflow/dags/example_dag.py
[2026-01-10T05:26:07.826+0000] {processor.py:830} INFO - Processing file /opt/airflow/dags/example_dag.py for tasks to queue
[2026-01-10T05:26:07.826+0000] {logging_mixin.py:188} INFO - [2026-01-10T05:26:07.826+0000] {dagbag.py:538} INFO - Filling up the DagBag from /opt/airflow/dags/example_dag.py
[2026-01-10T05:26:07.837+0000] {processor.py:840} INFO - DAG(s) 'fintech_example' retrieved from /opt/airflow/dags/example_dag.py
[2026-01-10T05:26:07.854+0000] {logging_mixin.py:188} INFO - [2026-01-10T05:26:07.854+0000] {dag.py:3036} INFO - Sync 1 DAGs
[2026-01-10T05:26:07.994+0000] {logging_mixin.py:188} INFO - [2026-01-10T05:26:07.994+0000] {dag.py:3823} INFO - Setting next_dagrun for fintech_example to 2026-01-09 00:00:00+00:00, run_after=2026-01-10 00:00:00+00:00
[2026-01-10T05:26:08.004+0000] {processor.py:183} INFO - Processing /opt/airflow/dags/example_dag.py took 0.181 seconds
[2026-01-10T06:10:06.298+0000] {processor.py:161} INFO - Started process (PID=68598) to work on /opt/airflow/dags/example_dag.py
[2026-01-10T06:10:06.299+0000] {processor.py:830} INFO - Processing file /opt/airflow/dags/example_dag.py for tasks to queue
[2026-01-10T06:10:06.300+0000] {logging_mixin.py:188} INFO - [2026-01-10T06:10:06.299+0000] {dagbag.py:538} INFO - Filling up the DagBag from /opt/airflow/dags/example_dag.py
[2026-01-10T06:10:06.306+0000] {processor.py:840} INFO - DAG(s) 'fintech_example' retrieved from /opt/airflow/dags/example_dag.py
[2026-01-10T06:10:06.324+0000] {logging_mixin.py:188} INFO - [2026-01-10T06:10:06.324+0000] {dag.py:3036} INFO - Sync 1 DAGs
[2026-01-10T06:10:06.340+0000] {logging_mixin.py:188} INFO - [2026-01-10T06:10:06.340+0000] {dag.py:3823} INFO - Setting next_dagrun for fintech_example to 2026-01-09 00:00:00+00:00, run_after=2026-01-10 00:00:00+00:00
[2026-01-10T06:10:06.351+0000] {processor.py:183} INFO - Processing /opt/airflow/dags/example_dag.py took 0.055 seconds
[2026-01-10T06:25:55.176+0000] {processor.py:161} INFO - Started process (PID=68616) to work on /opt/airflow/dags/example_dag.py
[2026-01-10T06:25:55.177+0000] {processor.py:830} INFO - Processing file /opt/airflow/dags/example_dag.py for tasks to queue
[2026-01-10T06:25:55.178+0000] {logging_mixin.py:188} INFO - [2026-01-10T06:25:55.178+0000] {dagbag.py:538} INFO - Filling up the DagBag from /opt/airflow/dags/example_dag.py
[2026-01-10T06:25:55.198+0000] {processor.py:840} INFO - DAG(s) 'fintech_example' retrieved from /opt/airflow/dags/example_dag.py
[2026-01-10T06:25:55.249+0000] {logging_mixin.py:188} INFO - [2026-01-10T06:25:55.248+0000] {dag.py:3036} INFO - Sync 1 DAGs
[2026-01-10T06:25:55.284+0000] {logging_mixin.py:188} INFO - [2026-01-10T06:25:55.284+0000] {dag.py:3823} INFO - Setting next_dagrun for fintech_example to 2026-01-09 00:00:00+00:00, run_after=2026-01-10 00:00:00+00:00
[2026-01-10T06:25:55.315+0000] {processor.py:183} INFO - Processing /opt/airflow/dags/example_dag.py took 0.142 seconds
[2026-01-10T06:47:04.319+0000] {processor.py:161} INFO - Started process (PID=68646) to work on /opt/airflow/dags/example_dag.py
[2026-01-10T06:47:04.320+0000] {processor.py:830} INFO - Processing file /opt/airflow/dags/example_dag.py for tasks to queue
[2026-01-10T06:47:04.321+0000] {logging_mixin.py:188} INFO - [2026-01-10T06:47:04.320+0000] {dagbag.py:538} INFO - Filling up the DagBag from /opt/airflow/dags/example_dag.py
[2026-01-10T06:47:04.330+0000] {processor.py:840} INFO - DAG(s) 'fintech_example' retrieved from /opt/airflow/dags/example_dag.py
[2026-01-10T06:47:04.355+0000] {logging_mixin.py:188} INFO - [2026-01-10T06:47:04.355+0000] {dag.py:3036} INFO - Sync 1 DAGs
[2026-01-10T06:47:04.380+0000] {logging_mixin.py:188} INFO - [2026-01-10T06:47:04.380+0000] {dag.py:3823} INFO - Setting next_dagrun for fintech_example to 2026-01-09 00:00:00+00:00, run_after=2026-01-10 00:00:00+00:00
[2026-01-10T06:47:04.398+0000] {processor.py:183} INFO - Processing /opt/airflow/dags/example_dag.py took 0.083 seconds
[2026-01-10T07:02:41.123+0000] {processor.py:161} INFO - Started process (PID=68666) to work on /opt/airflow/dags/example_dag.py
[2026-01-10T07:02:41.126+0000] {processor.py:830} INFO - Processing file /opt/airflow/dags/example_dag.py for tasks to queue
[2026-01-10T07:02:41.128+0000] {logging_mixin.py:188} INFO - [2026-01-10T07:02:41.128+0000] {dagbag.py:538} INFO - Filling up the DagBag from /opt/airflow/dags/example_dag.py
[2026-01-10T07:02:41.159+0000] {processor.py:840} INFO - DAG(s) 'fintech_example' retrieved from /opt/airflow/dags/example_dag.py
[2026-01-10T07:02:41.198+0000] {logging_mixin.py:188} INFO - [2026-01-10T07:02:41.198+0000] {dag.py:3036} INFO - Sync 1 DAGs
[2026-01-10T07:02:41.227+0000] {logging_mixin.py:188} INFO - [2026-01-10T07:02:41.227+0000] {dag.py:3823} INFO - Setting next_dagrun for fintech_example to 2026-01-09 00:00:00+00:00, run_after=2026-01-10 00:00:00+00:00
[2026-01-10T07:02:41.251+0000] {processor.py:183} INFO - Processing /opt/airflow/dags/example_dag.py took 0.131 seconds
[2026-01-10T07:11:15.556+0000] {processor.py:161} INFO - Started process (PID=68690) to work on /opt/airflow/dags/example_dag.py
[2026-01-10T07:11:15.558+0000] {processor.py:830} INFO - Processing file /opt/airflow/dags/example_dag.py for tasks to queue
[2026-01-10T07:11:15.559+0000] {logging_mixin.py:188} INFO - [2026-01-10T07:11:15.559+0000] {dagbag.py:538} INFO - Filling up the DagBag from /opt/airflow/dags/example_dag.py
[2026-01-10T07:11:15.579+0000] {processor.py:840} INFO - DAG(s) 'fintech_example' retrieved from /opt/airflow/dags/example_dag.py
[2026-01-10T07:11:15.621+0000] {logging_mixin.py:188} INFO - [2026-01-10T07:11:15.620+0000] {dag.py:3036} INFO - Sync 1 DAGs
[2026-01-10T07:11:15.650+0000] {logging_mixin.py:188} INFO - [2026-01-10T07:11:15.649+0000] {dag.py:3823} INFO - Setting next_dagrun for fintech_example to 2026-01-09 00:00:00+00:00, run_after=2026-01-10 00:00:00+00:00
[2026-01-10T07:11:15.674+0000] {processor.py:183} INFO - Processing /opt/airflow/dags/example_dag.py took 0.122 seconds
[2026-01-10T08:02:13.773+0000] {processor.py:161} INFO - Started process (PID=68714) to work on /opt/airflow/dags/example_dag.py
[2026-01-10T08:02:13.776+0000] {processor.py:830} INFO - Processing file /opt/airflow/dags/example_dag.py for tasks to queue
[2026-01-10T08:02:13.776+0000] {logging_mixin.py:188} INFO - [2026-01-10T08:02:13.776+0000] {dagbag.py:538} INFO - Filling up the DagBag from /opt/airflow/dags/example_dag.py
[2026-01-10T08:02:13.792+0000] {processor.py:840} INFO - DAG(s) 'fintech_example' retrieved from /opt/airflow/dags/example_dag.py
[2026-01-10T08:02:13.840+0000] {logging_mixin.py:188} INFO - [2026-01-10T08:02:13.839+0000] {dag.py:3036} INFO - Sync 1 DAGs
[2026-01-10T08:02:13.872+0000] {logging_mixin.py:188} INFO - [2026-01-10T08:02:13.871+0000] {dag.py:3823} INFO - Setting next_dagrun for fintech_example to 2026-01-09 00:00:00+00:00, run_after=2026-01-10 00:00:00+00:00
[2026-01-10T08:02:13.891+0000] {processor.py:183} INFO - Processing /opt/airflow/dags/example_dag.py took 0.125 seconds
[2026-01-10T08:12:12.325+0000] {processor.py:161} INFO - Started process (PID=68738) to work on /opt/airflow/dags/example_dag.py
[2026-01-10T08:12:12.326+0000] {processor.py:830} INFO - Processing file /opt/airflow/dags/example_dag.py for tasks to queue
[2026-01-10T08:12:12.328+0000] {logging_mixin.py:188} INFO - [2026-01-10T08:12:12.327+0000] {dagbag.py:538} INFO - Filling up the DagBag from /opt/airflow/dags/example_dag.py
[2026-01-10T08:12:12.342+0000] {processor.py:840} INFO - DAG(s) 'fintech_example' retrieved from /opt/airflow/dags/example_dag.py
[2026-01-10T08:12:12.375+0000] {logging_mixin.py:188} INFO - [2026-01-10T08:12:12.375+0000] {dag.py:3036} INFO - Sync 1 DAGs
[2026-01-10T08:12:12.395+0000] {logging_mixin.py:188} INFO - [2026-01-10T08:12:12.395+0000] {dag.py:3823} INFO - Setting next_dagrun for fintech_example to 2026-01-09 00:00:00+00:00, run_after=2026-01-10 00:00:00+00:00
[2026-01-10T08:12:12.422+0000] {processor.py:183} INFO - Processing /opt/airflow/dags/example_dag.py took 0.101 seconds
[2026-01-10T08:47:40.848+0000] {processor.py:161} INFO - Started process (PID=68762) to work on /opt/airflow/dags/example_dag.py
[2026-01-10T08:47:40.849+0000] {processor.py:830} INFO - Processing file /opt/airflow/dags/example_dag.py for tasks to queue
[2026-01-10T08:47:40.849+0000] {logging_mixin.py:188} INFO - [2026-01-10T08:47:40.849+0000] {dagbag.py:538} INFO - Filling up the DagBag from /opt/airflow/dags/example_dag.py
[2026-01-10T08:47:40.855+0000] {processor.py:840} INFO - DAG(s) 'fintech_example' retrieved from /opt/airflow/dags/example_dag.py
[2026-01-10T08:47:40.871+0000] {logging_mixin.py:188} INFO - [2026-01-10T08:47:40.870+0000] {dag.py:3036} INFO - Sync 1 DAGs
[2026-01-10T08:47:40.881+0000] {logging_mixin.py:188} INFO - [2026-01-10T08:47:40.881+0000] {dag.py:3823} INFO - Setting next_dagrun for fintech_example to 2026-01-09 00:00:00+00:00, run_after=2026-01-10 00:00:00+00:00
[2026-01-10T08:47:40.888+0000] {processor.py:183} INFO - Processing /opt/airflow/dags/example_dag.py took 0.043 seconds
[2026-01-10T09:13:09.335+0000] {processor.py:161} INFO - Started process (PID=68788) to work on /opt/airflow/dags/example_dag.py
[2026-01-10T09:13:09.338+0000] {processor.py:830} INFO - Processing file /opt/airflow/dags/example_dag.py for tasks to queue
[2026-01-10T09:13:09.341+0000] {logging_mixin.py:188} INFO - [2026-01-10T09:13:09.340+0000] {dagbag.py:538} INFO - Filling up the DagBag from /opt/airflow/dags/example_dag.py
[2026-01-10T09:13:09.361+0000] {processor.py:840} INFO - DAG(s) 'fintech_example' retrieved from /opt/airflow/dags/example_dag.py
[2026-01-10T09:13:09.411+0000] {logging_mixin.py:188} INFO - [2026-01-10T09:13:09.411+0000] {dag.py:3036} INFO - Sync 1 DAGs
[2026-01-10T09:13:09.451+0000] {logging_mixin.py:188} INFO - [2026-01-10T09:13:09.451+0000] {dag.py:3823} INFO - Setting next_dagrun for fintech_example to 2026-01-09 00:00:00+00:00, run_after=2026-01-10 00:00:00+00:00
[2026-01-10T09:13:09.483+0000] {processor.py:183} INFO - Processing /opt/airflow/dags/example_dag.py took 0.158 seconds
[2026-01-10T09:45:55.244+0000] {processor.py:161} INFO - Started process (PID=68816) to work on /opt/airflow/dags/example_dag.py
[2026-01-10T09:45:55.251+0000] {processor.py:830} INFO - Processing file /opt/airflow/dags/example_dag.py for tasks to queue
[2026-01-10T09:45:55.252+0000] {logging_mixin.py:188} INFO - [2026-01-10T09:45:55.252+0000] {dagbag.py:538} INFO - Filling up the DagBag from /opt/airflow/dags/example_dag.py
[2026-01-10T09:45:55.265+0000] {processor.py:840} INFO - DAG(s) 'fintech_example' retrieved from /opt/airflow/dags/example_dag.py
[2026-01-10T09:45:55.310+0000] {logging_mixin.py:188} INFO - [2026-01-10T09:45:55.309+0000] {dag.py:3036} INFO - Sync 1 DAGs
[2026-01-10T09:45:55.342+0000] {logging_mixin.py:188} INFO - [2026-01-10T09:45:55.342+0000] {dag.py:3823} INFO - Setting next_dagrun for fintech_example to 2026-01-09 00:00:00+00:00, run_after=2026-01-10 00:00:00+00:00
[2026-01-10T09:45:55.363+0000] {processor.py:183} INFO - Processing /opt/airflow/dags/example_dag.py took 0.128 seconds
[2026-01-10T10:14:06.161+0000] {processor.py:161} INFO - Started process (PID=68838) to work on /opt/airflow/dags/example_dag.py
[2026-01-10T10:14:06.162+0000] {processor.py:830} INFO - Processing file /opt/airflow/dags/example_dag.py for tasks to queue
[2026-01-10T10:14:06.162+0000] {logging_mixin.py:188} INFO - [2026-01-10T10:14:06.162+0000] {dagbag.py:538} INFO - Filling up the DagBag from /opt/airflow/dags/example_dag.py
[2026-01-10T10:14:06.167+0000] {processor.py:840} INFO - DAG(s) 'fintech_example' retrieved from /opt/airflow/dags/example_dag.py
[2026-01-10T10:14:06.180+0000] {logging_mixin.py:188} INFO - [2026-01-10T10:14:06.180+0000] {dag.py:3036} INFO - Sync 1 DAGs
[2026-01-10T10:14:06.190+0000] {logging_mixin.py:188} INFO - [2026-01-10T10:14:06.190+0000] {dag.py:3823} INFO - Setting next_dagrun for fintech_example to 2026-01-09 00:00:00+00:00, run_after=2026-01-10 00:00:00+00:00
[2026-01-10T10:14:06.198+0000] {processor.py:183} INFO - Processing /opt/airflow/dags/example_dag.py took 0.039 seconds
[2026-01-10T10:26:48.403+0000] {processor.py:161} INFO - Started process (PID=68862) to work on /opt/airflow/dags/example_dag.py
[2026-01-10T10:26:48.406+0000] {processor.py:830} INFO - Processing file /opt/airflow/dags/example_dag.py for tasks to queue
[2026-01-10T10:26:48.411+0000] {logging_mixin.py:188} INFO - [2026-01-10T10:26:48.408+0000] {dagbag.py:538} INFO - Filling up the DagBag from /opt/airflow/dags/example_dag.py
[2026-01-10T10:26:48.429+0000] {processor.py:840} INFO - DAG(s) 'fintech_example' retrieved from /opt/airflow/dags/example_dag.py
[2026-01-10T10:26:48.495+0000] {logging_mixin.py:188} INFO - [2026-01-10T10:26:48.495+0000] {dag.py:3036} INFO - Sync 1 DAGs
[2026-01-10T10:26:48.542+0000] {logging_mixin.py:188} INFO - [2026-01-10T10:26:48.542+0000] {dag.py:3823} INFO - Setting next_dagrun for fintech_example to 2026-01-09 00:00:00+00:00, run_after=2026-01-10 00:00:00+00:00
[2026-01-10T10:26:48.578+0000] {processor.py:183} INFO - Processing /opt/airflow/dags/example_dag.py took 0.179 seconds
[2026-01-10T10:27:18.929+0000] {processor.py:161} INFO - Started process (PID=68886) to work on /opt/airflow/dags/example_dag.py
[2026-01-10T10:27:18.929+0000] {processor.py:830} INFO - Processing file /opt/airflow/dags/example_dag.py for tasks to queue
[2026-01-10T10:27:18.931+0000] {logging_mixin.py:188} INFO - [2026-01-10T10:27:18.930+0000] {dagbag.py:538} INFO - Filling up the DagBag from /opt/airflow/dags/example_dag.py
[2026-01-10T10:27:18.937+0000] {processor.py:840} INFO - DAG(s) 'fintech_example' retrieved from /opt/airflow/dags/example_dag.py
[2026-01-10T10:27:18.952+0000] {logging_mixin.py:188} INFO - [2026-01-10T10:27:18.952+0000] {dag.py:3036} INFO - Sync 1 DAGs
[2026-01-10T10:27:18.963+0000] {logging_mixin.py:188} INFO - [2026-01-10T10:27:18.962+0000] {dag.py:3823} INFO - Setting next_dagrun for fintech_example to 2026-01-09 00:00:00+00:00, run_after=2026-01-10 00:00:00+00:00
[2026-01-10T10:27:18.970+0000] {processor.py:183} INFO - Processing /opt/airflow/dags/example_dag.py took 0.048 seconds
[2026-01-10T11:14:52.617+0000] {processor.py:161} INFO - Started process (PID=68912) to work on /opt/airflow/dags/example_dag.py
[2026-01-10T11:14:52.619+0000] {processor.py:830} INFO - Processing file /opt/airflow/dags/example_dag.py for tasks to queue
[2026-01-10T11:14:52.620+0000] {logging_mixin.py:188} INFO - [2026-01-10T11:14:52.620+0000] {dagbag.py:538} INFO - Filling up the DagBag from /opt/airflow/dags/example_dag.py
[2026-01-10T11:14:52.645+0000] {processor.py:840} INFO - DAG(s) 'fintech_example' retrieved from /opt/airflow/dags/example_dag.py
[2026-01-10T11:14:52.711+0000] {logging_mixin.py:188} INFO - [2026-01-10T11:14:52.711+0000] {dag.py:3036} INFO - Sync 1 DAGs
[2026-01-10T11:14:52.761+0000] {logging_mixin.py:188} INFO - [2026-01-10T11:14:52.760+0000] {dag.py:3823} INFO - Setting next_dagrun for fintech_example to 2026-01-09 00:00:00+00:00, run_after=2026-01-10 00:00:00+00:00
[2026-01-10T11:14:53.005+0000] {processor.py:183} INFO - Processing /opt/airflow/dags/example_dag.py took 0.397 seconds
[2026-01-10T11:15:23.108+0000] {processor.py:161} INFO - Started process (PID=68932) to work on /opt/airflow/dags/example_dag.py
[2026-01-10T11:15:23.109+0000] {processor.py:830} INFO - Processing file /opt/airflow/dags/example_dag.py for tasks to queue
[2026-01-10T11:15:23.110+0000] {logging_mixin.py:188} INFO - [2026-01-10T11:15:23.110+0000] {dagbag.py:538} INFO - Filling up the DagBag from /opt/airflow/dags/example_dag.py
[2026-01-10T11:15:23.116+0000] {processor.py:840} INFO - DAG(s) 'fintech_example' retrieved from /opt/airflow/dags/example_dag.py
[2026-01-10T11:15:23.131+0000] {logging_mixin.py:188} INFO - [2026-01-10T11:15:23.131+0000] {dag.py:3036} INFO - Sync 1 DAGs
[2026-01-10T11:15:23.141+0000] {logging_mixin.py:188} INFO - [2026-01-10T11:15:23.141+0000] {dag.py:3823} INFO - Setting next_dagrun for fintech_example to 2026-01-09 00:00:00+00:00, run_after=2026-01-10 00:00:00+00:00
[2026-01-10T11:15:23.149+0000] {processor.py:183} INFO - Processing /opt/airflow/dags/example_dag.py took 0.044 seconds
[2026-01-10T12:15:48.771+0000] {processor.py:161} INFO - Started process (PID=68952) to work on /opt/airflow/dags/example_dag.py
[2026-01-10T12:15:48.772+0000] {processor.py:830} INFO - Processing file /opt/airflow/dags/example_dag.py for tasks to queue
[2026-01-10T12:15:48.772+0000] {logging_mixin.py:188} INFO - [2026-01-10T12:15:48.772+0000] {dagbag.py:538} INFO - Filling up the DagBag from /opt/airflow/dags/example_dag.py
[2026-01-10T12:15:48.778+0000] {processor.py:840} INFO - DAG(s) 'fintech_example' retrieved from /opt/airflow/dags/example_dag.py
[2026-01-10T12:15:48.791+0000] {logging_mixin.py:188} INFO - [2026-01-10T12:15:48.791+0000] {dag.py:3036} INFO - Sync 1 DAGs
[2026-01-10T12:15:48.801+0000] {logging_mixin.py:188} INFO - [2026-01-10T12:15:48.801+0000] {dag.py:3823} INFO - Setting next_dagrun for fintech_example to 2026-01-09 00:00:00+00:00, run_after=2026-01-10 00:00:00+00:00
[2026-01-10T12:15:48.808+0000] {processor.py:183} INFO - Processing /opt/airflow/dags/example_dag.py took 0.039 seconds
[2026-01-10T12:16:19.369+0000] {processor.py:161} INFO - Started process (PID=68976) to work on /opt/airflow/dags/example_dag.py
[2026-01-10T12:16:19.370+0000] {processor.py:830} INFO - Processing file /opt/airflow/dags/example_dag.py for tasks to queue
[2026-01-10T12:16:19.371+0000] {logging_mixin.py:188} INFO - [2026-01-10T12:16:19.370+0000] {dagbag.py:538} INFO - Filling up the DagBag from /opt/airflow/dags/example_dag.py
[2026-01-10T12:16:19.377+0000] {processor.py:840} INFO - DAG(s) 'fintech_example' retrieved from /opt/airflow/dags/example_dag.py
[2026-01-10T12:16:19.398+0000] {logging_mixin.py:188} INFO - [2026-01-10T12:16:19.398+0000] {dag.py:3036} INFO - Sync 1 DAGs
[2026-01-10T12:16:19.409+0000] {logging_mixin.py:188} INFO - [2026-01-10T12:16:19.409+0000] {dag.py:3823} INFO - Setting next_dagrun for fintech_example to 2026-01-09 00:00:00+00:00, run_after=2026-01-10 00:00:00+00:00
[2026-01-10T12:16:19.418+0000] {processor.py:183} INFO - Processing /opt/airflow/dags/example_dag.py took 0.051 seconds
[2026-01-10T13:03:11.375+0000] {processor.py:161} INFO - Started process (PID=69002) to work on /opt/airflow/dags/example_dag.py
[2026-01-10T13:03:11.377+0000] {processor.py:830} INFO - Processing file /opt/airflow/dags/example_dag.py for tasks to queue
[2026-01-10T13:03:11.381+0000] {logging_mixin.py:188} INFO - [2026-01-10T13:03:11.378+0000] {dagbag.py:538} INFO - Filling up the DagBag from /opt/airflow/dags/example_dag.py
[2026-01-10T13:03:11.414+0000] {processor.py:840} INFO - DAG(s) 'fintech_example' retrieved from /opt/airflow/dags/example_dag.py
[2026-01-10T13:03:11.443+0000] {logging_mixin.py:188} INFO - [2026-01-10T13:03:11.442+0000] {dag.py:3036} INFO - Sync 1 DAGs
[2026-01-10T13:03:11.463+0000] {logging_mixin.py:188} INFO - [2026-01-10T13:03:11.463+0000] {dag.py:3823} INFO - Setting next_dagrun for fintech_example to 2026-01-09 00:00:00+00:00, run_after=2026-01-10 00:00:00+00:00
[2026-01-10T13:03:11.472+0000] {processor.py:183} INFO - Processing /opt/airflow/dags/example_dag.py took 0.100 seconds
[2026-01-10T13:17:15.892+0000] {processor.py:161} INFO - Started process (PID=69022) to work on /opt/airflow/dags/example_dag.py
[2026-01-10T13:17:15.897+0000] {processor.py:830} INFO - Processing file /opt/airflow/dags/example_dag.py for tasks to queue
[2026-01-10T13:17:15.908+0000] {logging_mixin.py:188} INFO - [2026-01-10T13:17:15.904+0000] {dagbag.py:538} INFO - Filling up the DagBag from /opt/airflow/dags/example_dag.py
[2026-01-10T13:17:15.938+0000] {processor.py:840} INFO - DAG(s) 'fintech_example' retrieved from /opt/airflow/dags/example_dag.py
[2026-01-10T13:17:15.994+0000] {logging_mixin.py:188} INFO - [2026-01-10T13:17:15.994+0000] {dag.py:3036} INFO - Sync 1 DAGs
[2026-01-10T13:17:16.017+0000] {logging_mixin.py:188} INFO - [2026-01-10T13:17:16.016+0000] {dag.py:3823} INFO - Setting next_dagrun for fintech_example to 2026-01-09 00:00:00+00:00, run_after=2026-01-10 00:00:00+00:00
[2026-01-10T13:17:16.042+0000] {processor.py:183} INFO - Processing /opt/airflow/dags/example_dag.py took 0.163 seconds
[2026-01-10T14:09:04.187+0000] {processor.py:161} INFO - Started process (PID=69046) to work on /opt/airflow/dags/example_dag.py
[2026-01-10T14:09:04.189+0000] {processor.py:830} INFO - Processing file /opt/airflow/dags/example_dag.py for tasks to queue
[2026-01-10T14:09:04.192+0000] {logging_mixin.py:188} INFO - [2026-01-10T14:09:04.192+0000] {dagbag.py:538} INFO - Filling up the DagBag from /opt/airflow/dags/example_dag.py
[2026-01-10T14:09:04.209+0000] {processor.py:840} INFO - DAG(s) 'fintech_example' retrieved from /opt/airflow/dags/example_dag.py
[2026-01-10T14:09:04.259+0000] {logging_mixin.py:188} INFO - [2026-01-10T14:09:04.259+0000] {dag.py:3036} INFO - Sync 1 DAGs
[2026-01-10T14:09:04.294+0000] {logging_mixin.py:188} INFO - [2026-01-10T14:09:04.294+0000] {dag.py:3823} INFO - Setting next_dagrun for fintech_example to 2026-01-09 00:00:00+00:00, run_after=2026-01-10 00:00:00+00:00
[2026-01-10T14:09:04.338+0000] {processor.py:183} INFO - Processing /opt/airflow/dags/example_dag.py took 0.155 seconds
[2026-01-10T14:18:12.568+0000] {processor.py:161} INFO - Started process (PID=69070) to work on /opt/airflow/dags/example_dag.py
[2026-01-10T14:18:12.573+0000] {processor.py:830} INFO - Processing file /opt/airflow/dags/example_dag.py for tasks to queue
[2026-01-10T14:18:12.575+0000] {logging_mixin.py:188} INFO - [2026-01-10T14:18:12.574+0000] {dagbag.py:538} INFO - Filling up the DagBag from /opt/airflow/dags/example_dag.py
[2026-01-10T14:18:12.591+0000] {processor.py:840} INFO - DAG(s) 'fintech_example' retrieved from /opt/airflow/dags/example_dag.py
[2026-01-10T14:18:12.635+0000] {logging_mixin.py:188} INFO - [2026-01-10T14:18:12.635+0000] {dag.py:3036} INFO - Sync 1 DAGs
[2026-01-10T14:18:12.668+0000] {logging_mixin.py:188} INFO - [2026-01-10T14:18:12.668+0000] {dag.py:3823} INFO - Setting next_dagrun for fintech_example to 2026-01-09 00:00:00+00:00, run_after=2026-01-10 00:00:00+00:00
[2026-01-10T14:18:12.694+0000] {processor.py:183} INFO - Processing /opt/airflow/dags/example_dag.py took 0.132 seconds
[2026-01-10T14:51:27.186+0000] {processor.py:161} INFO - Started process (PID=69094) to work on /opt/airflow/dags/example_dag.py
[2026-01-10T14:51:27.189+0000] {processor.py:830} INFO - Processing file /opt/airflow/dags/example_dag.py for tasks to queue
[2026-01-10T14:51:27.196+0000] {logging_mixin.py:188} INFO - [2026-01-10T14:51:27.191+0000] {dagbag.py:538} INFO - Filling up the DagBag from /opt/airflow/dags/example_dag.py
[2026-01-10T14:51:27.228+0000] {processor.py:840} INFO - DAG(s) 'fintech_example' retrieved from /opt/airflow/dags/example_dag.py
[2026-01-10T14:51:27.278+0000] {logging_mixin.py:188} INFO - [2026-01-10T14:51:27.278+0000] {dag.py:3036} INFO - Sync 1 DAGs
[2026-01-10T14:51:27.333+0000] {logging_mixin.py:188} INFO - [2026-01-10T14:51:27.333+0000] {dag.py:3823} INFO - Setting next_dagrun for fintech_example to 2026-01-09 00:00:00+00:00, run_after=2026-01-10 00:00:00+00:00
[2026-01-10T14:51:27.366+0000] {processor.py:183} INFO - Processing /opt/airflow/dags/example_dag.py took 0.184 seconds
[2026-01-10T15:00:10.405+0000] {processor.py:161} INFO - Started process (PID=69118) to work on /opt/airflow/dags/example_dag.py
[2026-01-10T15:00:10.406+0000] {processor.py:830} INFO - Processing file /opt/airflow/dags/example_dag.py for tasks to queue
[2026-01-10T15:00:10.407+0000] {logging_mixin.py:188} INFO - [2026-01-10T15:00:10.406+0000] {dagbag.py:538} INFO - Filling up the DagBag from /opt/airflow/dags/example_dag.py
[2026-01-10T15:00:10.413+0000] {processor.py:840} INFO - DAG(s) 'fintech_example' retrieved from /opt/airflow/dags/example_dag.py
[2026-01-10T15:00:10.430+0000] {logging_mixin.py:188} INFO - [2026-01-10T15:00:10.430+0000] {dag.py:3036} INFO - Sync 1 DAGs
[2026-01-10T15:00:10.443+0000] {logging_mixin.py:188} INFO - [2026-01-10T15:00:10.442+0000] {dag.py:3823} INFO - Setting next_dagrun for fintech_example to 2026-01-09 00:00:00+00:00, run_after=2026-01-10 00:00:00+00:00
[2026-01-10T15:00:10.451+0000] {processor.py:183} INFO - Processing /opt/airflow/dags/example_dag.py took 0.050 seconds
[2026-01-10T15:16:25.225+0000] {processor.py:161} INFO - Started process (PID=69145) to work on /opt/airflow/dags/example_dag.py
[2026-01-10T15:16:25.227+0000] {processor.py:830} INFO - Processing file /opt/airflow/dags/example_dag.py for tasks to queue
[2026-01-10T15:16:25.228+0000] {logging_mixin.py:188} INFO - [2026-01-10T15:16:25.228+0000] {dagbag.py:538} INFO - Filling up the DagBag from /opt/airflow/dags/example_dag.py
[2026-01-10T15:16:25.245+0000] {processor.py:840} INFO - DAG(s) 'fintech_example' retrieved from /opt/airflow/dags/example_dag.py
[2026-01-10T15:16:25.291+0000] {logging_mixin.py:188} INFO - [2026-01-10T15:16:25.291+0000] {dag.py:3036} INFO - Sync 1 DAGs
[2026-01-10T15:16:25.328+0000] {logging_mixin.py:188} INFO - [2026-01-10T15:16:25.328+0000] {dag.py:3823} INFO - Setting next_dagrun for fintech_example to 2026-01-09 00:00:00+00:00, run_after=2026-01-10 00:00:00+00:00
[2026-01-10T15:16:25.361+0000] {processor.py:183} INFO - Processing /opt/airflow/dags/example_dag.py took 0.145 seconds
[2026-01-10T15:19:01.874+0000] {processor.py:161} INFO - Started process (PID=69167) to work on /opt/airflow/dags/example_dag.py
[2026-01-10T15:19:01.876+0000] {processor.py:830} INFO - Processing file /opt/airflow/dags/example_dag.py for tasks to queue
[2026-01-10T15:19:01.877+0000] {logging_mixin.py:188} INFO - [2026-01-10T15:19:01.877+0000] {dagbag.py:538} INFO - Filling up the DagBag from /opt/airflow/dags/example_dag.py
[2026-01-10T15:19:01.895+0000] {processor.py:840} INFO - DAG(s) 'fintech_example' retrieved from /opt/airflow/dags/example_dag.py
[2026-01-10T15:19:01.936+0000] {logging_mixin.py:188} INFO - [2026-01-10T15:19:01.936+0000] {dag.py:3036} INFO - Sync 1 DAGs
[2026-01-10T15:19:01.960+0000] {logging_mixin.py:188} INFO - [2026-01-10T15:19:01.960+0000] {dag.py:3823} INFO - Setting next_dagrun for fintech_example to 2026-01-09 00:00:00+00:00, run_after=2026-01-10 00:00:00+00:00
[2026-01-10T15:19:01.989+0000] {processor.py:183} INFO - Processing /opt/airflow/dags/example_dag.py took 0.120 seconds
[2026-01-10T15:19:32.529+0000] {processor.py:161} INFO - Started process (PID=69191) to work on /opt/airflow/dags/example_dag.py
[2026-01-10T15:19:32.530+0000] {processor.py:830} INFO - Processing file /opt/airflow/dags/example_dag.py for tasks to queue
[2026-01-10T15:19:32.530+0000] {logging_mixin.py:188} INFO - [2026-01-10T15:19:32.530+0000] {dagbag.py:538} INFO - Filling up the DagBag from /opt/airflow/dags/example_dag.py
[2026-01-10T15:19:32.536+0000] {processor.py:840} INFO - DAG(s) 'fintech_example' retrieved from /opt/airflow/dags/example_dag.py
[2026-01-10T15:19:32.550+0000] {logging_mixin.py:188} INFO - [2026-01-10T15:19:32.550+0000] {dag.py:3036} INFO - Sync 1 DAGs
[2026-01-10T15:19:32.563+0000] {logging_mixin.py:188} INFO - [2026-01-10T15:19:32.563+0000] {dag.py:3823} INFO - Setting next_dagrun for fintech_example to 2026-01-09 00:00:00+00:00, run_after=2026-01-10 00:00:00+00:00
[2026-01-10T15:19:32.570+0000] {processor.py:183} INFO - Processing /opt/airflow/dags/example_dag.py took 0.044 seconds
[2026-01-10T15:38:21.503+0000] {processor.py:161} INFO - Started process (PID=69211) to work on /opt/airflow/dags/example_dag.py
[2026-01-10T15:38:21.505+0000] {processor.py:830} INFO - Processing file /opt/airflow/dags/example_dag.py for tasks to queue
[2026-01-10T15:38:21.507+0000] {logging_mixin.py:188} INFO - [2026-01-10T15:38:21.506+0000] {dagbag.py:538} INFO - Filling up the DagBag from /opt/airflow/dags/example_dag.py
[2026-01-10T15:38:21.557+0000] {processor.py:840} INFO - DAG(s) 'fintech_example' retrieved from /opt/airflow/dags/example_dag.py
[2026-01-10T15:38:21.602+0000] {logging_mixin.py:188} INFO - [2026-01-10T15:38:21.602+0000] {dag.py:3036} INFO - Sync 1 DAGs
[2026-01-10T15:38:21.620+0000] {logging_mixin.py:188} INFO - [2026-01-10T15:38:21.620+0000] {dag.py:3823} INFO - Setting next_dagrun for fintech_example to 2026-01-09 00:00:00+00:00, run_after=2026-01-10 00:00:00+00:00
[2026-01-10T15:38:21.632+0000] {processor.py:183} INFO - Processing /opt/airflow/dags/example_dag.py took 0.136 seconds
[2026-01-10T15:54:08.730+0000] {processor.py:161} INFO - Started process (PID=69239) to work on /opt/airflow/dags/example_dag.py
[2026-01-10T15:54:08.734+0000] {processor.py:830} INFO - Processing file /opt/airflow/dags/example_dag.py for tasks to queue
[2026-01-10T15:54:08.735+0000] {logging_mixin.py:188} INFO - [2026-01-10T15:54:08.734+0000] {dagbag.py:538} INFO - Filling up the DagBag from /opt/airflow/dags/example_dag.py
[2026-01-10T15:54:08.748+0000] {processor.py:840} INFO - DAG(s) 'fintech_example' retrieved from /opt/airflow/dags/example_dag.py
[2026-01-10T15:54:08.781+0000] {logging_mixin.py:188} INFO - [2026-01-10T15:54:08.780+0000] {dag.py:3036} INFO - Sync 1 DAGs
[2026-01-10T15:54:08.815+0000] {logging_mixin.py:188} INFO - [2026-01-10T15:54:08.815+0000] {dag.py:3823} INFO - Setting next_dagrun for fintech_example to 2026-01-09 00:00:00+00:00, run_after=2026-01-10 00:00:00+00:00
[2026-01-10T15:54:08.826+0000] {processor.py:183} INFO - Processing /opt/airflow/dags/example_dag.py took 0.103 seconds
[2026-01-10T15:57:11.038+0000] {processor.py:161} INFO - Started process (PID=69267) to work on /opt/airflow/dags/example_dag.py
[2026-01-10T15:57:11.039+0000] {processor.py:830} INFO - Processing file /opt/airflow/dags/example_dag.py for tasks to queue
[2026-01-10T15:57:11.039+0000] {logging_mixin.py:188} INFO - [2026-01-10T15:57:11.039+0000] {dagbag.py:538} INFO - Filling up the DagBag from /opt/airflow/dags/example_dag.py
[2026-01-10T15:57:11.047+0000] {processor.py:840} INFO - DAG(s) 'fintech_example' retrieved from /opt/airflow/dags/example_dag.py
[2026-01-10T15:57:11.065+0000] {logging_mixin.py:188} INFO - [2026-01-10T15:57:11.065+0000] {dag.py:3036} INFO - Sync 1 DAGs
[2026-01-10T15:57:11.078+0000] {logging_mixin.py:188} INFO - [2026-01-10T15:57:11.078+0000] {dag.py:3823} INFO - Setting next_dagrun for fintech_example to 2026-01-09 00:00:00+00:00, run_after=2026-01-10 00:00:00+00:00
[2026-01-10T15:57:11.091+0000] {processor.py:183} INFO - Processing /opt/airflow/dags/example_dag.py took 0.057 seconds
[2026-01-10T16:19:54.073+0000] {processor.py:161} INFO - Started process (PID=69285) to work on /opt/airflow/dags/example_dag.py
[2026-01-10T16:19:54.076+0000] {processor.py:830} INFO - Processing file /opt/airflow/dags/example_dag.py for tasks to queue
[2026-01-10T16:19:54.078+0000] {logging_mixin.py:188} INFO - [2026-01-10T16:19:54.077+0000] {dagbag.py:538} INFO - Filling up the DagBag from /opt/airflow/dags/example_dag.py
[2026-01-10T16:19:54.093+0000] {processor.py:840} INFO - DAG(s) 'fintech_example' retrieved from /opt/airflow/dags/example_dag.py
[2026-01-10T16:19:54.207+0000] {logging_mixin.py:188} INFO - [2026-01-10T16:19:54.207+0000] {dag.py:3036} INFO - Sync 1 DAGs
[2026-01-10T16:19:54.247+0000] {logging_mixin.py:188} INFO - [2026-01-10T16:19:54.247+0000] {dag.py:3823} INFO - Setting next_dagrun for fintech_example to 2026-01-09 00:00:00+00:00, run_after=2026-01-10 00:00:00+00:00
[2026-01-10T16:19:54.292+0000] {processor.py:183} INFO - Processing /opt/airflow/dags/example_dag.py took 0.225 seconds
[2026-01-10T16:20:24.744+0000] {processor.py:161} INFO - Started process (PID=69309) to work on /opt/airflow/dags/example_dag.py
[2026-01-10T16:20:24.746+0000] {processor.py:830} INFO - Processing file /opt/airflow/dags/example_dag.py for tasks to queue
[2026-01-10T16:20:24.747+0000] {logging_mixin.py:188} INFO - [2026-01-10T16:20:24.747+0000] {dagbag.py:538} INFO - Filling up the DagBag from /opt/airflow/dags/example_dag.py
[2026-01-10T16:20:24.754+0000] {processor.py:840} INFO - DAG(s) 'fintech_example' retrieved from /opt/airflow/dags/example_dag.py
[2026-01-10T16:20:24.769+0000] {logging_mixin.py:188} INFO - [2026-01-10T16:20:24.768+0000] {dag.py:3036} INFO - Sync 1 DAGs
[2026-01-10T16:20:24.778+0000] {logging_mixin.py:188} INFO - [2026-01-10T16:20:24.778+0000] {dag.py:3823} INFO - Setting next_dagrun for fintech_example to 2026-01-09 00:00:00+00:00, run_after=2026-01-10 00:00:00+00:00
[2026-01-10T16:20:24.786+0000] {processor.py:183} INFO - Processing /opt/airflow/dags/example_dag.py took 0.043 seconds
[2026-01-10T17:20:50.857+0000] {processor.py:161} INFO - Started process (PID=69329) to work on /opt/airflow/dags/example_dag.py
[2026-01-10T17:20:50.859+0000] {processor.py:830} INFO - Processing file /opt/airflow/dags/example_dag.py for tasks to queue
[2026-01-10T17:20:50.861+0000] {logging_mixin.py:188} INFO - [2026-01-10T17:20:50.861+0000] {dagbag.py:538} INFO - Filling up the DagBag from /opt/airflow/dags/example_dag.py
[2026-01-10T17:20:50.884+0000] {processor.py:840} INFO - DAG(s) 'fintech_example' retrieved from /opt/airflow/dags/example_dag.py
[2026-01-10T17:20:50.938+0000] {logging_mixin.py:188} INFO - [2026-01-10T17:20:50.937+0000] {dag.py:3036} INFO - Sync 1 DAGs
[2026-01-10T17:20:50.987+0000] {logging_mixin.py:188} INFO - [2026-01-10T17:20:50.987+0000] {dag.py:3823} INFO - Setting next_dagrun for fintech_example to 2026-01-09 00:00:00+00:00, run_after=2026-01-10 00:00:00+00:00
[2026-01-10T17:20:51.052+0000] {processor.py:183} INFO - Processing /opt/airflow/dags/example_dag.py took 0.199 seconds
[2026-01-10T17:21:21.415+0000] {processor.py:161} INFO - Started process (PID=69353) to work on /opt/airflow/dags/example_dag.py
[2026-01-10T17:21:21.416+0000] {processor.py:830} INFO - Processing file /opt/airflow/dags/example_dag.py for tasks to queue
[2026-01-10T17:21:21.416+0000] {logging_mixin.py:188} INFO - [2026-01-10T17:21:21.416+0000] {dagbag.py:538} INFO - Filling up the DagBag from /opt/airflow/dags/example_dag.py
[2026-01-10T17:21:21.422+0000] {processor.py:840} INFO - DAG(s) 'fintech_example' retrieved from /opt/airflow/dags/example_dag.py
[2026-01-10T17:21:21.437+0000] {logging_mixin.py:188} INFO - [2026-01-10T17:21:21.437+0000] {dag.py:3036} INFO - Sync 1 DAGs
[2026-01-10T17:21:21.447+0000] {logging_mixin.py:188} INFO - [2026-01-10T17:21:21.447+0000] {dag.py:3823} INFO - Setting next_dagrun for fintech_example to 2026-01-09 00:00:00+00:00, run_after=2026-01-10 00:00:00+00:00
[2026-01-10T17:21:21.454+0000] {processor.py:183} INFO - Processing /opt/airflow/dags/example_dag.py took 0.042 seconds
[2026-01-10T18:21:48.026+0000] {processor.py:161} INFO - Started process (PID=69375) to work on /opt/airflow/dags/example_dag.py
[2026-01-10T18:21:48.028+0000] {processor.py:830} INFO - Processing file /opt/airflow/dags/example_dag.py for tasks to queue
[2026-01-10T18:21:48.030+0000] {logging_mixin.py:188} INFO - [2026-01-10T18:21:48.030+0000] {dagbag.py:538} INFO - Filling up the DagBag from /opt/airflow/dags/example_dag.py
[2026-01-10T18:21:48.044+0000] {processor.py:840} INFO - DAG(s) 'fintech_example' retrieved from /opt/airflow/dags/example_dag.py
[2026-01-10T18:21:48.085+0000] {logging_mixin.py:188} INFO - [2026-01-10T18:21:48.085+0000] {dag.py:3036} INFO - Sync 1 DAGs
[2026-01-10T18:21:48.157+0000] {logging_mixin.py:188} INFO - [2026-01-10T18:21:48.156+0000] {dag.py:3823} INFO - Setting next_dagrun for fintech_example to 2026-01-09 00:00:00+00:00, run_after=2026-01-10 00:00:00+00:00
[2026-01-10T18:21:48.191+0000] {processor.py:183} INFO - Processing /opt/airflow/dags/example_dag.py took 0.169 seconds
[2026-01-10T18:22:18.629+0000] {processor.py:161} INFO - Started process (PID=69399) to work on /opt/airflow/dags/example_dag.py
[2026-01-10T18:22:18.629+0000] {processor.py:830} INFO - Processing file /opt/airflow/dags/example_dag.py for tasks to queue
[2026-01-10T18:22:18.630+0000] {logging_mixin.py:188} INFO - [2026-01-10T18:22:18.630+0000] {dagbag.py:538} INFO - Filling up the DagBag from /opt/airflow/dags/example_dag.py
[2026-01-10T18:22:18.635+0000] {processor.py:840} INFO - DAG(s) 'fintech_example' retrieved from /opt/airflow/dags/example_dag.py
[2026-01-10T18:22:18.648+0000] {logging_mixin.py:188} INFO - [2026-01-10T18:22:18.648+0000] {dag.py:3036} INFO - Sync 1 DAGs
[2026-01-10T18:22:18.657+0000] {logging_mixin.py:188} INFO - [2026-01-10T18:22:18.657+0000] {dag.py:3823} INFO - Setting next_dagrun for fintech_example to 2026-01-09 00:00:00+00:00, run_after=2026-01-10 00:00:00+00:00
[2026-01-10T18:22:18.664+0000] {processor.py:183} INFO - Processing /opt/airflow/dags/example_dag.py took 0.038 seconds
[2026-01-10T19:11:14.783+0000] {processor.py:161} INFO - Started process (PID=69419) to work on /opt/airflow/dags/example_dag.py
[2026-01-10T19:11:14.789+0000] {processor.py:830} INFO - Processing file /opt/airflow/dags/example_dag.py for tasks to queue
[2026-01-10T19:11:14.790+0000] {logging_mixin.py:188} INFO - [2026-01-10T19:11:14.790+0000] {dagbag.py:538} INFO - Filling up the DagBag from /opt/airflow/dags/example_dag.py
[2026-01-10T19:11:14.813+0000] {processor.py:840} INFO - DAG(s) 'fintech_example' retrieved from /opt/airflow/dags/example_dag.py
[2026-01-10T19:11:14.859+0000] {logging_mixin.py:188} INFO - [2026-01-10T19:11:14.859+0000] {dag.py:3036} INFO - Sync 1 DAGs
[2026-01-10T19:11:14.895+0000] {logging_mixin.py:188} INFO - [2026-01-10T19:11:14.895+0000] {dag.py:3823} INFO - Setting next_dagrun for fintech_example to 2026-01-09 00:00:00+00:00, run_after=2026-01-10 00:00:00+00:00
[2026-01-10T19:11:14.923+0000] {processor.py:183} INFO - Processing /opt/airflow/dags/example_dag.py took 0.154 seconds
[2026-01-10T19:23:14.173+0000] {processor.py:161} INFO - Started process (PID=69443) to work on /opt/airflow/dags/example_dag.py
[2026-01-10T19:23:14.175+0000] {processor.py:830} INFO - Processing file /opt/airflow/dags/example_dag.py for tasks to queue
[2026-01-10T19:23:14.176+0000] {logging_mixin.py:188} INFO - [2026-01-10T19:23:14.176+0000] {dagbag.py:538} INFO - Filling up the DagBag from /opt/airflow/dags/example_dag.py
[2026-01-10T19:23:14.190+0000] {processor.py:840} INFO - DAG(s) 'fintech_example' retrieved from /opt/airflow/dags/example_dag.py
[2026-01-10T19:23:14.253+0000] {logging_mixin.py:188} INFO - [2026-01-10T19:23:14.253+0000] {dag.py:3036} INFO - Sync 1 DAGs
[2026-01-10T19:23:14.278+0000] {logging_mixin.py:188} INFO - [2026-01-10T19:23:14.278+0000] {dag.py:3823} INFO - Setting next_dagrun for fintech_example to 2026-01-09 00:00:00+00:00, run_after=2026-01-10 00:00:00+00:00
[2026-01-10T19:23:14.300+0000] {processor.py:183} INFO - Processing /opt/airflow/dags/example_dag.py took 0.133 seconds
[2026-01-10T19:58:22.640+0000] {processor.py:161} INFO - Started process (PID=69471) to work on /opt/airflow/dags/example_dag.py
[2026-01-10T19:58:22.641+0000] {processor.py:830} INFO - Processing file /opt/airflow/dags/example_dag.py for tasks to queue
[2026-01-10T19:58:22.642+0000] {logging_mixin.py:188} INFO - [2026-01-10T19:58:22.642+0000] {dagbag.py:538} INFO - Filling up the DagBag from /opt/airflow/dags/example_dag.py
[2026-01-10T19:58:22.648+0000] {processor.py:840} INFO - DAG(s) 'fintech_example' retrieved from /opt/airflow/dags/example_dag.py
[2026-01-10T19:58:22.666+0000] {logging_mixin.py:188} INFO - [2026-01-10T19:58:22.666+0000] {dag.py:3036} INFO - Sync 1 DAGs
[2026-01-10T19:58:22.677+0000] {logging_mixin.py:188} INFO - [2026-01-10T19:58:22.677+0000] {dag.py:3823} INFO - Setting next_dagrun for fintech_example to 2026-01-09 00:00:00+00:00, run_after=2026-01-10 00:00:00+00:00
[2026-01-10T19:58:22.688+0000] {processor.py:183} INFO - Processing /opt/airflow/dags/example_dag.py took 0.053 seconds
[2026-01-10T20:24:10.577+0000] {processor.py:161} INFO - Started process (PID=69491) to work on /opt/airflow/dags/example_dag.py
[2026-01-10T20:24:10.578+0000] {processor.py:830} INFO - Processing file /opt/airflow/dags/example_dag.py for tasks to queue
[2026-01-10T20:24:10.578+0000] {logging_mixin.py:188} INFO - [2026-01-10T20:24:10.578+0000] {dagbag.py:538} INFO - Filling up the DagBag from /opt/airflow/dags/example_dag.py
[2026-01-10T20:24:10.585+0000] {processor.py:840} INFO - DAG(s) 'fintech_example' retrieved from /opt/airflow/dags/example_dag.py
[2026-01-10T20:24:10.601+0000] {logging_mixin.py:188} INFO - [2026-01-10T20:24:10.601+0000] {dag.py:3036} INFO - Sync 1 DAGs
[2026-01-10T20:24:10.614+0000] {logging_mixin.py:188} INFO - [2026-01-10T20:24:10.614+0000] {dag.py:3823} INFO - Setting next_dagrun for fintech_example to 2026-01-09 00:00:00+00:00, run_after=2026-01-10 00:00:00+00:00
[2026-01-10T20:24:10.621+0000] {processor.py:183} INFO - Processing /opt/airflow/dags/example_dag.py took 0.051 seconds
[2026-01-10T20:56:02.021+0000] {processor.py:161} INFO - Started process (PID=69516) to work on /opt/airflow/dags/example_dag.py
[2026-01-10T20:56:02.022+0000] {processor.py:830} INFO - Processing file /opt/airflow/dags/example_dag.py for tasks to queue
[2026-01-10T20:56:02.022+0000] {logging_mixin.py:188} INFO - [2026-01-10T20:56:02.022+0000] {dagbag.py:538} INFO - Filling up the DagBag from /opt/airflow/dags/example_dag.py
[2026-01-10T20:56:02.035+0000] {processor.py:840} INFO - DAG(s) 'fintech_example' retrieved from /opt/airflow/dags/example_dag.py
[2026-01-10T20:56:02.053+0000] {logging_mixin.py:188} INFO - [2026-01-10T20:56:02.052+0000] {dag.py:3036} INFO - Sync 1 DAGs
[2026-01-10T20:56:02.069+0000] {logging_mixin.py:188} INFO - [2026-01-10T20:56:02.068+0000] {dag.py:3823} INFO - Setting next_dagrun for fintech_example to 2026-01-09 00:00:00+00:00, run_after=2026-01-10 00:00:00+00:00
[2026-01-10T20:56:02.079+0000] {processor.py:183} INFO - Processing /opt/airflow/dags/example_dag.py took 0.063 seconds
[2026-01-10T21:25:08.162+0000] {processor.py:161} INFO - Started process (PID=69539) to work on /opt/airflow/dags/example_dag.py
[2026-01-10T21:25:08.164+0000] {processor.py:830} INFO - Processing file /opt/airflow/dags/example_dag.py for tasks to queue
[2026-01-10T21:25:08.171+0000] {logging_mixin.py:188} INFO - [2026-01-10T21:25:08.170+0000] {dagbag.py:538} INFO - Filling up the DagBag from /opt/airflow/dags/example_dag.py
[2026-01-10T21:25:08.186+0000] {processor.py:840} INFO - DAG(s) 'fintech_example' retrieved from /opt/airflow/dags/example_dag.py
[2026-01-10T21:25:08.221+0000] {logging_mixin.py:188} INFO - [2026-01-10T21:25:08.221+0000] {dag.py:3036} INFO - Sync 1 DAGs
[2026-01-10T21:25:08.271+0000] {logging_mixin.py:188} INFO - [2026-01-10T21:25:08.271+0000] {dag.py:3823} INFO - Setting next_dagrun for fintech_example to 2026-01-09 00:00:00+00:00, run_after=2026-01-10 00:00:00+00:00
[2026-01-10T21:25:08.330+0000] {processor.py:183} INFO - Processing /opt/airflow/dags/example_dag.py took 0.173 seconds
[2026-01-10T21:41:51.134+0000] {processor.py:161} INFO - Started process (PID=69565) to work on /opt/airflow/dags/example_dag.py
[2026-01-10T21:41:51.136+0000] {processor.py:830} INFO - Processing file /opt/airflow/dags/example_dag.py for tasks to queue
[2026-01-10T21:41:51.137+0000] {logging_mixin.py:188} INFO - [2026-01-10T21:41:51.136+0000] {dagbag.py:538} INFO - Filling up the DagBag from /opt/airflow/dags/example_dag.py
[2026-01-10T21:41:51.171+0000] {processor.py:840} INFO - DAG(s) 'fintech_example' retrieved from /opt/airflow/dags/example_dag.py
[2026-01-10T21:41:51.228+0000] {logging_mixin.py:188} INFO - [2026-01-10T21:41:51.228+0000] {dag.py:3036} INFO - Sync 1 DAGs
[2026-01-10T21:41:51.244+0000] {logging_mixin.py:188} INFO - [2026-01-10T21:41:51.244+0000] {dag.py:3823} INFO - Setting next_dagrun for fintech_example to 2026-01-09 00:00:00+00:00, run_after=2026-01-10 00:00:00+00:00
[2026-01-10T21:41:51.255+0000] {processor.py:183} INFO - Processing /opt/airflow/dags/example_dag.py took 0.124 seconds
[2026-01-10T22:26:05.027+0000] {processor.py:161} INFO - Started process (PID=69589) to work on /opt/airflow/dags/example_dag.py
[2026-01-10T22:26:05.028+0000] {processor.py:830} INFO - Processing file /opt/airflow/dags/example_dag.py for tasks to queue
[2026-01-10T22:26:05.030+0000] {logging_mixin.py:188} INFO - [2026-01-10T22:26:05.029+0000] {dagbag.py:538} INFO - Filling up the DagBag from /opt/airflow/dags/example_dag.py
[2026-01-10T22:26:05.041+0000] {processor.py:840} INFO - DAG(s) 'fintech_example' retrieved from /opt/airflow/dags/example_dag.py
[2026-01-10T22:26:05.096+0000] {logging_mixin.py:188} INFO - [2026-01-10T22:26:05.095+0000] {dag.py:3036} INFO - Sync 1 DAGs
[2026-01-10T22:26:05.117+0000] {logging_mixin.py:188} INFO - [2026-01-10T22:26:05.117+0000] {dag.py:3823} INFO - Setting next_dagrun for fintech_example to 2026-01-09 00:00:00+00:00, run_after=2026-01-10 00:00:00+00:00
[2026-01-10T22:26:05.130+0000] {processor.py:183} INFO - Processing /opt/airflow/dags/example_dag.py took 0.107 seconds
[2026-01-10T22:44:29.838+0000] {processor.py:161} INFO - Started process (PID=69613) to work on /opt/airflow/dags/example_dag.py
[2026-01-10T22:44:29.840+0000] {processor.py:830} INFO - Processing file /opt/airflow/dags/example_dag.py for tasks to queue
[2026-01-10T22:44:29.844+0000] {logging_mixin.py:188} INFO - [2026-01-10T22:44:29.843+0000] {dagbag.py:538} INFO - Filling up the DagBag from /opt/airflow/dags/example_dag.py
[2026-01-10T22:44:29.860+0000] {processor.py:840} INFO - DAG(s) 'fintech_example' retrieved from /opt/airflow/dags/example_dag.py
[2026-01-10T22:44:29.911+0000] {logging_mixin.py:188} INFO - [2026-01-10T22:44:29.911+0000] {dag.py:3036} INFO - Sync 1 DAGs
[2026-01-10T22:44:29.935+0000] {logging_mixin.py:188} INFO - [2026-01-10T22:44:29.935+0000] {dag.py:3823} INFO - Setting next_dagrun for fintech_example to 2026-01-09 00:00:00+00:00, run_after=2026-01-10 00:00:00+00:00
[2026-01-10T22:44:29.962+0000] {processor.py:183} INFO - Processing /opt/airflow/dags/example_dag.py took 0.136 seconds
[2026-01-10T23:13:03.251+0000] {processor.py:161} INFO - Started process (PID=69637) to work on /opt/airflow/dags/example_dag.py
[2026-01-10T23:13:03.254+0000] {processor.py:830} INFO - Processing file /opt/airflow/dags/example_dag.py for tasks to queue
[2026-01-10T23:13:03.255+0000] {logging_mixin.py:188} INFO - [2026-01-10T23:13:03.255+0000] {dagbag.py:538} INFO - Filling up the DagBag from /opt/airflow/dags/example_dag.py
[2026-01-10T23:13:03.273+0000] {processor.py:840} INFO - DAG(s) 'fintech_example' retrieved from /opt/airflow/dags/example_dag.py
[2026-01-10T23:13:03.322+0000] {logging_mixin.py:188} INFO - [2026-01-10T23:13:03.322+0000] {dag.py:3036} INFO - Sync 1 DAGs
[2026-01-10T23:13:03.348+0000] {logging_mixin.py:188} INFO - [2026-01-10T23:13:03.348+0000] {dag.py:3823} INFO - Setting next_dagrun for fintech_example to 2026-01-09 00:00:00+00:00, run_after=2026-01-10 00:00:00+00:00
[2026-01-10T23:13:03.364+0000] {processor.py:183} INFO - Processing /opt/airflow/dags/example_dag.py took 0.117 seconds
[2026-01-10T23:26:50.366+0000] {processor.py:161} INFO - Started process (PID=69663) to work on /opt/airflow/dags/example_dag.py
[2026-01-10T23:26:50.369+0000] {processor.py:830} INFO - Processing file /opt/airflow/dags/example_dag.py for tasks to queue
[2026-01-10T23:26:50.374+0000] {logging_mixin.py:188} INFO - [2026-01-10T23:26:50.373+0000] {dagbag.py:538} INFO - Filling up the DagBag from /opt/airflow/dags/example_dag.py
[2026-01-10T23:26:50.420+0000] {processor.py:840} INFO - DAG(s) 'fintech_example' retrieved from /opt/airflow/dags/example_dag.py
[2026-01-10T23:26:50.516+0000] {logging_mixin.py:188} INFO - [2026-01-10T23:26:50.515+0000] {dag.py:3036} INFO - Sync 1 DAGs
[2026-01-10T23:26:50.592+0000] {logging_mixin.py:188} INFO - [2026-01-10T23:26:50.591+0000] {dag.py:3823} INFO - Setting next_dagrun for fintech_example to 2026-01-09 00:00:00+00:00, run_after=2026-01-10 00:00:00+00:00
[2026-01-10T23:26:50.664+0000] {processor.py:183} INFO - Processing /opt/airflow/dags/example_dag.py took 0.315 seconds
[2026-01-10T23:27:20.832+0000] {processor.py:161} INFO - Started process (PID=69685) to work on /opt/airflow/dags/example_dag.py
[2026-01-10T23:27:20.833+0000] {processor.py:830} INFO - Processing file /opt/airflow/dags/example_dag.py for tasks to queue
[2026-01-10T23:27:20.833+0000] {logging_mixin.py:188} INFO - [2026-01-10T23:27:20.833+0000] {dagbag.py:538} INFO - Filling up the DagBag from /opt/airflow/dags/example_dag.py
[2026-01-10T23:27:20.839+0000] {processor.py:840} INFO - DAG(s) 'fintech_example' retrieved from /opt/airflow/dags/example_dag.py
[2026-01-10T23:27:20.854+0000] {logging_mixin.py:188} INFO - [2026-01-10T23:27:20.854+0000] {dag.py:3036} INFO - Sync 1 DAGs
[2026-01-10T23:27:20.866+0000] {logging_mixin.py:188} INFO - [2026-01-10T23:27:20.866+0000] {dag.py:3823} INFO - Setting next_dagrun for fintech_example to 2026-01-09 00:00:00+00:00, run_after=2026-01-10 00:00:00+00:00
[2026-01-10T23:27:20.874+0000] {processor.py:183} INFO - Processing /opt/airflow/dags/example_dag.py took 0.044 seconds
