[2026-01-10T00:04:13.160+0000] {processor.py:161} INFO - Started process (PID=68203) to work on /opt/airflow/dags/train_all_tsla_models_dag.py
[2026-01-10T00:04:13.163+0000] {processor.py:830} INFO - Processing file /opt/airflow/dags/train_all_tsla_models_dag.py for tasks to queue
[2026-01-10T00:04:13.165+0000] {logging_mixin.py:188} INFO - [2026-01-10T00:04:13.164+0000] {dagbag.py:538} INFO - Filling up the DagBag from /opt/airflow/dags/train_all_tsla_models_dag.py
[2026-01-10T00:04:13.209+0000] {processor.py:840} INFO - DAG(s) 'train_all_tsla_models' retrieved from /opt/airflow/dags/train_all_tsla_models_dag.py
[2026-01-10T00:04:13.296+0000] {logging_mixin.py:188} INFO - [2026-01-10T00:04:13.296+0000] {dag.py:3036} INFO - Sync 1 DAGs
[2026-01-10T00:04:13.334+0000] {logging_mixin.py:188} INFO - [2026-01-10T00:04:13.334+0000] {dag.py:3823} INFO - Setting next_dagrun for train_all_tsla_models to 2026-01-08 18:00:00+00:00, run_after=2026-01-09 18:00:00+00:00
[2026-01-10T00:04:13.373+0000] {processor.py:183} INFO - Processing /opt/airflow/dags/train_all_tsla_models_dag.py took 0.257 seconds
[2026-01-10T00:34:14.427+0000] {processor.py:161} INFO - Started process (PID=68228) to work on /opt/airflow/dags/train_all_tsla_models_dag.py
[2026-01-10T00:34:14.430+0000] {processor.py:830} INFO - Processing file /opt/airflow/dags/train_all_tsla_models_dag.py for tasks to queue
[2026-01-10T00:34:14.433+0000] {logging_mixin.py:188} INFO - [2026-01-10T00:34:14.433+0000] {dagbag.py:538} INFO - Filling up the DagBag from /opt/airflow/dags/train_all_tsla_models_dag.py
[2026-01-10T00:34:14.486+0000] {processor.py:840} INFO - DAG(s) 'train_all_tsla_models' retrieved from /opt/airflow/dags/train_all_tsla_models_dag.py
[2026-01-10T00:34:14.544+0000] {logging_mixin.py:188} INFO - [2026-01-10T00:34:14.543+0000] {dag.py:3036} INFO - Sync 1 DAGs
[2026-01-10T00:34:14.575+0000] {logging_mixin.py:188} INFO - [2026-01-10T00:34:14.575+0000] {dag.py:3823} INFO - Setting next_dagrun for train_all_tsla_models to 2026-01-08 18:00:00+00:00, run_after=2026-01-09 18:00:00+00:00
[2026-01-10T00:34:14.608+0000] {processor.py:183} INFO - Processing /opt/airflow/dags/train_all_tsla_models_dag.py took 0.188 seconds
[2026-01-10T00:34:45.147+0000] {processor.py:161} INFO - Started process (PID=68252) to work on /opt/airflow/dags/train_all_tsla_models_dag.py
[2026-01-10T00:34:45.149+0000] {processor.py:830} INFO - Processing file /opt/airflow/dags/train_all_tsla_models_dag.py for tasks to queue
[2026-01-10T00:34:45.151+0000] {logging_mixin.py:188} INFO - [2026-01-10T00:34:45.150+0000] {dagbag.py:538} INFO - Filling up the DagBag from /opt/airflow/dags/train_all_tsla_models_dag.py
[2026-01-10T00:34:45.212+0000] {processor.py:840} INFO - DAG(s) 'train_all_tsla_models' retrieved from /opt/airflow/dags/train_all_tsla_models_dag.py
[2026-01-10T00:34:45.247+0000] {logging_mixin.py:188} INFO - [2026-01-10T00:34:45.247+0000] {dag.py:3036} INFO - Sync 1 DAGs
[2026-01-10T00:34:45.267+0000] {logging_mixin.py:188} INFO - [2026-01-10T00:34:45.267+0000] {dag.py:3823} INFO - Setting next_dagrun for train_all_tsla_models to 2026-01-08 18:00:00+00:00, run_after=2026-01-09 18:00:00+00:00
[2026-01-10T00:34:45.282+0000] {processor.py:183} INFO - Processing /opt/airflow/dags/train_all_tsla_models_dag.py took 0.143 seconds
[2026-01-10T01:04:57.679+0000] {processor.py:161} INFO - Started process (PID=68272) to work on /opt/airflow/dags/train_all_tsla_models_dag.py
[2026-01-10T01:04:57.680+0000] {processor.py:830} INFO - Processing file /opt/airflow/dags/train_all_tsla_models_dag.py for tasks to queue
[2026-01-10T01:04:57.680+0000] {logging_mixin.py:188} INFO - [2026-01-10T01:04:57.680+0000] {dagbag.py:538} INFO - Filling up the DagBag from /opt/airflow/dags/train_all_tsla_models_dag.py
[2026-01-10T01:04:57.699+0000] {processor.py:840} INFO - DAG(s) 'train_all_tsla_models' retrieved from /opt/airflow/dags/train_all_tsla_models_dag.py
[2026-01-10T01:04:57.728+0000] {logging_mixin.py:188} INFO - [2026-01-10T01:04:57.727+0000] {dag.py:3036} INFO - Sync 1 DAGs
[2026-01-10T01:04:57.741+0000] {logging_mixin.py:188} INFO - [2026-01-10T01:04:57.741+0000] {dag.py:3823} INFO - Setting next_dagrun for train_all_tsla_models to 2026-01-08 18:00:00+00:00, run_after=2026-01-09 18:00:00+00:00
[2026-01-10T01:04:57.752+0000] {processor.py:183} INFO - Processing /opt/airflow/dags/train_all_tsla_models_dag.py took 0.075 seconds
[2026-01-10T01:05:28.134+0000] {processor.py:161} INFO - Started process (PID=68295) to work on /opt/airflow/dags/train_all_tsla_models_dag.py
[2026-01-10T01:05:28.135+0000] {processor.py:830} INFO - Processing file /opt/airflow/dags/train_all_tsla_models_dag.py for tasks to queue
[2026-01-10T01:05:28.135+0000] {logging_mixin.py:188} INFO - [2026-01-10T01:05:28.135+0000] {dagbag.py:538} INFO - Filling up the DagBag from /opt/airflow/dags/train_all_tsla_models_dag.py
[2026-01-10T01:05:28.156+0000] {processor.py:840} INFO - DAG(s) 'train_all_tsla_models' retrieved from /opt/airflow/dags/train_all_tsla_models_dag.py
[2026-01-10T01:05:28.188+0000] {logging_mixin.py:188} INFO - [2026-01-10T01:05:28.188+0000] {dag.py:3036} INFO - Sync 1 DAGs
[2026-01-10T01:05:28.205+0000] {logging_mixin.py:188} INFO - [2026-01-10T01:05:28.205+0000] {dag.py:3823} INFO - Setting next_dagrun for train_all_tsla_models to 2026-01-08 18:00:00+00:00, run_after=2026-01-09 18:00:00+00:00
[2026-01-10T01:05:28.217+0000] {processor.py:183} INFO - Processing /opt/airflow/dags/train_all_tsla_models_dag.py took 0.086 seconds
[2026-01-10T01:30:19.469+0000] {processor.py:161} INFO - Started process (PID=68318) to work on /opt/airflow/dags/train_all_tsla_models_dag.py
[2026-01-10T01:30:19.470+0000] {processor.py:830} INFO - Processing file /opt/airflow/dags/train_all_tsla_models_dag.py for tasks to queue
[2026-01-10T01:30:19.471+0000] {logging_mixin.py:188} INFO - [2026-01-10T01:30:19.471+0000] {dagbag.py:538} INFO - Filling up the DagBag from /opt/airflow/dags/train_all_tsla_models_dag.py
[2026-01-10T01:30:19.491+0000] {processor.py:840} INFO - DAG(s) 'train_all_tsla_models' retrieved from /opt/airflow/dags/train_all_tsla_models_dag.py
[2026-01-10T01:30:19.525+0000] {logging_mixin.py:188} INFO - [2026-01-10T01:30:19.525+0000] {dag.py:3036} INFO - Sync 1 DAGs
[2026-01-10T01:30:19.543+0000] {logging_mixin.py:188} INFO - [2026-01-10T01:30:19.543+0000] {dag.py:3823} INFO - Setting next_dagrun for train_all_tsla_models to 2026-01-08 18:00:00+00:00, run_after=2026-01-09 18:00:00+00:00
[2026-01-10T01:30:19.562+0000] {processor.py:183} INFO - Processing /opt/airflow/dags/train_all_tsla_models_dag.py took 0.097 seconds
[2026-01-10T01:46:24.158+0000] {processor.py:161} INFO - Started process (PID=68341) to work on /opt/airflow/dags/train_all_tsla_models_dag.py
[2026-01-10T01:46:24.161+0000] {processor.py:830} INFO - Processing file /opt/airflow/dags/train_all_tsla_models_dag.py for tasks to queue
[2026-01-10T01:46:24.164+0000] {logging_mixin.py:188} INFO - [2026-01-10T01:46:24.163+0000] {dagbag.py:538} INFO - Filling up the DagBag from /opt/airflow/dags/train_all_tsla_models_dag.py
[2026-01-10T01:46:24.204+0000] {processor.py:840} INFO - DAG(s) 'train_all_tsla_models' retrieved from /opt/airflow/dags/train_all_tsla_models_dag.py
[2026-01-10T01:46:24.336+0000] {logging_mixin.py:188} INFO - [2026-01-10T01:46:24.336+0000] {dag.py:3036} INFO - Sync 1 DAGs
[2026-01-10T01:46:24.386+0000] {logging_mixin.py:188} INFO - [2026-01-10T01:46:24.385+0000] {dag.py:3823} INFO - Setting next_dagrun for train_all_tsla_models to 2026-01-08 18:00:00+00:00, run_after=2026-01-09 18:00:00+00:00
[2026-01-10T01:46:24.445+0000] {processor.py:183} INFO - Processing /opt/airflow/dags/train_all_tsla_models_dag.py took 0.293 seconds
[2026-01-10T02:05:47.584+0000] {processor.py:161} INFO - Started process (PID=68364) to work on /opt/airflow/dags/train_all_tsla_models_dag.py
[2026-01-10T02:05:47.590+0000] {processor.py:830} INFO - Processing file /opt/airflow/dags/train_all_tsla_models_dag.py for tasks to queue
[2026-01-10T02:05:47.604+0000] {logging_mixin.py:188} INFO - [2026-01-10T02:05:47.595+0000] {dagbag.py:538} INFO - Filling up the DagBag from /opt/airflow/dags/train_all_tsla_models_dag.py
[2026-01-10T02:05:47.683+0000] {processor.py:840} INFO - DAG(s) 'train_all_tsla_models' retrieved from /opt/airflow/dags/train_all_tsla_models_dag.py
[2026-01-10T02:05:47.772+0000] {logging_mixin.py:188} INFO - [2026-01-10T02:05:47.772+0000] {dag.py:3036} INFO - Sync 1 DAGs
[2026-01-10T02:05:47.811+0000] {logging_mixin.py:188} INFO - [2026-01-10T02:05:47.811+0000] {dag.py:3823} INFO - Setting next_dagrun for train_all_tsla_models to 2026-01-08 18:00:00+00:00, run_after=2026-01-09 18:00:00+00:00
[2026-01-10T02:05:47.841+0000] {processor.py:183} INFO - Processing /opt/airflow/dags/train_all_tsla_models_dag.py took 0.266 seconds
[2026-01-10T02:06:18.320+0000] {processor.py:161} INFO - Started process (PID=68390) to work on /opt/airflow/dags/train_all_tsla_models_dag.py
[2026-01-10T02:06:18.321+0000] {processor.py:830} INFO - Processing file /opt/airflow/dags/train_all_tsla_models_dag.py for tasks to queue
[2026-01-10T02:06:18.322+0000] {logging_mixin.py:188} INFO - [2026-01-10T02:06:18.322+0000] {dagbag.py:538} INFO - Filling up the DagBag from /opt/airflow/dags/train_all_tsla_models_dag.py
[2026-01-10T02:06:18.358+0000] {processor.py:840} INFO - DAG(s) 'train_all_tsla_models' retrieved from /opt/airflow/dags/train_all_tsla_models_dag.py
[2026-01-10T02:06:18.425+0000] {logging_mixin.py:188} INFO - [2026-01-10T02:06:18.424+0000] {dag.py:3036} INFO - Sync 1 DAGs
[2026-01-10T02:06:18.455+0000] {logging_mixin.py:188} INFO - [2026-01-10T02:06:18.454+0000] {dag.py:3823} INFO - Setting next_dagrun for train_all_tsla_models to 2026-01-08 18:00:00+00:00, run_after=2026-01-09 18:00:00+00:00
[2026-01-10T02:06:18.487+0000] {processor.py:183} INFO - Processing /opt/airflow/dags/train_all_tsla_models_dag.py took 0.170 seconds
[2026-01-10T02:55:40.531+0000] {processor.py:161} INFO - Started process (PID=68411) to work on /opt/airflow/dags/train_all_tsla_models_dag.py
[2026-01-10T02:55:40.536+0000] {processor.py:830} INFO - Processing file /opt/airflow/dags/train_all_tsla_models_dag.py for tasks to queue
[2026-01-10T02:55:40.540+0000] {logging_mixin.py:188} INFO - [2026-01-10T02:55:40.539+0000] {dagbag.py:538} INFO - Filling up the DagBag from /opt/airflow/dags/train_all_tsla_models_dag.py
[2026-01-10T02:55:40.633+0000] {processor.py:840} INFO - DAG(s) 'train_all_tsla_models' retrieved from /opt/airflow/dags/train_all_tsla_models_dag.py
[2026-01-10T02:55:40.770+0000] {logging_mixin.py:188} INFO - [2026-01-10T02:55:40.770+0000] {dag.py:3036} INFO - Sync 1 DAGs
[2026-01-10T02:55:40.870+0000] {logging_mixin.py:188} INFO - [2026-01-10T02:55:40.870+0000] {dag.py:3823} INFO - Setting next_dagrun for train_all_tsla_models to 2026-01-08 18:00:00+00:00, run_after=2026-01-09 18:00:00+00:00
[2026-01-10T02:55:42.280+0000] {processor.py:183} INFO - Processing /opt/airflow/dags/train_all_tsla_models_dag.py took 1.758 seconds
[2026-01-10T03:07:14.621+0000] {processor.py:161} INFO - Started process (PID=68436) to work on /opt/airflow/dags/train_all_tsla_models_dag.py
[2026-01-10T03:07:14.643+0000] {processor.py:830} INFO - Processing file /opt/airflow/dags/train_all_tsla_models_dag.py for tasks to queue
[2026-01-10T03:07:14.659+0000] {logging_mixin.py:188} INFO - [2026-01-10T03:07:14.652+0000] {dagbag.py:538} INFO - Filling up the DagBag from /opt/airflow/dags/train_all_tsla_models_dag.py
[2026-01-10T03:07:14.718+0000] {processor.py:840} INFO - DAG(s) 'train_all_tsla_models' retrieved from /opt/airflow/dags/train_all_tsla_models_dag.py
[2026-01-10T03:07:14.815+0000] {logging_mixin.py:188} INFO - [2026-01-10T03:07:14.815+0000] {dag.py:3036} INFO - Sync 1 DAGs
[2026-01-10T03:07:14.847+0000] {logging_mixin.py:188} INFO - [2026-01-10T03:07:14.846+0000] {dag.py:3823} INFO - Setting next_dagrun for train_all_tsla_models to 2026-01-08 18:00:00+00:00, run_after=2026-01-09 18:00:00+00:00
[2026-01-10T03:07:14.885+0000] {processor.py:183} INFO - Processing /opt/airflow/dags/train_all_tsla_models_dag.py took 0.336 seconds
[2026-01-10T03:41:55.567+0000] {processor.py:161} INFO - Started process (PID=68458) to work on /opt/airflow/dags/train_all_tsla_models_dag.py
[2026-01-10T03:41:55.586+0000] {processor.py:830} INFO - Processing file /opt/airflow/dags/train_all_tsla_models_dag.py for tasks to queue
[2026-01-10T03:41:55.603+0000] {logging_mixin.py:188} INFO - [2026-01-10T03:41:55.603+0000] {dagbag.py:538} INFO - Filling up the DagBag from /opt/airflow/dags/train_all_tsla_models_dag.py
[2026-01-10T03:41:55.710+0000] {processor.py:840} INFO - DAG(s) 'train_all_tsla_models' retrieved from /opt/airflow/dags/train_all_tsla_models_dag.py
[2026-01-10T03:41:55.800+0000] {logging_mixin.py:188} INFO - [2026-01-10T03:41:55.800+0000] {dag.py:3036} INFO - Sync 1 DAGs
[2026-01-10T03:41:55.972+0000] {logging_mixin.py:188} INFO - [2026-01-10T03:41:55.972+0000] {dag.py:3823} INFO - Setting next_dagrun for train_all_tsla_models to 2026-01-08 18:00:00+00:00, run_after=2026-01-09 18:00:00+00:00
[2026-01-10T03:41:56.030+0000] {processor.py:183} INFO - Processing /opt/airflow/dags/train_all_tsla_models_dag.py took 0.476 seconds
[2026-01-10T04:08:10.913+0000] {processor.py:161} INFO - Started process (PID=68484) to work on /opt/airflow/dags/train_all_tsla_models_dag.py
[2026-01-10T04:08:10.916+0000] {processor.py:830} INFO - Processing file /opt/airflow/dags/train_all_tsla_models_dag.py for tasks to queue
[2026-01-10T04:08:10.918+0000] {logging_mixin.py:188} INFO - [2026-01-10T04:08:10.918+0000] {dagbag.py:538} INFO - Filling up the DagBag from /opt/airflow/dags/train_all_tsla_models_dag.py
[2026-01-10T04:08:10.957+0000] {processor.py:840} INFO - DAG(s) 'train_all_tsla_models' retrieved from /opt/airflow/dags/train_all_tsla_models_dag.py
[2026-01-10T04:08:11.039+0000] {logging_mixin.py:188} INFO - [2026-01-10T04:08:11.039+0000] {dag.py:3036} INFO - Sync 1 DAGs
[2026-01-10T04:08:11.110+0000] {logging_mixin.py:188} INFO - [2026-01-10T04:08:11.107+0000] {dag.py:3823} INFO - Setting next_dagrun for train_all_tsla_models to 2026-01-08 18:00:00+00:00, run_after=2026-01-09 18:00:00+00:00
[2026-01-10T04:08:11.557+0000] {processor.py:183} INFO - Processing /opt/airflow/dags/train_all_tsla_models_dag.py took 0.648 seconds
[2026-01-10T04:40:37.600+0000] {processor.py:161} INFO - Started process (PID=68510) to work on /opt/airflow/dags/train_all_tsla_models_dag.py
[2026-01-10T04:40:37.601+0000] {processor.py:830} INFO - Processing file /opt/airflow/dags/train_all_tsla_models_dag.py for tasks to queue
[2026-01-10T04:40:37.602+0000] {logging_mixin.py:188} INFO - [2026-01-10T04:40:37.602+0000] {dagbag.py:538} INFO - Filling up the DagBag from /opt/airflow/dags/train_all_tsla_models_dag.py
[2026-01-10T04:40:37.631+0000] {processor.py:840} INFO - DAG(s) 'train_all_tsla_models' retrieved from /opt/airflow/dags/train_all_tsla_models_dag.py
[2026-01-10T04:40:37.660+0000] {logging_mixin.py:188} INFO - [2026-01-10T04:40:37.660+0000] {dag.py:3036} INFO - Sync 1 DAGs
[2026-01-10T04:40:37.680+0000] {logging_mixin.py:188} INFO - [2026-01-10T04:40:37.680+0000] {dag.py:3823} INFO - Setting next_dagrun for train_all_tsla_models to 2026-01-08 18:00:00+00:00, run_after=2026-01-09 18:00:00+00:00
[2026-01-10T04:40:37.694+0000] {processor.py:183} INFO - Processing /opt/airflow/dags/train_all_tsla_models_dag.py took 0.097 seconds
[2026-01-10T05:09:07.913+0000] {processor.py:161} INFO - Started process (PID=68534) to work on /opt/airflow/dags/train_all_tsla_models_dag.py
[2026-01-10T05:09:07.915+0000] {processor.py:830} INFO - Processing file /opt/airflow/dags/train_all_tsla_models_dag.py for tasks to queue
[2026-01-10T05:09:07.918+0000] {logging_mixin.py:188} INFO - [2026-01-10T05:09:07.917+0000] {dagbag.py:538} INFO - Filling up the DagBag from /opt/airflow/dags/train_all_tsla_models_dag.py
[2026-01-10T05:09:07.951+0000] {processor.py:840} INFO - DAG(s) 'train_all_tsla_models' retrieved from /opt/airflow/dags/train_all_tsla_models_dag.py
[2026-01-10T05:09:08.018+0000] {logging_mixin.py:188} INFO - [2026-01-10T05:09:08.018+0000] {dag.py:3036} INFO - Sync 1 DAGs
[2026-01-10T05:09:08.565+0000] {logging_mixin.py:188} INFO - [2026-01-10T05:09:08.564+0000] {dag.py:3823} INFO - Setting next_dagrun for train_all_tsla_models to 2026-01-08 18:00:00+00:00, run_after=2026-01-09 18:00:00+00:00
[2026-01-10T05:09:08.598+0000] {processor.py:183} INFO - Processing /opt/airflow/dags/train_all_tsla_models_dag.py took 0.688 seconds
[2026-01-10T05:26:06.238+0000] {processor.py:161} INFO - Started process (PID=68557) to work on /opt/airflow/dags/train_all_tsla_models_dag.py
[2026-01-10T05:26:06.239+0000] {processor.py:830} INFO - Processing file /opt/airflow/dags/train_all_tsla_models_dag.py for tasks to queue
[2026-01-10T05:26:06.240+0000] {logging_mixin.py:188} INFO - [2026-01-10T05:26:06.240+0000] {dagbag.py:538} INFO - Filling up the DagBag from /opt/airflow/dags/train_all_tsla_models_dag.py
[2026-01-10T05:26:06.258+0000] {processor.py:840} INFO - DAG(s) 'train_all_tsla_models' retrieved from /opt/airflow/dags/train_all_tsla_models_dag.py
[2026-01-10T05:26:06.301+0000] {logging_mixin.py:188} INFO - [2026-01-10T05:26:06.300+0000] {dag.py:3036} INFO - Sync 1 DAGs
[2026-01-10T05:26:06.319+0000] {logging_mixin.py:188} INFO - [2026-01-10T05:26:06.319+0000] {dag.py:3823} INFO - Setting next_dagrun for train_all_tsla_models to 2026-01-08 18:00:00+00:00, run_after=2026-01-09 18:00:00+00:00
[2026-01-10T05:26:07.733+0000] {processor.py:183} INFO - Processing /opt/airflow/dags/train_all_tsla_models_dag.py took 1.498 seconds
[2026-01-10T06:10:05.367+0000] {processor.py:161} INFO - Started process (PID=68582) to work on /opt/airflow/dags/train_all_tsla_models_dag.py
[2026-01-10T06:10:05.370+0000] {processor.py:830} INFO - Processing file /opt/airflow/dags/train_all_tsla_models_dag.py for tasks to queue
[2026-01-10T06:10:05.375+0000] {logging_mixin.py:188} INFO - [2026-01-10T06:10:05.374+0000] {dagbag.py:538} INFO - Filling up the DagBag from /opt/airflow/dags/train_all_tsla_models_dag.py
[2026-01-10T06:10:05.817+0000] {processor.py:840} INFO - DAG(s) 'train_all_tsla_models' retrieved from /opt/airflow/dags/train_all_tsla_models_dag.py
[2026-01-10T06:10:05.988+0000] {logging_mixin.py:188} INFO - [2026-01-10T06:10:05.987+0000] {dag.py:3036} INFO - Sync 1 DAGs
[2026-01-10T06:10:06.079+0000] {logging_mixin.py:188} INFO - [2026-01-10T06:10:06.078+0000] {dag.py:3823} INFO - Setting next_dagrun for train_all_tsla_models to 2026-01-08 18:00:00+00:00, run_after=2026-01-09 18:00:00+00:00
[2026-01-10T06:10:06.107+0000] {processor.py:183} INFO - Processing /opt/airflow/dags/train_all_tsla_models_dag.py took 0.748 seconds
[2026-01-10T06:25:54.695+0000] {processor.py:161} INFO - Started process (PID=68606) to work on /opt/airflow/dags/train_all_tsla_models_dag.py
[2026-01-10T06:25:54.697+0000] {processor.py:830} INFO - Processing file /opt/airflow/dags/train_all_tsla_models_dag.py for tasks to queue
[2026-01-10T06:25:54.702+0000] {logging_mixin.py:188} INFO - [2026-01-10T06:25:54.698+0000] {dagbag.py:538} INFO - Filling up the DagBag from /opt/airflow/dags/train_all_tsla_models_dag.py
[2026-01-10T06:25:54.773+0000] {processor.py:840} INFO - DAG(s) 'train_all_tsla_models' retrieved from /opt/airflow/dags/train_all_tsla_models_dag.py
[2026-01-10T06:25:54.865+0000] {logging_mixin.py:188} INFO - [2026-01-10T06:25:54.865+0000] {dag.py:3036} INFO - Sync 1 DAGs
[2026-01-10T06:25:54.913+0000] {logging_mixin.py:188} INFO - [2026-01-10T06:25:54.913+0000] {dag.py:3823} INFO - Setting next_dagrun for train_all_tsla_models to 2026-01-08 18:00:00+00:00, run_after=2026-01-09 18:00:00+00:00
[2026-01-10T06:25:54.959+0000] {processor.py:183} INFO - Processing /opt/airflow/dags/train_all_tsla_models_dag.py took 0.276 seconds
[2026-01-10T06:47:03.991+0000] {processor.py:161} INFO - Started process (PID=68632) to work on /opt/airflow/dags/train_all_tsla_models_dag.py
[2026-01-10T06:47:03.994+0000] {processor.py:830} INFO - Processing file /opt/airflow/dags/train_all_tsla_models_dag.py for tasks to queue
[2026-01-10T06:47:03.996+0000] {logging_mixin.py:188} INFO - [2026-01-10T06:47:03.996+0000] {dagbag.py:538} INFO - Filling up the DagBag from /opt/airflow/dags/train_all_tsla_models_dag.py
[2026-01-10T06:47:04.051+0000] {processor.py:840} INFO - DAG(s) 'train_all_tsla_models' retrieved from /opt/airflow/dags/train_all_tsla_models_dag.py
[2026-01-10T06:47:04.146+0000] {logging_mixin.py:188} INFO - [2026-01-10T06:47:04.146+0000] {dag.py:3036} INFO - Sync 1 DAGs
[2026-01-10T06:47:04.195+0000] {logging_mixin.py:188} INFO - [2026-01-10T06:47:04.194+0000] {dag.py:3823} INFO - Setting next_dagrun for train_all_tsla_models to 2026-01-08 18:00:00+00:00, run_after=2026-01-09 18:00:00+00:00
[2026-01-10T06:47:04.232+0000] {processor.py:183} INFO - Processing /opt/airflow/dags/train_all_tsla_models_dag.py took 0.256 seconds
[2026-01-10T07:02:40.801+0000] {processor.py:161} INFO - Started process (PID=68656) to work on /opt/airflow/dags/train_all_tsla_models_dag.py
[2026-01-10T07:02:40.805+0000] {processor.py:830} INFO - Processing file /opt/airflow/dags/train_all_tsla_models_dag.py for tasks to queue
[2026-01-10T07:02:40.808+0000] {logging_mixin.py:188} INFO - [2026-01-10T07:02:40.808+0000] {dagbag.py:538} INFO - Filling up the DagBag from /opt/airflow/dags/train_all_tsla_models_dag.py
[2026-01-10T07:02:40.870+0000] {processor.py:840} INFO - DAG(s) 'train_all_tsla_models' retrieved from /opt/airflow/dags/train_all_tsla_models_dag.py
[2026-01-10T07:02:40.952+0000] {logging_mixin.py:188} INFO - [2026-01-10T07:02:40.951+0000] {dag.py:3036} INFO - Sync 1 DAGs
[2026-01-10T07:02:41.006+0000] {logging_mixin.py:188} INFO - [2026-01-10T07:02:41.005+0000] {dag.py:3823} INFO - Setting next_dagrun for train_all_tsla_models to 2026-01-08 18:00:00+00:00, run_after=2026-01-09 18:00:00+00:00
[2026-01-10T07:02:41.041+0000] {processor.py:183} INFO - Processing /opt/airflow/dags/train_all_tsla_models_dag.py took 0.252 seconds
[2026-01-10T07:11:15.256+0000] {processor.py:161} INFO - Started process (PID=68680) to work on /opt/airflow/dags/train_all_tsla_models_dag.py
[2026-01-10T07:11:15.258+0000] {processor.py:830} INFO - Processing file /opt/airflow/dags/train_all_tsla_models_dag.py for tasks to queue
[2026-01-10T07:11:15.262+0000] {logging_mixin.py:188} INFO - [2026-01-10T07:11:15.260+0000] {dagbag.py:538} INFO - Filling up the DagBag from /opt/airflow/dags/train_all_tsla_models_dag.py
[2026-01-10T07:11:15.308+0000] {processor.py:840} INFO - DAG(s) 'train_all_tsla_models' retrieved from /opt/airflow/dags/train_all_tsla_models_dag.py
[2026-01-10T07:11:15.393+0000] {logging_mixin.py:188} INFO - [2026-01-10T07:11:15.393+0000] {dag.py:3036} INFO - Sync 1 DAGs
[2026-01-10T07:11:15.444+0000] {logging_mixin.py:188} INFO - [2026-01-10T07:11:15.444+0000] {dag.py:3823} INFO - Setting next_dagrun for train_all_tsla_models to 2026-01-08 18:00:00+00:00, run_after=2026-01-09 18:00:00+00:00
[2026-01-10T07:11:15.479+0000] {processor.py:183} INFO - Processing /opt/airflow/dags/train_all_tsla_models_dag.py took 0.232 seconds
[2026-01-10T08:02:13.608+0000] {processor.py:161} INFO - Started process (PID=68702) to work on /opt/airflow/dags/train_all_tsla_models_dag.py
[2026-01-10T08:02:13.609+0000] {processor.py:830} INFO - Processing file /opt/airflow/dags/train_all_tsla_models_dag.py for tasks to queue
[2026-01-10T08:02:13.610+0000] {logging_mixin.py:188} INFO - [2026-01-10T08:02:13.609+0000] {dagbag.py:538} INFO - Filling up the DagBag from /opt/airflow/dags/train_all_tsla_models_dag.py
[2026-01-10T08:02:13.634+0000] {processor.py:840} INFO - DAG(s) 'train_all_tsla_models' retrieved from /opt/airflow/dags/train_all_tsla_models_dag.py
[2026-01-10T08:02:13.676+0000] {logging_mixin.py:188} INFO - [2026-01-10T08:02:13.676+0000] {dag.py:3036} INFO - Sync 1 DAGs
[2026-01-10T08:02:13.704+0000] {logging_mixin.py:188} INFO - [2026-01-10T08:02:13.704+0000] {dag.py:3823} INFO - Setting next_dagrun for train_all_tsla_models to 2026-01-08 18:00:00+00:00, run_after=2026-01-09 18:00:00+00:00
[2026-01-10T08:02:13.725+0000] {processor.py:183} INFO - Processing /opt/airflow/dags/train_all_tsla_models_dag.py took 0.124 seconds
[2026-01-10T08:12:12.009+0000] {processor.py:161} INFO - Started process (PID=68728) to work on /opt/airflow/dags/train_all_tsla_models_dag.py
[2026-01-10T08:12:12.011+0000] {processor.py:830} INFO - Processing file /opt/airflow/dags/train_all_tsla_models_dag.py for tasks to queue
[2026-01-10T08:12:12.016+0000] {logging_mixin.py:188} INFO - [2026-01-10T08:12:12.016+0000] {dagbag.py:538} INFO - Filling up the DagBag from /opt/airflow/dags/train_all_tsla_models_dag.py
[2026-01-10T08:12:12.066+0000] {processor.py:840} INFO - DAG(s) 'train_all_tsla_models' retrieved from /opt/airflow/dags/train_all_tsla_models_dag.py
[2026-01-10T08:12:12.128+0000] {logging_mixin.py:188} INFO - [2026-01-10T08:12:12.128+0000] {dag.py:3036} INFO - Sync 1 DAGs
[2026-01-10T08:12:12.172+0000] {logging_mixin.py:188} INFO - [2026-01-10T08:12:12.172+0000] {dag.py:3823} INFO - Setting next_dagrun for train_all_tsla_models to 2026-01-08 18:00:00+00:00, run_after=2026-01-09 18:00:00+00:00
[2026-01-10T08:12:12.229+0000] {processor.py:183} INFO - Processing /opt/airflow/dags/train_all_tsla_models_dag.py took 0.226 seconds
[2026-01-10T08:47:40.680+0000] {processor.py:161} INFO - Started process (PID=68752) to work on /opt/airflow/dags/train_all_tsla_models_dag.py
[2026-01-10T08:47:40.681+0000] {processor.py:830} INFO - Processing file /opt/airflow/dags/train_all_tsla_models_dag.py for tasks to queue
[2026-01-10T08:47:40.682+0000] {logging_mixin.py:188} INFO - [2026-01-10T08:47:40.681+0000] {dagbag.py:538} INFO - Filling up the DagBag from /opt/airflow/dags/train_all_tsla_models_dag.py
[2026-01-10T08:47:40.714+0000] {processor.py:840} INFO - DAG(s) 'train_all_tsla_models' retrieved from /opt/airflow/dags/train_all_tsla_models_dag.py
[2026-01-10T08:47:40.752+0000] {logging_mixin.py:188} INFO - [2026-01-10T08:47:40.751+0000] {dag.py:3036} INFO - Sync 1 DAGs
[2026-01-10T08:47:40.769+0000] {logging_mixin.py:188} INFO - [2026-01-10T08:47:40.769+0000] {dag.py:3823} INFO - Setting next_dagrun for train_all_tsla_models to 2026-01-08 18:00:00+00:00, run_after=2026-01-09 18:00:00+00:00
[2026-01-10T08:47:40.786+0000] {processor.py:183} INFO - Processing /opt/airflow/dags/train_all_tsla_models_dag.py took 0.109 seconds
[2026-01-10T09:13:08.967+0000] {processor.py:161} INFO - Started process (PID=68778) to work on /opt/airflow/dags/train_all_tsla_models_dag.py
[2026-01-10T09:13:08.975+0000] {processor.py:830} INFO - Processing file /opt/airflow/dags/train_all_tsla_models_dag.py for tasks to queue
[2026-01-10T09:13:08.979+0000] {logging_mixin.py:188} INFO - [2026-01-10T09:13:08.978+0000] {dagbag.py:538} INFO - Filling up the DagBag from /opt/airflow/dags/train_all_tsla_models_dag.py
[2026-01-10T09:13:09.046+0000] {processor.py:840} INFO - DAG(s) 'train_all_tsla_models' retrieved from /opt/airflow/dags/train_all_tsla_models_dag.py
[2026-01-10T09:13:09.126+0000] {logging_mixin.py:188} INFO - [2026-01-10T09:13:09.126+0000] {dag.py:3036} INFO - Sync 1 DAGs
[2026-01-10T09:13:09.165+0000] {logging_mixin.py:188} INFO - [2026-01-10T09:13:09.164+0000] {dag.py:3823} INFO - Setting next_dagrun for train_all_tsla_models to 2026-01-08 18:00:00+00:00, run_after=2026-01-09 18:00:00+00:00
[2026-01-10T09:13:09.198+0000] {processor.py:183} INFO - Processing /opt/airflow/dags/train_all_tsla_models_dag.py took 0.238 seconds
[2026-01-10T09:45:54.863+0000] {processor.py:161} INFO - Started process (PID=68804) to work on /opt/airflow/dags/train_all_tsla_models_dag.py
[2026-01-10T09:45:54.864+0000] {processor.py:830} INFO - Processing file /opt/airflow/dags/train_all_tsla_models_dag.py for tasks to queue
[2026-01-10T09:45:54.867+0000] {logging_mixin.py:188} INFO - [2026-01-10T09:45:54.867+0000] {dagbag.py:538} INFO - Filling up the DagBag from /opt/airflow/dags/train_all_tsla_models_dag.py
[2026-01-10T09:45:54.914+0000] {processor.py:840} INFO - DAG(s) 'train_all_tsla_models' retrieved from /opt/airflow/dags/train_all_tsla_models_dag.py
[2026-01-10T09:45:54.973+0000] {logging_mixin.py:188} INFO - [2026-01-10T09:45:54.973+0000] {dag.py:3036} INFO - Sync 1 DAGs
[2026-01-10T09:45:55.016+0000] {logging_mixin.py:188} INFO - [2026-01-10T09:45:55.016+0000] {dag.py:3823} INFO - Setting next_dagrun for train_all_tsla_models to 2026-01-08 18:00:00+00:00, run_after=2026-01-09 18:00:00+00:00
[2026-01-10T09:45:55.051+0000] {processor.py:183} INFO - Processing /opt/airflow/dags/train_all_tsla_models_dag.py took 0.197 seconds
[2026-01-10T10:14:06.037+0000] {processor.py:161} INFO - Started process (PID=68828) to work on /opt/airflow/dags/train_all_tsla_models_dag.py
[2026-01-10T10:14:06.039+0000] {processor.py:830} INFO - Processing file /opt/airflow/dags/train_all_tsla_models_dag.py for tasks to queue
[2026-01-10T10:14:06.041+0000] {logging_mixin.py:188} INFO - [2026-01-10T10:14:06.041+0000] {dagbag.py:538} INFO - Filling up the DagBag from /opt/airflow/dags/train_all_tsla_models_dag.py
[2026-01-10T10:14:06.056+0000] {processor.py:840} INFO - DAG(s) 'train_all_tsla_models' retrieved from /opt/airflow/dags/train_all_tsla_models_dag.py
[2026-01-10T10:14:06.087+0000] {logging_mixin.py:188} INFO - [2026-01-10T10:14:06.087+0000] {dag.py:3036} INFO - Sync 1 DAGs
[2026-01-10T10:14:06.101+0000] {logging_mixin.py:188} INFO - [2026-01-10T10:14:06.100+0000] {dag.py:3823} INFO - Setting next_dagrun for train_all_tsla_models to 2026-01-08 18:00:00+00:00, run_after=2026-01-09 18:00:00+00:00
[2026-01-10T10:14:06.111+0000] {processor.py:183} INFO - Processing /opt/airflow/dags/train_all_tsla_models_dag.py took 0.080 seconds
[2026-01-10T10:26:48.135+0000] {processor.py:161} INFO - Started process (PID=68852) to work on /opt/airflow/dags/train_all_tsla_models_dag.py
[2026-01-10T10:26:48.137+0000] {processor.py:830} INFO - Processing file /opt/airflow/dags/train_all_tsla_models_dag.py for tasks to queue
[2026-01-10T10:26:48.141+0000] {logging_mixin.py:188} INFO - [2026-01-10T10:26:48.140+0000] {dagbag.py:538} INFO - Filling up the DagBag from /opt/airflow/dags/train_all_tsla_models_dag.py
[2026-01-10T10:26:48.183+0000] {processor.py:840} INFO - DAG(s) 'train_all_tsla_models' retrieved from /opt/airflow/dags/train_all_tsla_models_dag.py
[2026-01-10T10:26:48.237+0000] {logging_mixin.py:188} INFO - [2026-01-10T10:26:48.237+0000] {dag.py:3036} INFO - Sync 1 DAGs
[2026-01-10T10:26:48.282+0000] {logging_mixin.py:188} INFO - [2026-01-10T10:26:48.282+0000] {dag.py:3823} INFO - Setting next_dagrun for train_all_tsla_models to 2026-01-08 18:00:00+00:00, run_after=2026-01-09 18:00:00+00:00
[2026-01-10T10:26:48.317+0000] {processor.py:183} INFO - Processing /opt/airflow/dags/train_all_tsla_models_dag.py took 0.187 seconds
[2026-01-10T10:27:18.788+0000] {processor.py:161} INFO - Started process (PID=68876) to work on /opt/airflow/dags/train_all_tsla_models_dag.py
[2026-01-10T10:27:18.789+0000] {processor.py:830} INFO - Processing file /opt/airflow/dags/train_all_tsla_models_dag.py for tasks to queue
[2026-01-10T10:27:18.790+0000] {logging_mixin.py:188} INFO - [2026-01-10T10:27:18.790+0000] {dagbag.py:538} INFO - Filling up the DagBag from /opt/airflow/dags/train_all_tsla_models_dag.py
[2026-01-10T10:27:18.813+0000] {processor.py:840} INFO - DAG(s) 'train_all_tsla_models' retrieved from /opt/airflow/dags/train_all_tsla_models_dag.py
[2026-01-10T10:27:18.850+0000] {logging_mixin.py:188} INFO - [2026-01-10T10:27:18.850+0000] {dag.py:3036} INFO - Sync 1 DAGs
[2026-01-10T10:27:18.871+0000] {logging_mixin.py:188} INFO - [2026-01-10T10:27:18.870+0000] {dag.py:3823} INFO - Setting next_dagrun for train_all_tsla_models to 2026-01-08 18:00:00+00:00, run_after=2026-01-09 18:00:00+00:00
[2026-01-10T10:27:18.882+0000] {processor.py:183} INFO - Processing /opt/airflow/dags/train_all_tsla_models_dag.py took 0.096 seconds
[2026-01-10T11:14:52.037+0000] {processor.py:161} INFO - Started process (PID=68897) to work on /opt/airflow/dags/train_all_tsla_models_dag.py
[2026-01-10T11:14:52.039+0000] {processor.py:830} INFO - Processing file /opt/airflow/dags/train_all_tsla_models_dag.py for tasks to queue
[2026-01-10T11:14:52.042+0000] {logging_mixin.py:188} INFO - [2026-01-10T11:14:52.040+0000] {dagbag.py:538} INFO - Filling up the DagBag from /opt/airflow/dags/train_all_tsla_models_dag.py
[2026-01-10T11:14:52.165+0000] {processor.py:840} INFO - DAG(s) 'train_all_tsla_models' retrieved from /opt/airflow/dags/train_all_tsla_models_dag.py
[2026-01-10T11:14:52.350+0000] {logging_mixin.py:188} INFO - [2026-01-10T11:14:52.350+0000] {dag.py:3036} INFO - Sync 1 DAGs
[2026-01-10T11:14:52.419+0000] {logging_mixin.py:188} INFO - [2026-01-10T11:14:52.418+0000] {dag.py:3823} INFO - Setting next_dagrun for train_all_tsla_models to 2026-01-08 18:00:00+00:00, run_after=2026-01-09 18:00:00+00:00
[2026-01-10T11:14:52.462+0000] {processor.py:183} INFO - Processing /opt/airflow/dags/train_all_tsla_models_dag.py took 0.433 seconds
[2026-01-10T11:15:22.935+0000] {processor.py:161} INFO - Started process (PID=68922) to work on /opt/airflow/dags/train_all_tsla_models_dag.py
[2026-01-10T11:15:22.938+0000] {processor.py:830} INFO - Processing file /opt/airflow/dags/train_all_tsla_models_dag.py for tasks to queue
[2026-01-10T11:15:22.940+0000] {logging_mixin.py:188} INFO - [2026-01-10T11:15:22.940+0000] {dagbag.py:538} INFO - Filling up the DagBag from /opt/airflow/dags/train_all_tsla_models_dag.py
[2026-01-10T11:15:22.967+0000] {processor.py:840} INFO - DAG(s) 'train_all_tsla_models' retrieved from /opt/airflow/dags/train_all_tsla_models_dag.py
[2026-01-10T11:15:23.020+0000] {logging_mixin.py:188} INFO - [2026-01-10T11:15:23.020+0000] {dag.py:3036} INFO - Sync 1 DAGs
[2026-01-10T11:15:23.045+0000] {logging_mixin.py:188} INFO - [2026-01-10T11:15:23.045+0000] {dag.py:3823} INFO - Setting next_dagrun for train_all_tsla_models to 2026-01-08 18:00:00+00:00, run_after=2026-01-09 18:00:00+00:00
[2026-01-10T11:15:23.063+0000] {processor.py:183} INFO - Processing /opt/airflow/dags/train_all_tsla_models_dag.py took 0.136 seconds
[2026-01-10T12:15:48.638+0000] {processor.py:161} INFO - Started process (PID=68942) to work on /opt/airflow/dags/train_all_tsla_models_dag.py
[2026-01-10T12:15:48.639+0000] {processor.py:830} INFO - Processing file /opt/airflow/dags/train_all_tsla_models_dag.py for tasks to queue
[2026-01-10T12:15:48.641+0000] {logging_mixin.py:188} INFO - [2026-01-10T12:15:48.640+0000] {dagbag.py:538} INFO - Filling up the DagBag from /opt/airflow/dags/train_all_tsla_models_dag.py
[2026-01-10T12:15:48.658+0000] {processor.py:840} INFO - DAG(s) 'train_all_tsla_models' retrieved from /opt/airflow/dags/train_all_tsla_models_dag.py
[2026-01-10T12:15:48.694+0000] {logging_mixin.py:188} INFO - [2026-01-10T12:15:48.694+0000] {dag.py:3036} INFO - Sync 1 DAGs
[2026-01-10T12:15:48.711+0000] {logging_mixin.py:188} INFO - [2026-01-10T12:15:48.711+0000] {dag.py:3823} INFO - Setting next_dagrun for train_all_tsla_models to 2026-01-08 18:00:00+00:00, run_after=2026-01-09 18:00:00+00:00
[2026-01-10T12:15:48.720+0000] {processor.py:183} INFO - Processing /opt/airflow/dags/train_all_tsla_models_dag.py took 0.084 seconds
[2026-01-10T12:16:19.201+0000] {processor.py:161} INFO - Started process (PID=68966) to work on /opt/airflow/dags/train_all_tsla_models_dag.py
[2026-01-10T12:16:19.202+0000] {processor.py:830} INFO - Processing file /opt/airflow/dags/train_all_tsla_models_dag.py for tasks to queue
[2026-01-10T12:16:19.203+0000] {logging_mixin.py:188} INFO - [2026-01-10T12:16:19.202+0000] {dagbag.py:538} INFO - Filling up the DagBag from /opt/airflow/dags/train_all_tsla_models_dag.py
[2026-01-10T12:16:19.225+0000] {processor.py:840} INFO - DAG(s) 'train_all_tsla_models' retrieved from /opt/airflow/dags/train_all_tsla_models_dag.py
[2026-01-10T12:16:19.267+0000] {logging_mixin.py:188} INFO - [2026-01-10T12:16:19.267+0000] {dag.py:3036} INFO - Sync 1 DAGs
[2026-01-10T12:16:19.320+0000] {logging_mixin.py:188} INFO - [2026-01-10T12:16:19.320+0000] {dag.py:3823} INFO - Setting next_dagrun for train_all_tsla_models to 2026-01-08 18:00:00+00:00, run_after=2026-01-09 18:00:00+00:00
[2026-01-10T12:16:19.334+0000] {processor.py:183} INFO - Processing /opt/airflow/dags/train_all_tsla_models_dag.py took 0.136 seconds
[2026-01-10T13:03:10.278+0000] {processor.py:161} INFO - Started process (PID=68988) to work on /opt/airflow/dags/train_all_tsla_models_dag.py
[2026-01-10T13:03:10.284+0000] {processor.py:830} INFO - Processing file /opt/airflow/dags/train_all_tsla_models_dag.py for tasks to queue
[2026-01-10T13:03:10.285+0000] {logging_mixin.py:188} INFO - [2026-01-10T13:03:10.285+0000] {dagbag.py:538} INFO - Filling up the DagBag from /opt/airflow/dags/train_all_tsla_models_dag.py
[2026-01-10T13:03:10.337+0000] {processor.py:840} INFO - DAG(s) 'train_all_tsla_models' retrieved from /opt/airflow/dags/train_all_tsla_models_dag.py
[2026-01-10T13:03:10.422+0000] {logging_mixin.py:188} INFO - [2026-01-10T13:03:10.422+0000] {dag.py:3036} INFO - Sync 1 DAGs
[2026-01-10T13:03:10.487+0000] {logging_mixin.py:188} INFO - [2026-01-10T13:03:10.487+0000] {dag.py:3823} INFO - Setting next_dagrun for train_all_tsla_models to 2026-01-08 18:00:00+00:00, run_after=2026-01-09 18:00:00+00:00
[2026-01-10T13:03:11.075+0000] {processor.py:183} INFO - Processing /opt/airflow/dags/train_all_tsla_models_dag.py took 0.805 seconds
[2026-01-10T13:17:15.588+0000] {processor.py:161} INFO - Started process (PID=69012) to work on /opt/airflow/dags/train_all_tsla_models_dag.py
[2026-01-10T13:17:15.594+0000] {processor.py:830} INFO - Processing file /opt/airflow/dags/train_all_tsla_models_dag.py for tasks to queue
[2026-01-10T13:17:15.596+0000] {logging_mixin.py:188} INFO - [2026-01-10T13:17:15.595+0000] {dagbag.py:538} INFO - Filling up the DagBag from /opt/airflow/dags/train_all_tsla_models_dag.py
[2026-01-10T13:17:15.646+0000] {processor.py:840} INFO - DAG(s) 'train_all_tsla_models' retrieved from /opt/airflow/dags/train_all_tsla_models_dag.py
[2026-01-10T13:17:15.706+0000] {logging_mixin.py:188} INFO - [2026-01-10T13:17:15.705+0000] {dag.py:3036} INFO - Sync 1 DAGs
[2026-01-10T13:17:15.745+0000] {logging_mixin.py:188} INFO - [2026-01-10T13:17:15.744+0000] {dag.py:3823} INFO - Setting next_dagrun for train_all_tsla_models to 2026-01-08 18:00:00+00:00, run_after=2026-01-09 18:00:00+00:00
[2026-01-10T13:17:15.774+0000] {processor.py:183} INFO - Processing /opt/airflow/dags/train_all_tsla_models_dag.py took 0.195 seconds
[2026-01-10T14:09:03.842+0000] {processor.py:161} INFO - Started process (PID=69035) to work on /opt/airflow/dags/train_all_tsla_models_dag.py
[2026-01-10T14:09:03.844+0000] {processor.py:830} INFO - Processing file /opt/airflow/dags/train_all_tsla_models_dag.py for tasks to queue
[2026-01-10T14:09:03.848+0000] {logging_mixin.py:188} INFO - [2026-01-10T14:09:03.847+0000] {dagbag.py:538} INFO - Filling up the DagBag from /opt/airflow/dags/train_all_tsla_models_dag.py
[2026-01-10T14:09:03.928+0000] {processor.py:840} INFO - DAG(s) 'train_all_tsla_models' retrieved from /opt/airflow/dags/train_all_tsla_models_dag.py
[2026-01-10T14:09:04.023+0000] {logging_mixin.py:188} INFO - [2026-01-10T14:09:04.021+0000] {dag.py:3036} INFO - Sync 1 DAGs
[2026-01-10T14:09:04.064+0000] {logging_mixin.py:188} INFO - [2026-01-10T14:09:04.064+0000] {dag.py:3823} INFO - Setting next_dagrun for train_all_tsla_models to 2026-01-08 18:00:00+00:00, run_after=2026-01-09 18:00:00+00:00
[2026-01-10T14:09:04.115+0000] {processor.py:183} INFO - Processing /opt/airflow/dags/train_all_tsla_models_dag.py took 0.288 seconds
[2026-01-10T14:18:12.431+0000] {processor.py:161} INFO - Started process (PID=69060) to work on /opt/airflow/dags/train_all_tsla_models_dag.py
[2026-01-10T14:18:12.432+0000] {processor.py:830} INFO - Processing file /opt/airflow/dags/train_all_tsla_models_dag.py for tasks to queue
[2026-01-10T14:18:12.433+0000] {logging_mixin.py:188} INFO - [2026-01-10T14:18:12.433+0000] {dagbag.py:538} INFO - Filling up the DagBag from /opt/airflow/dags/train_all_tsla_models_dag.py
[2026-01-10T14:18:12.453+0000] {processor.py:840} INFO - DAG(s) 'train_all_tsla_models' retrieved from /opt/airflow/dags/train_all_tsla_models_dag.py
[2026-01-10T14:18:12.488+0000] {logging_mixin.py:188} INFO - [2026-01-10T14:18:12.488+0000] {dag.py:3036} INFO - Sync 1 DAGs
[2026-01-10T14:18:12.507+0000] {logging_mixin.py:188} INFO - [2026-01-10T14:18:12.507+0000] {dag.py:3823} INFO - Setting next_dagrun for train_all_tsla_models to 2026-01-08 18:00:00+00:00, run_after=2026-01-09 18:00:00+00:00
[2026-01-10T14:18:12.521+0000] {processor.py:183} INFO - Processing /opt/airflow/dags/train_all_tsla_models_dag.py took 0.093 seconds
[2026-01-10T14:51:26.788+0000] {processor.py:161} INFO - Started process (PID=69083) to work on /opt/airflow/dags/train_all_tsla_models_dag.py
[2026-01-10T14:51:26.790+0000] {processor.py:830} INFO - Processing file /opt/airflow/dags/train_all_tsla_models_dag.py for tasks to queue
[2026-01-10T14:51:26.794+0000] {logging_mixin.py:188} INFO - [2026-01-10T14:51:26.793+0000] {dagbag.py:538} INFO - Filling up the DagBag from /opt/airflow/dags/train_all_tsla_models_dag.py
[2026-01-10T14:51:26.836+0000] {processor.py:840} INFO - DAG(s) 'train_all_tsla_models' retrieved from /opt/airflow/dags/train_all_tsla_models_dag.py
[2026-01-10T14:51:26.888+0000] {logging_mixin.py:188} INFO - [2026-01-10T14:51:26.888+0000] {dag.py:3036} INFO - Sync 1 DAGs
[2026-01-10T14:51:26.927+0000] {logging_mixin.py:188} INFO - [2026-01-10T14:51:26.927+0000] {dag.py:3823} INFO - Setting next_dagrun for train_all_tsla_models to 2026-01-08 18:00:00+00:00, run_after=2026-01-09 18:00:00+00:00
[2026-01-10T14:51:26.971+0000] {processor.py:183} INFO - Processing /opt/airflow/dags/train_all_tsla_models_dag.py took 0.192 seconds
[2026-01-10T15:00:10.232+0000] {processor.py:161} INFO - Started process (PID=69108) to work on /opt/airflow/dags/train_all_tsla_models_dag.py
[2026-01-10T15:00:10.234+0000] {processor.py:830} INFO - Processing file /opt/airflow/dags/train_all_tsla_models_dag.py for tasks to queue
[2026-01-10T15:00:10.236+0000] {logging_mixin.py:188} INFO - [2026-01-10T15:00:10.235+0000] {dagbag.py:538} INFO - Filling up the DagBag from /opt/airflow/dags/train_all_tsla_models_dag.py
[2026-01-10T15:00:10.277+0000] {processor.py:840} INFO - DAG(s) 'train_all_tsla_models' retrieved from /opt/airflow/dags/train_all_tsla_models_dag.py
[2026-01-10T15:00:10.329+0000] {logging_mixin.py:188} INFO - [2026-01-10T15:00:10.329+0000] {dag.py:3036} INFO - Sync 1 DAGs
[2026-01-10T15:00:10.348+0000] {logging_mixin.py:188} INFO - [2026-01-10T15:00:10.348+0000] {dag.py:3823} INFO - Setting next_dagrun for train_all_tsla_models to 2026-01-08 18:00:00+00:00, run_after=2026-01-09 18:00:00+00:00
[2026-01-10T15:00:10.362+0000] {processor.py:183} INFO - Processing /opt/airflow/dags/train_all_tsla_models_dag.py took 0.136 seconds
[2026-01-10T15:16:24.780+0000] {processor.py:161} INFO - Started process (PID=69132) to work on /opt/airflow/dags/train_all_tsla_models_dag.py
[2026-01-10T15:16:24.783+0000] {processor.py:830} INFO - Processing file /opt/airflow/dags/train_all_tsla_models_dag.py for tasks to queue
[2026-01-10T15:16:24.786+0000] {logging_mixin.py:188} INFO - [2026-01-10T15:16:24.786+0000] {dagbag.py:538} INFO - Filling up the DagBag from /opt/airflow/dags/train_all_tsla_models_dag.py
[2026-01-10T15:16:24.810+0000] {processor.py:840} INFO - DAG(s) 'train_all_tsla_models' retrieved from /opt/airflow/dags/train_all_tsla_models_dag.py
[2026-01-10T15:16:24.856+0000] {logging_mixin.py:188} INFO - [2026-01-10T15:16:24.856+0000] {dag.py:3036} INFO - Sync 1 DAGs
[2026-01-10T15:16:24.956+0000] {logging_mixin.py:188} INFO - [2026-01-10T15:16:24.955+0000] {dag.py:3823} INFO - Setting next_dagrun for train_all_tsla_models to 2026-01-08 18:00:00+00:00, run_after=2026-01-09 18:00:00+00:00
[2026-01-10T15:16:25.024+0000] {processor.py:183} INFO - Processing /opt/airflow/dags/train_all_tsla_models_dag.py took 0.252 seconds
[2026-01-10T15:19:01.563+0000] {processor.py:161} INFO - Started process (PID=69157) to work on /opt/airflow/dags/train_all_tsla_models_dag.py
[2026-01-10T15:19:01.568+0000] {processor.py:830} INFO - Processing file /opt/airflow/dags/train_all_tsla_models_dag.py for tasks to queue
[2026-01-10T15:19:01.573+0000] {logging_mixin.py:188} INFO - [2026-01-10T15:19:01.571+0000] {dagbag.py:538} INFO - Filling up the DagBag from /opt/airflow/dags/train_all_tsla_models_dag.py
[2026-01-10T15:19:01.631+0000] {processor.py:840} INFO - DAG(s) 'train_all_tsla_models' retrieved from /opt/airflow/dags/train_all_tsla_models_dag.py
[2026-01-10T15:19:01.708+0000] {logging_mixin.py:188} INFO - [2026-01-10T15:19:01.708+0000] {dag.py:3036} INFO - Sync 1 DAGs
[2026-01-10T15:19:01.767+0000] {logging_mixin.py:188} INFO - [2026-01-10T15:19:01.766+0000] {dag.py:3823} INFO - Setting next_dagrun for train_all_tsla_models to 2026-01-08 18:00:00+00:00, run_after=2026-01-09 18:00:00+00:00
[2026-01-10T15:19:01.805+0000] {processor.py:183} INFO - Processing /opt/airflow/dags/train_all_tsla_models_dag.py took 0.249 seconds
[2026-01-10T15:19:32.368+0000] {processor.py:161} INFO - Started process (PID=69181) to work on /opt/airflow/dags/train_all_tsla_models_dag.py
[2026-01-10T15:19:32.371+0000] {processor.py:830} INFO - Processing file /opt/airflow/dags/train_all_tsla_models_dag.py for tasks to queue
[2026-01-10T15:19:32.372+0000] {logging_mixin.py:188} INFO - [2026-01-10T15:19:32.372+0000] {dagbag.py:538} INFO - Filling up the DagBag from /opt/airflow/dags/train_all_tsla_models_dag.py
[2026-01-10T15:19:32.401+0000] {processor.py:840} INFO - DAG(s) 'train_all_tsla_models' retrieved from /opt/airflow/dags/train_all_tsla_models_dag.py
[2026-01-10T15:19:32.446+0000] {logging_mixin.py:188} INFO - [2026-01-10T15:19:32.446+0000] {dag.py:3036} INFO - Sync 1 DAGs
[2026-01-10T15:19:32.466+0000] {logging_mixin.py:188} INFO - [2026-01-10T15:19:32.466+0000] {dag.py:3823} INFO - Setting next_dagrun for train_all_tsla_models to 2026-01-08 18:00:00+00:00, run_after=2026-01-09 18:00:00+00:00
[2026-01-10T15:19:32.486+0000] {processor.py:183} INFO - Processing /opt/airflow/dags/train_all_tsla_models_dag.py took 0.125 seconds
[2026-01-10T15:38:21.046+0000] {processor.py:161} INFO - Started process (PID=69201) to work on /opt/airflow/dags/train_all_tsla_models_dag.py
[2026-01-10T15:38:21.054+0000] {processor.py:830} INFO - Processing file /opt/airflow/dags/train_all_tsla_models_dag.py for tasks to queue
[2026-01-10T15:38:21.056+0000] {logging_mixin.py:188} INFO - [2026-01-10T15:38:21.055+0000] {dagbag.py:538} INFO - Filling up the DagBag from /opt/airflow/dags/train_all_tsla_models_dag.py
[2026-01-10T15:38:21.112+0000] {processor.py:840} INFO - DAG(s) 'train_all_tsla_models' retrieved from /opt/airflow/dags/train_all_tsla_models_dag.py
[2026-01-10T15:38:21.257+0000] {logging_mixin.py:188} INFO - [2026-01-10T15:38:21.256+0000] {dag.py:3036} INFO - Sync 1 DAGs
[2026-01-10T15:38:21.299+0000] {logging_mixin.py:188} INFO - [2026-01-10T15:38:21.298+0000] {dag.py:3823} INFO - Setting next_dagrun for train_all_tsla_models to 2026-01-08 18:00:00+00:00, run_after=2026-01-09 18:00:00+00:00
[2026-01-10T15:38:21.346+0000] {processor.py:183} INFO - Processing /opt/airflow/dags/train_all_tsla_models_dag.py took 0.313 seconds
[2026-01-10T15:54:08.182+0000] {processor.py:161} INFO - Started process (PID=69227) to work on /opt/airflow/dags/train_all_tsla_models_dag.py
[2026-01-10T15:54:08.186+0000] {processor.py:830} INFO - Processing file /opt/airflow/dags/train_all_tsla_models_dag.py for tasks to queue
[2026-01-10T15:54:08.201+0000] {logging_mixin.py:188} INFO - [2026-01-10T15:54:08.198+0000] {dagbag.py:538} INFO - Filling up the DagBag from /opt/airflow/dags/train_all_tsla_models_dag.py
[2026-01-10T15:54:08.348+0000] {processor.py:840} INFO - DAG(s) 'train_all_tsla_models' retrieved from /opt/airflow/dags/train_all_tsla_models_dag.py
[2026-01-10T15:54:08.490+0000] {logging_mixin.py:188} INFO - [2026-01-10T15:54:08.489+0000] {dag.py:3036} INFO - Sync 1 DAGs
[2026-01-10T15:54:08.556+0000] {logging_mixin.py:188} INFO - [2026-01-10T15:54:08.556+0000] {dag.py:3823} INFO - Setting next_dagrun for train_all_tsla_models to 2026-01-08 18:00:00+00:00, run_after=2026-01-09 18:00:00+00:00
[2026-01-10T15:54:08.584+0000] {processor.py:183} INFO - Processing /opt/airflow/dags/train_all_tsla_models_dag.py took 0.407 seconds
[2026-01-10T15:57:10.748+0000] {processor.py:161} INFO - Started process (PID=69251) to work on /opt/airflow/dags/train_all_tsla_models_dag.py
[2026-01-10T15:57:10.752+0000] {processor.py:830} INFO - Processing file /opt/airflow/dags/train_all_tsla_models_dag.py for tasks to queue
[2026-01-10T15:57:10.763+0000] {logging_mixin.py:188} INFO - [2026-01-10T15:57:10.761+0000] {dagbag.py:538} INFO - Filling up the DagBag from /opt/airflow/dags/train_all_tsla_models_dag.py
[2026-01-10T15:57:10.814+0000] {processor.py:840} INFO - DAG(s) 'train_all_tsla_models' retrieved from /opt/airflow/dags/train_all_tsla_models_dag.py
[2026-01-10T15:57:10.901+0000] {logging_mixin.py:188} INFO - [2026-01-10T15:57:10.900+0000] {dag.py:3036} INFO - Sync 1 DAGs
[2026-01-10T15:57:10.939+0000] {logging_mixin.py:188} INFO - [2026-01-10T15:57:10.939+0000] {dag.py:3823} INFO - Setting next_dagrun for train_all_tsla_models to 2026-01-08 18:00:00+00:00, run_after=2026-01-09 18:00:00+00:00
[2026-01-10T15:57:10.955+0000] {processor.py:183} INFO - Processing /opt/airflow/dags/train_all_tsla_models_dag.py took 0.216 seconds
[2026-01-10T16:19:53.749+0000] {processor.py:161} INFO - Started process (PID=69275) to work on /opt/airflow/dags/train_all_tsla_models_dag.py
[2026-01-10T16:19:53.750+0000] {processor.py:830} INFO - Processing file /opt/airflow/dags/train_all_tsla_models_dag.py for tasks to queue
[2026-01-10T16:19:53.751+0000] {logging_mixin.py:188} INFO - [2026-01-10T16:19:53.751+0000] {dagbag.py:538} INFO - Filling up the DagBag from /opt/airflow/dags/train_all_tsla_models_dag.py
[2026-01-10T16:19:53.780+0000] {processor.py:840} INFO - DAG(s) 'train_all_tsla_models' retrieved from /opt/airflow/dags/train_all_tsla_models_dag.py
[2026-01-10T16:19:53.839+0000] {logging_mixin.py:188} INFO - [2026-01-10T16:19:53.838+0000] {dag.py:3036} INFO - Sync 1 DAGs
[2026-01-10T16:19:53.888+0000] {logging_mixin.py:188} INFO - [2026-01-10T16:19:53.888+0000] {dag.py:3823} INFO - Setting next_dagrun for train_all_tsla_models to 2026-01-08 18:00:00+00:00, run_after=2026-01-09 18:00:00+00:00
[2026-01-10T16:19:53.935+0000] {processor.py:183} INFO - Processing /opt/airflow/dags/train_all_tsla_models_dag.py took 0.194 seconds
[2026-01-10T16:20:24.601+0000] {processor.py:161} INFO - Started process (PID=69298) to work on /opt/airflow/dags/train_all_tsla_models_dag.py
[2026-01-10T16:20:24.602+0000] {processor.py:830} INFO - Processing file /opt/airflow/dags/train_all_tsla_models_dag.py for tasks to queue
[2026-01-10T16:20:24.603+0000] {logging_mixin.py:188} INFO - [2026-01-10T16:20:24.603+0000] {dagbag.py:538} INFO - Filling up the DagBag from /opt/airflow/dags/train_all_tsla_models_dag.py
[2026-01-10T16:20:24.624+0000] {processor.py:840} INFO - DAG(s) 'train_all_tsla_models' retrieved from /opt/airflow/dags/train_all_tsla_models_dag.py
[2026-01-10T16:20:24.668+0000] {logging_mixin.py:188} INFO - [2026-01-10T16:20:24.667+0000] {dag.py:3036} INFO - Sync 1 DAGs
[2026-01-10T16:20:24.693+0000] {logging_mixin.py:188} INFO - [2026-01-10T16:20:24.693+0000] {dag.py:3823} INFO - Setting next_dagrun for train_all_tsla_models to 2026-01-08 18:00:00+00:00, run_after=2026-01-09 18:00:00+00:00
[2026-01-10T16:20:24.705+0000] {processor.py:183} INFO - Processing /opt/airflow/dags/train_all_tsla_models_dag.py took 0.109 seconds
[2026-01-10T17:20:50.547+0000] {processor.py:161} INFO - Started process (PID=69319) to work on /opt/airflow/dags/train_all_tsla_models_dag.py
[2026-01-10T17:20:50.550+0000] {processor.py:830} INFO - Processing file /opt/airflow/dags/train_all_tsla_models_dag.py for tasks to queue
[2026-01-10T17:20:50.553+0000] {logging_mixin.py:188} INFO - [2026-01-10T17:20:50.552+0000] {dagbag.py:538} INFO - Filling up the DagBag from /opt/airflow/dags/train_all_tsla_models_dag.py
[2026-01-10T17:20:50.630+0000] {processor.py:840} INFO - DAG(s) 'train_all_tsla_models' retrieved from /opt/airflow/dags/train_all_tsla_models_dag.py
[2026-01-10T17:20:50.681+0000] {logging_mixin.py:188} INFO - [2026-01-10T17:20:50.681+0000] {dag.py:3036} INFO - Sync 1 DAGs
[2026-01-10T17:20:50.711+0000] {logging_mixin.py:188} INFO - [2026-01-10T17:20:50.711+0000] {dag.py:3823} INFO - Setting next_dagrun for train_all_tsla_models to 2026-01-08 18:00:00+00:00, run_after=2026-01-09 18:00:00+00:00
[2026-01-10T17:20:50.746+0000] {processor.py:183} INFO - Processing /opt/airflow/dags/train_all_tsla_models_dag.py took 0.210 seconds
[2026-01-10T17:21:21.241+0000] {processor.py:161} INFO - Started process (PID=69343) to work on /opt/airflow/dags/train_all_tsla_models_dag.py
[2026-01-10T17:21:21.243+0000] {processor.py:830} INFO - Processing file /opt/airflow/dags/train_all_tsla_models_dag.py for tasks to queue
[2026-01-10T17:21:21.243+0000] {logging_mixin.py:188} INFO - [2026-01-10T17:21:21.243+0000] {dagbag.py:538} INFO - Filling up the DagBag from /opt/airflow/dags/train_all_tsla_models_dag.py
[2026-01-10T17:21:21.271+0000] {processor.py:840} INFO - DAG(s) 'train_all_tsla_models' retrieved from /opt/airflow/dags/train_all_tsla_models_dag.py
[2026-01-10T17:21:21.330+0000] {logging_mixin.py:188} INFO - [2026-01-10T17:21:21.330+0000] {dag.py:3036} INFO - Sync 1 DAGs
[2026-01-10T17:21:21.345+0000] {logging_mixin.py:188} INFO - [2026-01-10T17:21:21.344+0000] {dag.py:3823} INFO - Setting next_dagrun for train_all_tsla_models to 2026-01-08 18:00:00+00:00, run_after=2026-01-09 18:00:00+00:00
[2026-01-10T17:21:21.354+0000] {processor.py:183} INFO - Processing /opt/airflow/dags/train_all_tsla_models_dag.py took 0.120 seconds
[2026-01-10T18:21:47.606+0000] {processor.py:161} INFO - Started process (PID=69365) to work on /opt/airflow/dags/train_all_tsla_models_dag.py
[2026-01-10T18:21:47.611+0000] {processor.py:830} INFO - Processing file /opt/airflow/dags/train_all_tsla_models_dag.py for tasks to queue
[2026-01-10T18:21:47.612+0000] {logging_mixin.py:188} INFO - [2026-01-10T18:21:47.612+0000] {dagbag.py:538} INFO - Filling up the DagBag from /opt/airflow/dags/train_all_tsla_models_dag.py
[2026-01-10T18:21:47.676+0000] {processor.py:840} INFO - DAG(s) 'train_all_tsla_models' retrieved from /opt/airflow/dags/train_all_tsla_models_dag.py
[2026-01-10T18:21:47.770+0000] {logging_mixin.py:188} INFO - [2026-01-10T18:21:47.770+0000] {dag.py:3036} INFO - Sync 1 DAGs
[2026-01-10T18:21:47.821+0000] {logging_mixin.py:188} INFO - [2026-01-10T18:21:47.821+0000] {dag.py:3823} INFO - Setting next_dagrun for train_all_tsla_models to 2026-01-08 18:00:00+00:00, run_after=2026-01-09 18:00:00+00:00
[2026-01-10T18:21:47.868+0000] {processor.py:183} INFO - Processing /opt/airflow/dags/train_all_tsla_models_dag.py took 0.272 seconds
[2026-01-10T18:22:18.500+0000] {processor.py:161} INFO - Started process (PID=69389) to work on /opt/airflow/dags/train_all_tsla_models_dag.py
[2026-01-10T18:22:18.501+0000] {processor.py:830} INFO - Processing file /opt/airflow/dags/train_all_tsla_models_dag.py for tasks to queue
[2026-01-10T18:22:18.502+0000] {logging_mixin.py:188} INFO - [2026-01-10T18:22:18.502+0000] {dagbag.py:538} INFO - Filling up the DagBag from /opt/airflow/dags/train_all_tsla_models_dag.py
[2026-01-10T18:22:18.525+0000] {processor.py:840} INFO - DAG(s) 'train_all_tsla_models' retrieved from /opt/airflow/dags/train_all_tsla_models_dag.py
[2026-01-10T18:22:18.554+0000] {logging_mixin.py:188} INFO - [2026-01-10T18:22:18.554+0000] {dag.py:3036} INFO - Sync 1 DAGs
[2026-01-10T18:22:18.570+0000] {logging_mixin.py:188} INFO - [2026-01-10T18:22:18.570+0000] {dag.py:3823} INFO - Setting next_dagrun for train_all_tsla_models to 2026-01-08 18:00:00+00:00, run_after=2026-01-09 18:00:00+00:00
[2026-01-10T18:22:18.580+0000] {processor.py:183} INFO - Processing /opt/airflow/dags/train_all_tsla_models_dag.py took 0.088 seconds
[2026-01-10T19:11:14.463+0000] {processor.py:161} INFO - Started process (PID=69409) to work on /opt/airflow/dags/train_all_tsla_models_dag.py
[2026-01-10T19:11:14.468+0000] {processor.py:830} INFO - Processing file /opt/airflow/dags/train_all_tsla_models_dag.py for tasks to queue
[2026-01-10T19:11:14.470+0000] {logging_mixin.py:188} INFO - [2026-01-10T19:11:14.469+0000] {dagbag.py:538} INFO - Filling up the DagBag from /opt/airflow/dags/train_all_tsla_models_dag.py
[2026-01-10T19:11:14.513+0000] {processor.py:840} INFO - DAG(s) 'train_all_tsla_models' retrieved from /opt/airflow/dags/train_all_tsla_models_dag.py
[2026-01-10T19:11:14.576+0000] {logging_mixin.py:188} INFO - [2026-01-10T19:11:14.575+0000] {dag.py:3036} INFO - Sync 1 DAGs
[2026-01-10T19:11:14.614+0000] {logging_mixin.py:188} INFO - [2026-01-10T19:11:14.614+0000] {dag.py:3823} INFO - Setting next_dagrun for train_all_tsla_models to 2026-01-08 18:00:00+00:00, run_after=2026-01-09 18:00:00+00:00
[2026-01-10T19:11:14.644+0000] {processor.py:183} INFO - Processing /opt/airflow/dags/train_all_tsla_models_dag.py took 0.185 seconds
[2026-01-10T19:23:13.969+0000] {processor.py:161} INFO - Started process (PID=69433) to work on /opt/airflow/dags/train_all_tsla_models_dag.py
[2026-01-10T19:23:13.970+0000] {processor.py:830} INFO - Processing file /opt/airflow/dags/train_all_tsla_models_dag.py for tasks to queue
[2026-01-10T19:23:13.972+0000] {logging_mixin.py:188} INFO - [2026-01-10T19:23:13.971+0000] {dagbag.py:538} INFO - Filling up the DagBag from /opt/airflow/dags/train_all_tsla_models_dag.py
[2026-01-10T19:23:13.996+0000] {processor.py:840} INFO - DAG(s) 'train_all_tsla_models' retrieved from /opt/airflow/dags/train_all_tsla_models_dag.py
[2026-01-10T19:23:14.035+0000] {logging_mixin.py:188} INFO - [2026-01-10T19:23:14.035+0000] {dag.py:3036} INFO - Sync 1 DAGs
[2026-01-10T19:23:14.063+0000] {logging_mixin.py:188} INFO - [2026-01-10T19:23:14.063+0000] {dag.py:3823} INFO - Setting next_dagrun for train_all_tsla_models to 2026-01-08 18:00:00+00:00, run_after=2026-01-09 18:00:00+00:00
[2026-01-10T19:23:14.076+0000] {processor.py:183} INFO - Processing /opt/airflow/dags/train_all_tsla_models_dag.py took 0.112 seconds
[2026-01-10T19:58:22.467+0000] {processor.py:161} INFO - Started process (PID=69461) to work on /opt/airflow/dags/train_all_tsla_models_dag.py
[2026-01-10T19:58:22.469+0000] {processor.py:830} INFO - Processing file /opt/airflow/dags/train_all_tsla_models_dag.py for tasks to queue
[2026-01-10T19:58:22.470+0000] {logging_mixin.py:188} INFO - [2026-01-10T19:58:22.469+0000] {dagbag.py:538} INFO - Filling up the DagBag from /opt/airflow/dags/train_all_tsla_models_dag.py
[2026-01-10T19:58:22.496+0000] {processor.py:840} INFO - DAG(s) 'train_all_tsla_models' retrieved from /opt/airflow/dags/train_all_tsla_models_dag.py
[2026-01-10T19:58:22.532+0000] {logging_mixin.py:188} INFO - [2026-01-10T19:58:22.532+0000] {dag.py:3036} INFO - Sync 1 DAGs
[2026-01-10T19:58:22.561+0000] {logging_mixin.py:188} INFO - [2026-01-10T19:58:22.561+0000] {dag.py:3823} INFO - Setting next_dagrun for train_all_tsla_models to 2026-01-08 18:00:00+00:00, run_after=2026-01-09 18:00:00+00:00
[2026-01-10T19:58:22.580+0000] {processor.py:183} INFO - Processing /opt/airflow/dags/train_all_tsla_models_dag.py took 0.119 seconds
[2026-01-10T20:24:10.416+0000] {processor.py:161} INFO - Started process (PID=69481) to work on /opt/airflow/dags/train_all_tsla_models_dag.py
[2026-01-10T20:24:10.419+0000] {processor.py:830} INFO - Processing file /opt/airflow/dags/train_all_tsla_models_dag.py for tasks to queue
[2026-01-10T20:24:10.421+0000] {logging_mixin.py:188} INFO - [2026-01-10T20:24:10.420+0000] {dagbag.py:538} INFO - Filling up the DagBag from /opt/airflow/dags/train_all_tsla_models_dag.py
[2026-01-10T20:24:10.452+0000] {processor.py:840} INFO - DAG(s) 'train_all_tsla_models' retrieved from /opt/airflow/dags/train_all_tsla_models_dag.py
[2026-01-10T20:24:10.502+0000] {logging_mixin.py:188} INFO - [2026-01-10T20:24:10.502+0000] {dag.py:3036} INFO - Sync 1 DAGs
[2026-01-10T20:24:10.521+0000] {logging_mixin.py:188} INFO - [2026-01-10T20:24:10.521+0000] {dag.py:3823} INFO - Setting next_dagrun for train_all_tsla_models to 2026-01-08 18:00:00+00:00, run_after=2026-01-09 18:00:00+00:00
[2026-01-10T20:24:10.533+0000] {processor.py:183} INFO - Processing /opt/airflow/dags/train_all_tsla_models_dag.py took 0.122 seconds
[2026-01-10T20:56:01.789+0000] {processor.py:161} INFO - Started process (PID=69505) to work on /opt/airflow/dags/train_all_tsla_models_dag.py
[2026-01-10T20:56:01.793+0000] {processor.py:830} INFO - Processing file /opt/airflow/dags/train_all_tsla_models_dag.py for tasks to queue
[2026-01-10T20:56:01.794+0000] {logging_mixin.py:188} INFO - [2026-01-10T20:56:01.793+0000] {dagbag.py:538} INFO - Filling up the DagBag from /opt/airflow/dags/train_all_tsla_models_dag.py
[2026-01-10T20:56:01.820+0000] {processor.py:840} INFO - DAG(s) 'train_all_tsla_models' retrieved from /opt/airflow/dags/train_all_tsla_models_dag.py
[2026-01-10T20:56:01.879+0000] {logging_mixin.py:188} INFO - [2026-01-10T20:56:01.879+0000] {dag.py:3036} INFO - Sync 1 DAGs
[2026-01-10T20:56:01.943+0000] {logging_mixin.py:188} INFO - [2026-01-10T20:56:01.943+0000] {dag.py:3823} INFO - Setting next_dagrun for train_all_tsla_models to 2026-01-08 18:00:00+00:00, run_after=2026-01-09 18:00:00+00:00
[2026-01-10T20:56:01.970+0000] {processor.py:183} INFO - Processing /opt/airflow/dags/train_all_tsla_models_dag.py took 0.188 seconds
[2026-01-10T21:25:07.872+0000] {processor.py:161} INFO - Started process (PID=69529) to work on /opt/airflow/dags/train_all_tsla_models_dag.py
[2026-01-10T21:25:07.874+0000] {processor.py:830} INFO - Processing file /opt/airflow/dags/train_all_tsla_models_dag.py for tasks to queue
[2026-01-10T21:25:07.876+0000] {logging_mixin.py:188} INFO - [2026-01-10T21:25:07.875+0000] {dagbag.py:538} INFO - Filling up the DagBag from /opt/airflow/dags/train_all_tsla_models_dag.py
[2026-01-10T21:25:07.909+0000] {processor.py:840} INFO - DAG(s) 'train_all_tsla_models' retrieved from /opt/airflow/dags/train_all_tsla_models_dag.py
[2026-01-10T21:25:07.990+0000] {logging_mixin.py:188} INFO - [2026-01-10T21:25:07.990+0000] {dag.py:3036} INFO - Sync 1 DAGs
[2026-01-10T21:25:08.042+0000] {logging_mixin.py:188} INFO - [2026-01-10T21:25:08.041+0000] {dag.py:3823} INFO - Setting next_dagrun for train_all_tsla_models to 2026-01-08 18:00:00+00:00, run_after=2026-01-09 18:00:00+00:00
[2026-01-10T21:25:08.068+0000] {processor.py:183} INFO - Processing /opt/airflow/dags/train_all_tsla_models_dag.py took 0.202 seconds
[2026-01-10T21:41:50.815+0000] {processor.py:161} INFO - Started process (PID=69552) to work on /opt/airflow/dags/train_all_tsla_models_dag.py
[2026-01-10T21:41:50.817+0000] {processor.py:830} INFO - Processing file /opt/airflow/dags/train_all_tsla_models_dag.py for tasks to queue
[2026-01-10T21:41:50.820+0000] {logging_mixin.py:188} INFO - [2026-01-10T21:41:50.819+0000] {dagbag.py:538} INFO - Filling up the DagBag from /opt/airflow/dags/train_all_tsla_models_dag.py
[2026-01-10T21:41:50.859+0000] {processor.py:840} INFO - DAG(s) 'train_all_tsla_models' retrieved from /opt/airflow/dags/train_all_tsla_models_dag.py
[2026-01-10T21:41:50.916+0000] {logging_mixin.py:188} INFO - [2026-01-10T21:41:50.915+0000] {dag.py:3036} INFO - Sync 1 DAGs
[2026-01-10T21:41:50.967+0000] {logging_mixin.py:188} INFO - [2026-01-10T21:41:50.967+0000] {dag.py:3823} INFO - Setting next_dagrun for train_all_tsla_models to 2026-01-08 18:00:00+00:00, run_after=2026-01-09 18:00:00+00:00
[2026-01-10T21:41:51.007+0000] {processor.py:183} INFO - Processing /opt/airflow/dags/train_all_tsla_models_dag.py took 0.195 seconds
[2026-01-10T22:26:04.707+0000] {processor.py:161} INFO - Started process (PID=69578) to work on /opt/airflow/dags/train_all_tsla_models_dag.py
[2026-01-10T22:26:04.712+0000] {processor.py:830} INFO - Processing file /opt/airflow/dags/train_all_tsla_models_dag.py for tasks to queue
[2026-01-10T22:26:04.715+0000] {logging_mixin.py:188} INFO - [2026-01-10T22:26:04.715+0000] {dagbag.py:538} INFO - Filling up the DagBag from /opt/airflow/dags/train_all_tsla_models_dag.py
[2026-01-10T22:26:04.746+0000] {processor.py:840} INFO - DAG(s) 'train_all_tsla_models' retrieved from /opt/airflow/dags/train_all_tsla_models_dag.py
[2026-01-10T22:26:04.815+0000] {logging_mixin.py:188} INFO - [2026-01-10T22:26:04.814+0000] {dag.py:3036} INFO - Sync 1 DAGs
[2026-01-10T22:26:04.865+0000] {logging_mixin.py:188} INFO - [2026-01-10T22:26:04.865+0000] {dag.py:3823} INFO - Setting next_dagrun for train_all_tsla_models to 2026-01-08 18:00:00+00:00, run_after=2026-01-09 18:00:00+00:00
[2026-01-10T22:26:04.902+0000] {processor.py:183} INFO - Processing /opt/airflow/dags/train_all_tsla_models_dag.py took 0.201 seconds
[2026-01-10T22:44:29.514+0000] {processor.py:161} INFO - Started process (PID=69603) to work on /opt/airflow/dags/train_all_tsla_models_dag.py
[2026-01-10T22:44:29.517+0000] {processor.py:830} INFO - Processing file /opt/airflow/dags/train_all_tsla_models_dag.py for tasks to queue
[2026-01-10T22:44:29.518+0000] {logging_mixin.py:188} INFO - [2026-01-10T22:44:29.518+0000] {dagbag.py:538} INFO - Filling up the DagBag from /opt/airflow/dags/train_all_tsla_models_dag.py
[2026-01-10T22:44:29.558+0000] {processor.py:840} INFO - DAG(s) 'train_all_tsla_models' retrieved from /opt/airflow/dags/train_all_tsla_models_dag.py
[2026-01-10T22:44:29.657+0000] {logging_mixin.py:188} INFO - [2026-01-10T22:44:29.657+0000] {dag.py:3036} INFO - Sync 1 DAGs
[2026-01-10T22:44:29.726+0000] {logging_mixin.py:188} INFO - [2026-01-10T22:44:29.724+0000] {dag.py:3823} INFO - Setting next_dagrun for train_all_tsla_models to 2026-01-08 18:00:00+00:00, run_after=2026-01-09 18:00:00+00:00
[2026-01-10T22:44:29.762+0000] {processor.py:183} INFO - Processing /opt/airflow/dags/train_all_tsla_models_dag.py took 0.251 seconds
[2026-01-10T23:13:02.882+0000] {processor.py:161} INFO - Started process (PID=69627) to work on /opt/airflow/dags/train_all_tsla_models_dag.py
[2026-01-10T23:13:02.885+0000] {processor.py:830} INFO - Processing file /opt/airflow/dags/train_all_tsla_models_dag.py for tasks to queue
[2026-01-10T23:13:02.887+0000] {logging_mixin.py:188} INFO - [2026-01-10T23:13:02.887+0000] {dagbag.py:538} INFO - Filling up the DagBag from /opt/airflow/dags/train_all_tsla_models_dag.py
[2026-01-10T23:13:02.960+0000] {processor.py:840} INFO - DAG(s) 'train_all_tsla_models' retrieved from /opt/airflow/dags/train_all_tsla_models_dag.py
[2026-01-10T23:13:03.033+0000] {logging_mixin.py:188} INFO - [2026-01-10T23:13:03.032+0000] {dag.py:3036} INFO - Sync 1 DAGs
[2026-01-10T23:13:03.078+0000] {logging_mixin.py:188} INFO - [2026-01-10T23:13:03.078+0000] {dag.py:3823} INFO - Setting next_dagrun for train_all_tsla_models to 2026-01-08 18:00:00+00:00, run_after=2026-01-09 18:00:00+00:00
[2026-01-10T23:13:03.114+0000] {processor.py:183} INFO - Processing /opt/airflow/dags/train_all_tsla_models_dag.py took 0.239 seconds
[2026-01-10T23:26:49.852+0000] {processor.py:161} INFO - Started process (PID=69650) to work on /opt/airflow/dags/train_all_tsla_models_dag.py
[2026-01-10T23:26:49.859+0000] {processor.py:830} INFO - Processing file /opt/airflow/dags/train_all_tsla_models_dag.py for tasks to queue
[2026-01-10T23:26:49.867+0000] {logging_mixin.py:188} INFO - [2026-01-10T23:26:49.865+0000] {dagbag.py:538} INFO - Filling up the DagBag from /opt/airflow/dags/train_all_tsla_models_dag.py
[2026-01-10T23:26:49.949+0000] {processor.py:840} INFO - DAG(s) 'train_all_tsla_models' retrieved from /opt/airflow/dags/train_all_tsla_models_dag.py
[2026-01-10T23:26:50.060+0000] {logging_mixin.py:188} INFO - [2026-01-10T23:26:50.059+0000] {dag.py:3036} INFO - Sync 1 DAGs
[2026-01-10T23:26:50.145+0000] {logging_mixin.py:188} INFO - [2026-01-10T23:26:50.144+0000] {dag.py:3823} INFO - Setting next_dagrun for train_all_tsla_models to 2026-01-08 18:00:00+00:00, run_after=2026-01-09 18:00:00+00:00
[2026-01-10T23:26:50.198+0000] {processor.py:183} INFO - Processing /opt/airflow/dags/train_all_tsla_models_dag.py took 0.372 seconds
[2026-01-10T23:27:20.703+0000] {processor.py:161} INFO - Started process (PID=69675) to work on /opt/airflow/dags/train_all_tsla_models_dag.py
[2026-01-10T23:27:20.704+0000] {processor.py:830} INFO - Processing file /opt/airflow/dags/train_all_tsla_models_dag.py for tasks to queue
[2026-01-10T23:27:20.705+0000] {logging_mixin.py:188} INFO - [2026-01-10T23:27:20.704+0000] {dagbag.py:538} INFO - Filling up the DagBag from /opt/airflow/dags/train_all_tsla_models_dag.py
[2026-01-10T23:27:20.728+0000] {processor.py:840} INFO - DAG(s) 'train_all_tsla_models' retrieved from /opt/airflow/dags/train_all_tsla_models_dag.py
[2026-01-10T23:27:20.758+0000] {logging_mixin.py:188} INFO - [2026-01-10T23:27:20.758+0000] {dag.py:3036} INFO - Sync 1 DAGs
[2026-01-10T23:27:20.773+0000] {logging_mixin.py:188} INFO - [2026-01-10T23:27:20.773+0000] {dag.py:3823} INFO - Setting next_dagrun for train_all_tsla_models to 2026-01-08 18:00:00+00:00, run_after=2026-01-09 18:00:00+00:00
[2026-01-10T23:27:20.783+0000] {processor.py:183} INFO - Processing /opt/airflow/dags/train_all_tsla_models_dag.py took 0.082 seconds
