[2026-01-11T00:27:46.420+0000] {processor.py:161} INFO - Started process (PID=69692) to work on /opt/airflow/dags/multi_company_stock_training_dag.py
[2026-01-11T00:27:46.425+0000] {processor.py:830} INFO - Processing file /opt/airflow/dags/multi_company_stock_training_dag.py for tasks to queue
[2026-01-11T00:27:46.431+0000] {logging_mixin.py:188} INFO - [2026-01-11T00:27:46.429+0000] {dagbag.py:538} INFO - Filling up the DagBag from /opt/airflow/dags/multi_company_stock_training_dag.py
[2026-01-11T00:27:46.474+0000] {processor.py:840} INFO - DAG(s) 'multi_company_stock_training' retrieved from /opt/airflow/dags/multi_company_stock_training_dag.py
[2026-01-11T00:27:46.622+0000] {logging_mixin.py:188} INFO - [2026-01-11T00:27:46.622+0000] {dag.py:3036} INFO - Sync 1 DAGs
[2026-01-11T00:27:46.692+0000] {logging_mixin.py:188} INFO - [2026-01-11T00:27:46.691+0000] {dag.py:3823} INFO - Setting next_dagrun for multi_company_stock_training to 2026-01-03 18:00:00+00:00, run_after=2026-01-10 18:00:00+00:00
[2026-01-11T00:27:46.811+0000] {processor.py:183} INFO - Processing /opt/airflow/dags/multi_company_stock_training_dag.py took 0.396 seconds
[2026-01-11T00:28:17.701+0000] {processor.py:161} INFO - Started process (PID=69716) to work on /opt/airflow/dags/multi_company_stock_training_dag.py
[2026-01-11T00:28:17.705+0000] {processor.py:830} INFO - Processing file /opt/airflow/dags/multi_company_stock_training_dag.py for tasks to queue
[2026-01-11T00:28:17.708+0000] {logging_mixin.py:188} INFO - [2026-01-11T00:28:17.707+0000] {dagbag.py:538} INFO - Filling up the DagBag from /opt/airflow/dags/multi_company_stock_training_dag.py
[2026-01-11T00:28:17.763+0000] {processor.py:840} INFO - DAG(s) 'multi_company_stock_training' retrieved from /opt/airflow/dags/multi_company_stock_training_dag.py
[2026-01-11T00:28:17.910+0000] {logging_mixin.py:188} INFO - [2026-01-11T00:28:17.910+0000] {dag.py:3036} INFO - Sync 1 DAGs
[2026-01-11T00:28:17.953+0000] {logging_mixin.py:188} INFO - [2026-01-11T00:28:17.953+0000] {dag.py:3823} INFO - Setting next_dagrun for multi_company_stock_training to 2026-01-03 18:00:00+00:00, run_after=2026-01-10 18:00:00+00:00
[2026-01-11T00:28:17.987+0000] {processor.py:183} INFO - Processing /opt/airflow/dags/multi_company_stock_training_dag.py took 0.303 seconds
[2026-01-11T01:17:04.007+0000] {processor.py:161} INFO - Started process (PID=69736) to work on /opt/airflow/dags/multi_company_stock_training_dag.py
[2026-01-11T01:17:04.009+0000] {processor.py:830} INFO - Processing file /opt/airflow/dags/multi_company_stock_training_dag.py for tasks to queue
[2026-01-11T01:17:04.010+0000] {logging_mixin.py:188} INFO - [2026-01-11T01:17:04.010+0000] {dagbag.py:538} INFO - Filling up the DagBag from /opt/airflow/dags/multi_company_stock_training_dag.py
[2026-01-11T01:17:04.050+0000] {processor.py:840} INFO - DAG(s) 'multi_company_stock_training' retrieved from /opt/airflow/dags/multi_company_stock_training_dag.py
[2026-01-11T01:17:04.115+0000] {logging_mixin.py:188} INFO - [2026-01-11T01:17:04.115+0000] {dag.py:3036} INFO - Sync 1 DAGs
[2026-01-11T01:17:04.141+0000] {logging_mixin.py:188} INFO - [2026-01-11T01:17:04.141+0000] {dag.py:3823} INFO - Setting next_dagrun for multi_company_stock_training to 2026-01-03 18:00:00+00:00, run_after=2026-01-10 18:00:00+00:00
[2026-01-11T01:17:04.155+0000] {processor.py:183} INFO - Processing /opt/airflow/dags/multi_company_stock_training_dag.py took 0.162 seconds
[2026-01-11T01:29:14.274+0000] {processor.py:161} INFO - Started process (PID=69760) to work on /opt/airflow/dags/multi_company_stock_training_dag.py
[2026-01-11T01:29:14.277+0000] {processor.py:830} INFO - Processing file /opt/airflow/dags/multi_company_stock_training_dag.py for tasks to queue
[2026-01-11T01:29:14.296+0000] {logging_mixin.py:188} INFO - [2026-01-11T01:29:14.283+0000] {dagbag.py:538} INFO - Filling up the DagBag from /opt/airflow/dags/multi_company_stock_training_dag.py
[2026-01-11T01:29:14.337+0000] {processor.py:840} INFO - DAG(s) 'multi_company_stock_training' retrieved from /opt/airflow/dags/multi_company_stock_training_dag.py
[2026-01-11T01:29:14.456+0000] {logging_mixin.py:188} INFO - [2026-01-11T01:29:14.456+0000] {dag.py:3036} INFO - Sync 1 DAGs
[2026-01-11T01:29:14.503+0000] {logging_mixin.py:188} INFO - [2026-01-11T01:29:14.503+0000] {dag.py:3823} INFO - Setting next_dagrun for multi_company_stock_training to 2026-01-03 18:00:00+00:00, run_after=2026-01-10 18:00:00+00:00
[2026-01-11T01:29:14.526+0000] {processor.py:183} INFO - Processing /opt/airflow/dags/multi_company_stock_training_dag.py took 0.263 seconds
[2026-01-11T02:03:46.288+0000] {processor.py:161} INFO - Started process (PID=69784) to work on /opt/airflow/dags/multi_company_stock_training_dag.py
[2026-01-11T02:03:46.297+0000] {processor.py:830} INFO - Processing file /opt/airflow/dags/multi_company_stock_training_dag.py for tasks to queue
[2026-01-11T02:03:46.313+0000] {logging_mixin.py:188} INFO - [2026-01-11T02:03:46.310+0000] {dagbag.py:538} INFO - Filling up the DagBag from /opt/airflow/dags/multi_company_stock_training_dag.py
[2026-01-11T02:03:46.431+0000] {processor.py:840} INFO - DAG(s) 'multi_company_stock_training' retrieved from /opt/airflow/dags/multi_company_stock_training_dag.py
[2026-01-11T02:03:46.605+0000] {logging_mixin.py:188} INFO - [2026-01-11T02:03:46.605+0000] {dag.py:3036} INFO - Sync 1 DAGs
[2026-01-11T02:03:46.653+0000] {logging_mixin.py:188} INFO - [2026-01-11T02:03:46.653+0000] {dag.py:3823} INFO - Setting next_dagrun for multi_company_stock_training to 2026-01-03 18:00:00+00:00, run_after=2026-01-10 18:00:00+00:00
[2026-01-11T02:03:46.693+0000] {processor.py:183} INFO - Processing /opt/airflow/dags/multi_company_stock_training_dag.py took 0.421 seconds
[2026-01-11T02:30:10.689+0000] {processor.py:161} INFO - Started process (PID=69808) to work on /opt/airflow/dags/multi_company_stock_training_dag.py
[2026-01-11T02:30:10.691+0000] {processor.py:830} INFO - Processing file /opt/airflow/dags/multi_company_stock_training_dag.py for tasks to queue
[2026-01-11T02:30:10.693+0000] {logging_mixin.py:188} INFO - [2026-01-11T02:30:10.692+0000] {dagbag.py:538} INFO - Filling up the DagBag from /opt/airflow/dags/multi_company_stock_training_dag.py
[2026-01-11T02:30:10.739+0000] {processor.py:840} INFO - DAG(s) 'multi_company_stock_training' retrieved from /opt/airflow/dags/multi_company_stock_training_dag.py
[2026-01-11T02:30:10.850+0000] {logging_mixin.py:188} INFO - [2026-01-11T02:30:10.850+0000] {dag.py:3036} INFO - Sync 1 DAGs
[2026-01-11T02:30:10.933+0000] {logging_mixin.py:188} INFO - [2026-01-11T02:30:10.932+0000] {dag.py:3823} INFO - Setting next_dagrun for multi_company_stock_training to 2026-01-03 18:00:00+00:00, run_after=2026-01-10 18:00:00+00:00
[2026-01-11T02:30:10.973+0000] {processor.py:183} INFO - Processing /opt/airflow/dags/multi_company_stock_training_dag.py took 0.290 seconds
[2026-01-11T03:02:01.281+0000] {processor.py:161} INFO - Started process (PID=69834) to work on /opt/airflow/dags/multi_company_stock_training_dag.py
[2026-01-11T03:02:01.288+0000] {processor.py:830} INFO - Processing file /opt/airflow/dags/multi_company_stock_training_dag.py for tasks to queue
[2026-01-11T03:02:01.290+0000] {logging_mixin.py:188} INFO - [2026-01-11T03:02:01.289+0000] {dagbag.py:538} INFO - Filling up the DagBag from /opt/airflow/dags/multi_company_stock_training_dag.py
[2026-01-11T03:02:01.409+0000] {processor.py:840} INFO - DAG(s) 'multi_company_stock_training' retrieved from /opt/airflow/dags/multi_company_stock_training_dag.py
[2026-01-11T03:02:01.565+0000] {logging_mixin.py:188} INFO - [2026-01-11T03:02:01.564+0000] {dag.py:3036} INFO - Sync 1 DAGs
[2026-01-11T03:02:01.594+0000] {logging_mixin.py:188} INFO - [2026-01-11T03:02:01.593+0000] {dag.py:3823} INFO - Setting next_dagrun for multi_company_stock_training to 2026-01-03 18:00:00+00:00, run_after=2026-01-10 18:00:00+00:00
[2026-01-11T03:02:01.624+0000] {processor.py:183} INFO - Processing /opt/airflow/dags/multi_company_stock_training_dag.py took 0.359 seconds
[2026-01-11T03:31:07.404+0000] {processor.py:161} INFO - Started process (PID=69858) to work on /opt/airflow/dags/multi_company_stock_training_dag.py
[2026-01-11T03:31:07.405+0000] {processor.py:830} INFO - Processing file /opt/airflow/dags/multi_company_stock_training_dag.py for tasks to queue
[2026-01-11T03:31:07.406+0000] {logging_mixin.py:188} INFO - [2026-01-11T03:31:07.406+0000] {dagbag.py:538} INFO - Filling up the DagBag from /opt/airflow/dags/multi_company_stock_training_dag.py
[2026-01-11T03:31:07.442+0000] {processor.py:840} INFO - DAG(s) 'multi_company_stock_training' retrieved from /opt/airflow/dags/multi_company_stock_training_dag.py
[2026-01-11T03:31:07.503+0000] {logging_mixin.py:188} INFO - [2026-01-11T03:31:07.503+0000] {dag.py:3036} INFO - Sync 1 DAGs
[2026-01-11T03:31:07.520+0000] {logging_mixin.py:188} INFO - [2026-01-11T03:31:07.520+0000] {dag.py:3823} INFO - Setting next_dagrun for multi_company_stock_training to 2026-01-03 18:00:00+00:00, run_after=2026-01-10 18:00:00+00:00
[2026-01-11T03:31:07.529+0000] {processor.py:183} INFO - Processing /opt/airflow/dags/multi_company_stock_training_dag.py took 0.133 seconds
[2026-01-11T03:49:33.175+0000] {processor.py:161} INFO - Started process (PID=69882) to work on /opt/airflow/dags/multi_company_stock_training_dag.py
[2026-01-11T03:49:33.180+0000] {processor.py:830} INFO - Processing file /opt/airflow/dags/multi_company_stock_training_dag.py for tasks to queue
[2026-01-11T03:49:33.184+0000] {logging_mixin.py:188} INFO - [2026-01-11T03:49:33.183+0000] {dagbag.py:538} INFO - Filling up the DagBag from /opt/airflow/dags/multi_company_stock_training_dag.py
[2026-01-11T03:49:33.606+0000] {processor.py:840} INFO - DAG(s) 'multi_company_stock_training' retrieved from /opt/airflow/dags/multi_company_stock_training_dag.py
[2026-01-11T03:49:34.038+0000] {logging_mixin.py:188} INFO - [2026-01-11T03:49:34.038+0000] {dag.py:3036} INFO - Sync 1 DAGs
[2026-01-11T03:49:34.068+0000] {logging_mixin.py:188} INFO - [2026-01-11T03:49:34.068+0000] {dag.py:3823} INFO - Setting next_dagrun for multi_company_stock_training to 2026-01-03 18:00:00+00:00, run_after=2026-01-10 18:00:00+00:00
[2026-01-11T03:49:34.086+0000] {processor.py:183} INFO - Processing /opt/airflow/dags/multi_company_stock_training_dag.py took 0.956 seconds
[2026-01-11T04:05:58.298+0000] {processor.py:161} INFO - Started process (PID=69906) to work on /opt/airflow/dags/multi_company_stock_training_dag.py
[2026-01-11T04:05:58.300+0000] {processor.py:830} INFO - Processing file /opt/airflow/dags/multi_company_stock_training_dag.py for tasks to queue
[2026-01-11T04:05:58.303+0000] {logging_mixin.py:188} INFO - [2026-01-11T04:05:58.302+0000] {dagbag.py:538} INFO - Filling up the DagBag from /opt/airflow/dags/multi_company_stock_training_dag.py
[2026-01-11T04:05:58.352+0000] {processor.py:840} INFO - DAG(s) 'multi_company_stock_training' retrieved from /opt/airflow/dags/multi_company_stock_training_dag.py
[2026-01-11T04:05:58.502+0000] {logging_mixin.py:188} INFO - [2026-01-11T04:05:58.501+0000] {dag.py:3036} INFO - Sync 1 DAGs
[2026-01-11T04:05:58.539+0000] {logging_mixin.py:188} INFO - [2026-01-11T04:05:58.538+0000] {dag.py:3823} INFO - Setting next_dagrun for multi_company_stock_training to 2026-01-03 18:00:00+00:00, run_after=2026-01-10 18:00:00+00:00
[2026-01-11T04:05:58.569+0000] {processor.py:183} INFO - Processing /opt/airflow/dags/multi_company_stock_training_dag.py took 0.285 seconds
[2026-01-11T04:31:58.640+0000] {processor.py:161} INFO - Started process (PID=69930) to work on /opt/airflow/dags/multi_company_stock_training_dag.py
[2026-01-11T04:31:58.642+0000] {processor.py:830} INFO - Processing file /opt/airflow/dags/multi_company_stock_training_dag.py for tasks to queue
[2026-01-11T04:31:58.643+0000] {logging_mixin.py:188} INFO - [2026-01-11T04:31:58.642+0000] {dagbag.py:538} INFO - Filling up the DagBag from /opt/airflow/dags/multi_company_stock_training_dag.py
[2026-01-11T04:31:58.669+0000] {processor.py:840} INFO - DAG(s) 'multi_company_stock_training' retrieved from /opt/airflow/dags/multi_company_stock_training_dag.py
[2026-01-11T04:31:58.743+0000] {logging_mixin.py:188} INFO - [2026-01-11T04:31:58.742+0000] {dag.py:3036} INFO - Sync 1 DAGs
[2026-01-11T04:31:58.761+0000] {logging_mixin.py:188} INFO - [2026-01-11T04:31:58.761+0000] {dag.py:3823} INFO - Setting next_dagrun for multi_company_stock_training to 2026-01-03 18:00:00+00:00, run_after=2026-01-10 18:00:00+00:00
[2026-01-11T04:31:58.774+0000] {processor.py:183} INFO - Processing /opt/airflow/dags/multi_company_stock_training_dag.py took 0.139 seconds
[2026-01-11T04:32:29.166+0000] {processor.py:161} INFO - Started process (PID=69954) to work on /opt/airflow/dags/multi_company_stock_training_dag.py
[2026-01-11T04:32:29.167+0000] {processor.py:830} INFO - Processing file /opt/airflow/dags/multi_company_stock_training_dag.py for tasks to queue
[2026-01-11T04:32:29.168+0000] {logging_mixin.py:188} INFO - [2026-01-11T04:32:29.168+0000] {dagbag.py:538} INFO - Filling up the DagBag from /opt/airflow/dags/multi_company_stock_training_dag.py
[2026-01-11T04:32:29.188+0000] {processor.py:840} INFO - DAG(s) 'multi_company_stock_training' retrieved from /opt/airflow/dags/multi_company_stock_training_dag.py
[2026-01-11T04:32:29.242+0000] {logging_mixin.py:188} INFO - [2026-01-11T04:32:29.242+0000] {dag.py:3036} INFO - Sync 1 DAGs
[2026-01-11T04:32:29.256+0000] {logging_mixin.py:188} INFO - [2026-01-11T04:32:29.256+0000] {dag.py:3823} INFO - Setting next_dagrun for multi_company_stock_training to 2026-01-03 18:00:00+00:00, run_after=2026-01-10 18:00:00+00:00
[2026-01-11T04:32:29.284+0000] {processor.py:183} INFO - Processing /opt/airflow/dags/multi_company_stock_training_dag.py took 0.130 seconds
[2026-01-11T05:32:56.077+0000] {processor.py:161} INFO - Started process (PID=69974) to work on /opt/airflow/dags/multi_company_stock_training_dag.py
[2026-01-11T05:32:56.080+0000] {processor.py:830} INFO - Processing file /opt/airflow/dags/multi_company_stock_training_dag.py for tasks to queue
[2026-01-11T05:32:56.083+0000] {logging_mixin.py:188} INFO - [2026-01-11T05:32:56.082+0000] {dagbag.py:538} INFO - Filling up the DagBag from /opt/airflow/dags/multi_company_stock_training_dag.py
[2026-01-11T05:32:56.147+0000] {processor.py:840} INFO - DAG(s) 'multi_company_stock_training' retrieved from /opt/airflow/dags/multi_company_stock_training_dag.py
[2026-01-11T05:32:56.264+0000] {logging_mixin.py:188} INFO - [2026-01-11T05:32:56.263+0000] {dag.py:3036} INFO - Sync 1 DAGs
[2026-01-11T05:32:56.309+0000] {logging_mixin.py:188} INFO - [2026-01-11T05:32:56.309+0000] {dag.py:3823} INFO - Setting next_dagrun for multi_company_stock_training to 2026-01-03 18:00:00+00:00, run_after=2026-01-10 18:00:00+00:00
[2026-01-11T05:32:56.345+0000] {processor.py:183} INFO - Processing /opt/airflow/dags/multi_company_stock_training_dag.py took 0.290 seconds
[2026-01-11T05:33:26.875+0000] {processor.py:161} INFO - Started process (PID=69998) to work on /opt/airflow/dags/multi_company_stock_training_dag.py
[2026-01-11T05:33:26.878+0000] {processor.py:830} INFO - Processing file /opt/airflow/dags/multi_company_stock_training_dag.py for tasks to queue
[2026-01-11T05:33:26.880+0000] {logging_mixin.py:188} INFO - [2026-01-11T05:33:26.880+0000] {dagbag.py:538} INFO - Filling up the DagBag from /opt/airflow/dags/multi_company_stock_training_dag.py
[2026-01-11T05:33:26.904+0000] {processor.py:840} INFO - DAG(s) 'multi_company_stock_training' retrieved from /opt/airflow/dags/multi_company_stock_training_dag.py
[2026-01-11T05:33:26.960+0000] {logging_mixin.py:188} INFO - [2026-01-11T05:33:26.959+0000] {dag.py:3036} INFO - Sync 1 DAGs
[2026-01-11T05:33:26.972+0000] {logging_mixin.py:188} INFO - [2026-01-11T05:33:26.972+0000] {dag.py:3823} INFO - Setting next_dagrun for multi_company_stock_training to 2026-01-03 18:00:00+00:00, run_after=2026-01-10 18:00:00+00:00
[2026-01-11T05:33:26.983+0000] {processor.py:183} INFO - Processing /opt/airflow/dags/multi_company_stock_training_dag.py took 0.112 seconds
[2026-01-11T06:33:52.433+0000] {processor.py:161} INFO - Started process (PID=70018) to work on /opt/airflow/dags/multi_company_stock_training_dag.py
[2026-01-11T06:33:52.435+0000] {processor.py:830} INFO - Processing file /opt/airflow/dags/multi_company_stock_training_dag.py for tasks to queue
[2026-01-11T06:33:52.437+0000] {logging_mixin.py:188} INFO - [2026-01-11T06:33:52.436+0000] {dagbag.py:538} INFO - Filling up the DagBag from /opt/airflow/dags/multi_company_stock_training_dag.py
[2026-01-11T06:33:52.463+0000] {processor.py:840} INFO - DAG(s) 'multi_company_stock_training' retrieved from /opt/airflow/dags/multi_company_stock_training_dag.py
[2026-01-11T06:33:52.610+0000] {logging_mixin.py:188} INFO - [2026-01-11T06:33:52.609+0000] {dag.py:3036} INFO - Sync 1 DAGs
[2026-01-11T06:33:52.678+0000] {logging_mixin.py:188} INFO - [2026-01-11T06:33:52.677+0000] {dag.py:3823} INFO - Setting next_dagrun for multi_company_stock_training to 2026-01-03 18:00:00+00:00, run_after=2026-01-10 18:00:00+00:00
[2026-01-11T06:33:52.709+0000] {processor.py:183} INFO - Processing /opt/airflow/dags/multi_company_stock_training_dag.py took 0.283 seconds
[2026-01-11T06:34:23.221+0000] {processor.py:161} INFO - Started process (PID=70042) to work on /opt/airflow/dags/multi_company_stock_training_dag.py
[2026-01-11T06:34:23.224+0000] {processor.py:830} INFO - Processing file /opt/airflow/dags/multi_company_stock_training_dag.py for tasks to queue
[2026-01-11T06:34:23.225+0000] {logging_mixin.py:188} INFO - [2026-01-11T06:34:23.225+0000] {dagbag.py:538} INFO - Filling up the DagBag from /opt/airflow/dags/multi_company_stock_training_dag.py
[2026-01-11T06:34:23.255+0000] {processor.py:840} INFO - DAG(s) 'multi_company_stock_training' retrieved from /opt/airflow/dags/multi_company_stock_training_dag.py
[2026-01-11T06:34:23.327+0000] {logging_mixin.py:188} INFO - [2026-01-11T06:34:23.327+0000] {dag.py:3036} INFO - Sync 1 DAGs
[2026-01-11T06:34:23.347+0000] {logging_mixin.py:188} INFO - [2026-01-11T06:34:23.347+0000] {dag.py:3823} INFO - Setting next_dagrun for multi_company_stock_training to 2026-01-03 18:00:00+00:00, run_after=2026-01-10 18:00:00+00:00
[2026-01-11T06:34:23.359+0000] {processor.py:183} INFO - Processing /opt/airflow/dags/multi_company_stock_training_dag.py took 0.147 seconds
[2026-01-11T07:07:44.063+0000] {processor.py:161} INFO - Started process (PID=70063) to work on /opt/airflow/dags/multi_company_stock_training_dag.py
[2026-01-11T07:07:44.063+0000] {processor.py:830} INFO - Processing file /opt/airflow/dags/multi_company_stock_training_dag.py for tasks to queue
[2026-01-11T07:07:44.064+0000] {logging_mixin.py:188} INFO - [2026-01-11T07:07:44.064+0000] {dagbag.py:538} INFO - Filling up the DagBag from /opt/airflow/dags/multi_company_stock_training_dag.py
[2026-01-11T07:07:44.086+0000] {processor.py:840} INFO - DAG(s) 'multi_company_stock_training' retrieved from /opt/airflow/dags/multi_company_stock_training_dag.py
[2026-01-11T07:07:44.140+0000] {logging_mixin.py:188} INFO - [2026-01-11T07:07:44.140+0000] {dag.py:3036} INFO - Sync 1 DAGs
[2026-01-11T07:07:44.155+0000] {logging_mixin.py:188} INFO - [2026-01-11T07:07:44.155+0000] {dag.py:3823} INFO - Setting next_dagrun for multi_company_stock_training to 2026-01-03 18:00:00+00:00, run_after=2026-01-10 18:00:00+00:00
[2026-01-11T07:07:44.165+0000] {processor.py:183} INFO - Processing /opt/airflow/dags/multi_company_stock_training_dag.py took 0.107 seconds
[2026-01-11T07:08:14.585+0000] {processor.py:161} INFO - Started process (PID=70088) to work on /opt/airflow/dags/multi_company_stock_training_dag.py
[2026-01-11T07:08:14.587+0000] {processor.py:830} INFO - Processing file /opt/airflow/dags/multi_company_stock_training_dag.py for tasks to queue
[2026-01-11T07:08:14.588+0000] {logging_mixin.py:188} INFO - [2026-01-11T07:08:14.587+0000] {dagbag.py:538} INFO - Filling up the DagBag from /opt/airflow/dags/multi_company_stock_training_dag.py
[2026-01-11T07:08:14.609+0000] {processor.py:840} INFO - DAG(s) 'multi_company_stock_training' retrieved from /opt/airflow/dags/multi_company_stock_training_dag.py
[2026-01-11T07:08:14.667+0000] {logging_mixin.py:188} INFO - [2026-01-11T07:08:14.667+0000] {dag.py:3036} INFO - Sync 1 DAGs
[2026-01-11T07:08:14.680+0000] {logging_mixin.py:188} INFO - [2026-01-11T07:08:14.680+0000] {dag.py:3823} INFO - Setting next_dagrun for multi_company_stock_training to 2026-01-03 18:00:00+00:00, run_after=2026-01-10 18:00:00+00:00
[2026-01-11T07:08:14.691+0000] {processor.py:183} INFO - Processing /opt/airflow/dags/multi_company_stock_training_dag.py took 0.110 seconds
[2026-01-11T07:09:34.441+0000] {processor.py:161} INFO - Started process (PID=70108) to work on /opt/airflow/dags/multi_company_stock_training_dag.py
[2026-01-11T07:09:34.442+0000] {processor.py:830} INFO - Processing file /opt/airflow/dags/multi_company_stock_training_dag.py for tasks to queue
[2026-01-11T07:09:34.443+0000] {logging_mixin.py:188} INFO - [2026-01-11T07:09:34.443+0000] {dagbag.py:538} INFO - Filling up the DagBag from /opt/airflow/dags/multi_company_stock_training_dag.py
[2026-01-11T07:09:34.462+0000] {processor.py:840} INFO - DAG(s) 'multi_company_stock_training' retrieved from /opt/airflow/dags/multi_company_stock_training_dag.py
[2026-01-11T07:09:34.510+0000] {logging_mixin.py:188} INFO - [2026-01-11T07:09:34.510+0000] {dag.py:3036} INFO - Sync 1 DAGs
[2026-01-11T07:09:34.524+0000] {logging_mixin.py:188} INFO - [2026-01-11T07:09:34.524+0000] {dag.py:3823} INFO - Setting next_dagrun for multi_company_stock_training to 2026-01-03 18:00:00+00:00, run_after=2026-01-10 18:00:00+00:00
[2026-01-11T07:09:34.534+0000] {processor.py:183} INFO - Processing /opt/airflow/dags/multi_company_stock_training_dag.py took 0.102 seconds
[2026-01-11T07:25:46.901+0000] {processor.py:161} INFO - Started process (PID=70128) to work on /opt/airflow/dags/multi_company_stock_training_dag.py
[2026-01-11T07:25:46.902+0000] {processor.py:830} INFO - Processing file /opt/airflow/dags/multi_company_stock_training_dag.py for tasks to queue
[2026-01-11T07:25:46.903+0000] {logging_mixin.py:188} INFO - [2026-01-11T07:25:46.902+0000] {dagbag.py:538} INFO - Filling up the DagBag from /opt/airflow/dags/multi_company_stock_training_dag.py
[2026-01-11T07:25:46.937+0000] {processor.py:840} INFO - DAG(s) 'multi_company_stock_training' retrieved from /opt/airflow/dags/multi_company_stock_training_dag.py
[2026-01-11T07:25:46.990+0000] {logging_mixin.py:188} INFO - [2026-01-11T07:25:46.990+0000] {dag.py:3036} INFO - Sync 1 DAGs
[2026-01-11T07:25:47.005+0000] {logging_mixin.py:188} INFO - [2026-01-11T07:25:47.005+0000] {dag.py:3823} INFO - Setting next_dagrun for multi_company_stock_training to 2026-01-03 18:00:00+00:00, run_after=2026-01-10 18:00:00+00:00
[2026-01-11T07:25:47.015+0000] {processor.py:183} INFO - Processing /opt/airflow/dags/multi_company_stock_training_dag.py took 0.122 seconds
[2026-01-11T07:26:17.410+0000] {processor.py:161} INFO - Started process (PID=70154) to work on /opt/airflow/dags/multi_company_stock_training_dag.py
[2026-01-11T07:26:17.411+0000] {processor.py:830} INFO - Processing file /opt/airflow/dags/multi_company_stock_training_dag.py for tasks to queue
[2026-01-11T07:26:17.412+0000] {logging_mixin.py:188} INFO - [2026-01-11T07:26:17.411+0000] {dagbag.py:538} INFO - Filling up the DagBag from /opt/airflow/dags/multi_company_stock_training_dag.py
[2026-01-11T07:26:17.436+0000] {processor.py:840} INFO - DAG(s) 'multi_company_stock_training' retrieved from /opt/airflow/dags/multi_company_stock_training_dag.py
[2026-01-11T07:26:17.489+0000] {logging_mixin.py:188} INFO - [2026-01-11T07:26:17.489+0000] {dag.py:3036} INFO - Sync 1 DAGs
[2026-01-11T07:26:17.506+0000] {logging_mixin.py:188} INFO - [2026-01-11T07:26:17.506+0000] {dag.py:3823} INFO - Setting next_dagrun for multi_company_stock_training to 2026-01-03 18:00:00+00:00, run_after=2026-01-10 18:00:00+00:00
[2026-01-11T07:26:17.517+0000] {processor.py:183} INFO - Processing /opt/airflow/dags/multi_company_stock_training_dag.py took 0.111 seconds
[2026-01-11T07:35:03.917+0000] {processor.py:161} INFO - Started process (PID=70174) to work on /opt/airflow/dags/multi_company_stock_training_dag.py
[2026-01-11T07:35:03.918+0000] {processor.py:830} INFO - Processing file /opt/airflow/dags/multi_company_stock_training_dag.py for tasks to queue
[2026-01-11T07:35:03.920+0000] {logging_mixin.py:188} INFO - [2026-01-11T07:35:03.919+0000] {dagbag.py:538} INFO - Filling up the DagBag from /opt/airflow/dags/multi_company_stock_training_dag.py
[2026-01-11T07:35:03.946+0000] {processor.py:840} INFO - DAG(s) 'multi_company_stock_training' retrieved from /opt/airflow/dags/multi_company_stock_training_dag.py
[2026-01-11T07:35:04.061+0000] {logging_mixin.py:188} INFO - [2026-01-11T07:35:04.061+0000] {dag.py:3036} INFO - Sync 1 DAGs
[2026-01-11T07:35:04.105+0000] {logging_mixin.py:188} INFO - [2026-01-11T07:35:04.104+0000] {dag.py:3823} INFO - Setting next_dagrun for multi_company_stock_training to 2026-01-03 18:00:00+00:00, run_after=2026-01-10 18:00:00+00:00
[2026-01-11T07:35:04.150+0000] {processor.py:183} INFO - Processing /opt/airflow/dags/multi_company_stock_training_dag.py took 0.243 seconds
[2026-01-11T07:50:55.730+0000] {processor.py:161} INFO - Started process (PID=70198) to work on /opt/airflow/dags/multi_company_stock_training_dag.py
[2026-01-11T07:50:55.734+0000] {processor.py:830} INFO - Processing file /opt/airflow/dags/multi_company_stock_training_dag.py for tasks to queue
[2026-01-11T07:50:55.735+0000] {logging_mixin.py:188} INFO - [2026-01-11T07:50:55.734+0000] {dagbag.py:538} INFO - Filling up the DagBag from /opt/airflow/dags/multi_company_stock_training_dag.py
[2026-01-11T07:50:55.802+0000] {processor.py:840} INFO - DAG(s) 'multi_company_stock_training' retrieved from /opt/airflow/dags/multi_company_stock_training_dag.py
[2026-01-11T07:50:55.938+0000] {logging_mixin.py:188} INFO - [2026-01-11T07:50:55.938+0000] {dag.py:3036} INFO - Sync 1 DAGs
[2026-01-11T07:50:55.979+0000] {logging_mixin.py:188} INFO - [2026-01-11T07:50:55.979+0000] {dag.py:3823} INFO - Setting next_dagrun for multi_company_stock_training to 2026-01-03 18:00:00+00:00, run_after=2026-01-10 18:00:00+00:00
[2026-01-11T07:50:56.008+0000] {processor.py:183} INFO - Processing /opt/airflow/dags/multi_company_stock_training_dag.py took 0.298 seconds
[2026-01-11T08:27:15.518+0000] {processor.py:161} INFO - Started process (PID=70224) to work on /opt/airflow/dags/multi_company_stock_training_dag.py
[2026-01-11T08:27:15.525+0000] {processor.py:830} INFO - Processing file /opt/airflow/dags/multi_company_stock_training_dag.py for tasks to queue
[2026-01-11T08:27:15.560+0000] {logging_mixin.py:188} INFO - [2026-01-11T08:27:15.553+0000] {dagbag.py:538} INFO - Filling up the DagBag from /opt/airflow/dags/multi_company_stock_training_dag.py
[2026-01-11T08:27:15.913+0000] {processor.py:840} INFO - DAG(s) 'multi_company_stock_training' retrieved from /opt/airflow/dags/multi_company_stock_training_dag.py
[2026-01-11T08:27:16.295+0000] {logging_mixin.py:188} INFO - [2026-01-11T08:27:16.294+0000] {dag.py:3036} INFO - Sync 1 DAGs
[2026-01-11T08:27:16.508+0000] {logging_mixin.py:188} INFO - [2026-01-11T08:27:16.508+0000] {dag.py:3823} INFO - Setting next_dagrun for multi_company_stock_training to 2026-01-03 18:00:00+00:00, run_after=2026-01-10 18:00:00+00:00
[2026-01-11T08:27:16.576+0000] {processor.py:183} INFO - Processing /opt/airflow/dags/multi_company_stock_training_dag.py took 1.149 seconds
[2026-01-11T08:27:46.894+0000] {processor.py:161} INFO - Started process (PID=70248) to work on /opt/airflow/dags/multi_company_stock_training_dag.py
[2026-01-11T08:27:46.898+0000] {processor.py:830} INFO - Processing file /opt/airflow/dags/multi_company_stock_training_dag.py for tasks to queue
[2026-01-11T08:27:46.899+0000] {logging_mixin.py:188} INFO - [2026-01-11T08:27:46.899+0000] {dagbag.py:538} INFO - Filling up the DagBag from /opt/airflow/dags/multi_company_stock_training_dag.py
[2026-01-11T08:27:46.943+0000] {processor.py:840} INFO - DAG(s) 'multi_company_stock_training' retrieved from /opt/airflow/dags/multi_company_stock_training_dag.py
[2026-01-11T08:27:47.073+0000] {logging_mixin.py:188} INFO - [2026-01-11T08:27:47.073+0000] {dag.py:3036} INFO - Sync 1 DAGs
[2026-01-11T08:27:47.131+0000] {logging_mixin.py:188} INFO - [2026-01-11T08:27:47.130+0000] {dag.py:3823} INFO - Setting next_dagrun for multi_company_stock_training to 2026-01-03 18:00:00+00:00, run_after=2026-01-10 18:00:00+00:00
[2026-01-11T08:27:47.214+0000] {processor.py:183} INFO - Processing /opt/airflow/dags/multi_company_stock_training_dag.py took 0.332 seconds
[2026-01-11T08:28:17.773+0000] {processor.py:161} INFO - Started process (PID=70268) to work on /opt/airflow/dags/multi_company_stock_training_dag.py
[2026-01-11T08:28:17.779+0000] {processor.py:830} INFO - Processing file /opt/airflow/dags/multi_company_stock_training_dag.py for tasks to queue
[2026-01-11T08:28:17.785+0000] {logging_mixin.py:188} INFO - [2026-01-11T08:28:17.782+0000] {dagbag.py:538} INFO - Filling up the DagBag from /opt/airflow/dags/multi_company_stock_training_dag.py
[2026-01-11T08:28:17.863+0000] {processor.py:840} INFO - DAG(s) 'multi_company_stock_training' retrieved from /opt/airflow/dags/multi_company_stock_training_dag.py
[2026-01-11T08:28:17.945+0000] {logging_mixin.py:188} INFO - [2026-01-11T08:28:17.945+0000] {dag.py:3036} INFO - Sync 1 DAGs
[2026-01-11T08:28:17.996+0000] {logging_mixin.py:188} INFO - [2026-01-11T08:28:17.995+0000] {dag.py:3823} INFO - Setting next_dagrun for multi_company_stock_training to 2026-01-03 18:00:00+00:00, run_after=2026-01-10 18:00:00+00:00
[2026-01-11T08:28:18.059+0000] {processor.py:183} INFO - Processing /opt/airflow/dags/multi_company_stock_training_dag.py took 0.317 seconds
