[2026-01-12T11:47:53.968+0000] {taskinstance.py:1956} INFO - Dependencies all met for dep_context=non-requeueable deps ti=<TaskInstance: multi_company_stock_training.train_TSLA_GRU scheduled__2026-01-03T18:00:00+00:00 [queued]>
[2026-01-12T11:47:54.217+0000] {taskinstance.py:1956} INFO - Dependencies all met for dep_context=requeueable deps ti=<TaskInstance: multi_company_stock_training.train_TSLA_GRU scheduled__2026-01-03T18:00:00+00:00 [queued]>
[2026-01-12T11:47:54.221+0000] {taskinstance.py:2170} INFO - Starting attempt 1 of 2
[2026-01-12T11:47:54.341+0000] {taskinstance.py:2191} INFO - Executing <Task(PythonOperator): train_TSLA_GRU> on 2026-01-03 18:00:00+00:00
[2026-01-12T11:47:54.371+0000] {standard_task_runner.py:60} INFO - Started process 3228 to run task
[2026-01-12T11:47:54.518+0000] {standard_task_runner.py:87} INFO - Running: ['airflow', 'tasks', 'run', 'multi_company_stock_training', 'train_TSLA_GRU', 'scheduled__2026-01-03T18:00:00+00:00', '--job-id', '29', '--raw', '--subdir', 'DAGS_FOLDER/multi_company_stock_training_dag.py', '--cfg-path', '/tmp/tmpsee_rm3s']
[2026-01-12T11:47:54.546+0000] {standard_task_runner.py:88} INFO - Job 29: Subtask train_TSLA_GRU
[2026-01-12T11:47:55.684+0000] {task_command.py:423} INFO - Running <TaskInstance: multi_company_stock_training.train_TSLA_GRU scheduled__2026-01-03T18:00:00+00:00 [running]> on host 3820d7fa4e04
[2026-01-12T11:47:58.069+0000] {taskinstance.py:2480} INFO - Exporting env vars: AIRFLOW_CTX_DAG_OWNER='airflow' AIRFLOW_CTX_DAG_ID='multi_company_stock_training' AIRFLOW_CTX_TASK_ID='train_TSLA_GRU' AIRFLOW_CTX_EXECUTION_DATE='2026-01-03T18:00:00+00:00' AIRFLOW_CTX_TRY_NUMBER='1' AIRFLOW_CTX_DAG_RUN_ID='scheduled__2026-01-03T18:00:00+00:00'
[2026-01-12T11:47:59.182+0000] {logging_mixin.py:188} INFO - Executing: python /opt/airflow/work/scripts/stock_prediction/train_multi_company.py --ticker TSLA --model GRU --start 2018-01-01 --epochs 20 --batch-size 32
[2026-01-12T12:04:30.342+0000] {logging_mixin.py:188} INFO - 
############################################################
MULTI-COMPANY STOCK PREDICTION TRAINING
############################################################
Ticker: TSLA
Models: GRU
Period: 2018-01-01 to today
############################################################


============================================================
Downloading TSLA stock data...
Period: 2018-01-01 to 2026-01-12
Using: yfinance
============================================================

🔄 Attempting to download data (attempt 1/5)...
⚠️  Error on attempt 1: download() got an unexpected keyword argument 'show_errors'
🔄 Retrying...
⏳ Waiting 5 seconds before retry (attempt 2/5)...
🔄 Attempting to download data (attempt 2/5)...
⚠️  Error on attempt 2: download() got an unexpected keyword argument 'show_errors'
🔄 Retrying...
⏳ Waiting 10 seconds before retry (attempt 3/5)...
🔄 Attempting to download data (attempt 3/5)...
⚠️  Error on attempt 3: download() got an unexpected keyword argument 'show_errors'
🔄 Retrying...
⏳ Waiting 20 seconds before retry (attempt 4/5)...
🔄 Attempting to download data (attempt 4/5)...
⚠️  Error on attempt 4: download() got an unexpected keyword argument 'show_errors'
🔄 Retrying...
⏳ Waiting 40 seconds before retry (attempt 5/5)...
🔄 Attempting to download data (attempt 5/5)...
⚠️  Error on attempt 5: download() got an unexpected keyword argument 'show_errors'
❌ Failed after 5 attempts: download() got an unexpected keyword argument 'show_errors'

############################################################
TRAINING SUMMARY FOR TSLA
############################################################
GRU: FAILED
############################################################
[2026-01-12T12:04:32.457+0000] {python.py:201} INFO - Done. Returned value was: TSLA_GRU_SUCCESS
[2026-01-12T12:04:40.431+0000] {taskinstance.py:1138} INFO - Marking task as SUCCESS. dag_id=multi_company_stock_training, task_id=train_TSLA_GRU, execution_date=20260103T180000, start_date=20260112T114753, end_date=20260112T120440
[2026-01-12T12:05:19.026+0000] {local_task_job_runner.py:234} INFO - Task exited with return code 0
[2026-01-12T12:05:23.002+0000] {taskinstance.py:3280} INFO - 0 downstream tasks scheduled from follow-on schedule check
[2026-01-12T18:33:01.916+0000] {taskinstance.py:1956} INFO - Dependencies all met for dep_context=non-requeueable deps ti=<TaskInstance: multi_company_stock_training.train_TSLA_GRU scheduled__2026-01-03T18:00:00+00:00 [queued]>
[2026-01-12T18:33:01.949+0000] {taskinstance.py:1956} INFO - Dependencies all met for dep_context=requeueable deps ti=<TaskInstance: multi_company_stock_training.train_TSLA_GRU scheduled__2026-01-03T18:00:00+00:00 [queued]>
[2026-01-12T18:33:01.952+0000] {taskinstance.py:2170} INFO - Starting attempt 1 of 2
[2026-01-12T18:33:02.010+0000] {taskinstance.py:2191} INFO - Executing <Task(PythonOperator): train_TSLA_GRU> on 2026-01-03 18:00:00+00:00
[2026-01-12T18:33:02.026+0000] {standard_task_runner.py:60} INFO - Started process 345 to run task
[2026-01-12T18:33:02.039+0000] {standard_task_runner.py:87} INFO - Running: ['airflow', 'tasks', 'run', 'multi_company_stock_training', 'train_TSLA_GRU', 'scheduled__2026-01-03T18:00:00+00:00', '--job-id', '44', '--raw', '--subdir', 'DAGS_FOLDER/multi_company_stock_training_dag.py', '--cfg-path', '/tmp/tmpxpghbj1g']
[2026-01-12T18:33:02.057+0000] {standard_task_runner.py:88} INFO - Job 44: Subtask train_TSLA_GRU
[2026-01-12T18:33:02.189+0000] {task_command.py:423} INFO - Running <TaskInstance: multi_company_stock_training.train_TSLA_GRU scheduled__2026-01-03T18:00:00+00:00 [running]> on host c8e1908e1aac
[2026-01-12T18:33:02.583+0000] {taskinstance.py:2480} INFO - Exporting env vars: AIRFLOW_CTX_DAG_OWNER='airflow' AIRFLOW_CTX_DAG_ID='multi_company_stock_training' AIRFLOW_CTX_TASK_ID='train_TSLA_GRU' AIRFLOW_CTX_EXECUTION_DATE='2026-01-03T18:00:00+00:00' AIRFLOW_CTX_TRY_NUMBER='1' AIRFLOW_CTX_DAG_RUN_ID='scheduled__2026-01-03T18:00:00+00:00'
[2026-01-12T18:33:02.719+0000] {logging_mixin.py:188} INFO - Executing: python /opt/airflow/work/scripts/stock_prediction/train_multi_company.py --ticker TSLA --model GRU --start 2018-01-01 --epochs 20 --batch-size 32
[2026-01-12T18:35:19.744+0000] {logging_mixin.py:188} INFO - 
############################################################
MULTI-COMPANY STOCK PREDICTION TRAINING
############################################################
Ticker: TSLA
Models: GRU
Period: 2018-01-01 to today
############################################################


============================================================
Downloading TSLA stock data...
Period: 2018-01-01 to 2026-01-12
Using: yfinance
============================================================

🔄 Attempting to download data (attempt 1/5)...
⚠️  Error on attempt 1: download() got an unexpected keyword argument 'show_errors'
🔄 Retrying...
⏳ Waiting 5 seconds before retry (attempt 2/5)...
🔄 Attempting to download data (attempt 2/5)...
⚠️  Error on attempt 2: download() got an unexpected keyword argument 'show_errors'
🔄 Retrying...
⏳ Waiting 10 seconds before retry (attempt 3/5)...
🔄 Attempting to download data (attempt 3/5)...
⚠️  Error on attempt 3: download() got an unexpected keyword argument 'show_errors'
🔄 Retrying...
⏳ Waiting 20 seconds before retry (attempt 4/5)...
🔄 Attempting to download data (attempt 4/5)...
⚠️  Error on attempt 4: download() got an unexpected keyword argument 'show_errors'
🔄 Retrying...
⏳ Waiting 40 seconds before retry (attempt 5/5)...
🔄 Attempting to download data (attempt 5/5)...
⚠️  Error on attempt 5: download() got an unexpected keyword argument 'show_errors'
❌ Failed after 5 attempts: download() got an unexpected keyword argument 'show_errors'

############################################################
TRAINING SUMMARY FOR TSLA
############################################################
GRU: FAILED
############################################################
[2026-01-12T18:35:19.800+0000] {python.py:201} INFO - Done. Returned value was: TSLA_GRU_SUCCESS
[2026-01-12T18:35:20.115+0000] {taskinstance.py:1138} INFO - Marking task as SUCCESS. dag_id=multi_company_stock_training, task_id=train_TSLA_GRU, execution_date=20260103T180000, start_date=20260112T183301, end_date=20260112T183520
[2026-01-12T18:35:20.818+0000] {local_task_job_runner.py:234} INFO - Task exited with return code 0
[2026-01-12T18:35:20.876+0000] {taskinstance.py:3280} INFO - 0 downstream tasks scheduled from follow-on schedule check
