[2026-01-12T12:05:46.094+0000] {taskinstance.py:1956} INFO - Dependencies all met for dep_context=non-requeueable deps ti=<TaskInstance: multi_company_stock_training.generate_summary_report scheduled__2026-01-03T18:00:00+00:00 [queued]>
[2026-01-12T12:05:46.165+0000] {taskinstance.py:1956} INFO - Dependencies all met for dep_context=requeueable deps ti=<TaskInstance: multi_company_stock_training.generate_summary_report scheduled__2026-01-03T18:00:00+00:00 [queued]>
[2026-01-12T12:05:46.168+0000] {taskinstance.py:2170} INFO - Starting attempt 1 of 2
[2026-01-12T12:05:46.237+0000] {taskinstance.py:2191} INFO - Executing <Task(PythonOperator): generate_summary_report> on 2026-01-03 18:00:00+00:00
[2026-01-12T12:05:46.303+0000] {standard_task_runner.py:60} INFO - Started process 4009 to run task
[2026-01-12T12:05:46.347+0000] {standard_task_runner.py:87} INFO - Running: ['airflow', 'tasks', 'run', 'multi_company_stock_training', 'generate_summary_report', 'scheduled__2026-01-03T18:00:00+00:00', '--job-id', '32', '--raw', '--subdir', 'DAGS_FOLDER/multi_company_stock_training_dag.py', '--cfg-path', '/tmp/tmpouwzbkil']
[2026-01-12T12:05:46.358+0000] {standard_task_runner.py:88} INFO - Job 32: Subtask generate_summary_report
[2026-01-12T12:05:46.740+0000] {task_command.py:423} INFO - Running <TaskInstance: multi_company_stock_training.generate_summary_report scheduled__2026-01-03T18:00:00+00:00 [running]> on host 3820d7fa4e04
[2026-01-12T12:05:47.145+0000] {taskinstance.py:2480} INFO - Exporting env vars: AIRFLOW_CTX_DAG_OWNER='airflow' AIRFLOW_CTX_DAG_ID='multi_company_stock_training' AIRFLOW_CTX_TASK_ID='generate_summary_report' AIRFLOW_CTX_EXECUTION_DATE='2026-01-03T18:00:00+00:00' AIRFLOW_CTX_TRY_NUMBER='1' AIRFLOW_CTX_DAG_RUN_ID='scheduled__2026-01-03T18:00:00+00:00'
[2026-01-12T12:05:47.209+0000] {logging_mixin.py:188} INFO - 
================================================================================
[2026-01-12T12:05:47.209+0000] {logging_mixin.py:188} INFO - MULTI-COMPANY TRAINING SUMMARY
[2026-01-12T12:05:47.210+0000] {logging_mixin.py:188} INFO - ================================================================================
[2026-01-12T12:05:47.250+0000] {logging_mixin.py:188} WARNING - /home/airflow/.local/lib/python3.10/site-packages/airflow/utils/context.py:315 AirflowContextDeprecationWarning: Accessing 'execution_date' from the template is deprecated and will be removed in a future version. Please use 'data_interval_start' or 'logical_date' instead.
[2026-01-12T12:05:47.251+0000] {logging_mixin.py:188} INFO - Execution Date: 2026-01-03 18:00:00+00:00
[2026-01-12T12:05:47.251+0000] {logging_mixin.py:188} INFO - Companies Trained: TSLA, AAPL, GOOGL, MSFT, AMZN
[2026-01-12T12:05:47.252+0000] {logging_mixin.py:188} INFO - Models per Company: LSTM, GRU, TRANSFORMER
[2026-01-12T12:05:47.252+0000] {logging_mixin.py:188} INFO - Total Models Trained: 15
[2026-01-12T12:05:47.252+0000] {logging_mixin.py:188} INFO - ================================================================================
[2026-01-12T12:05:47.253+0000] {logging_mixin.py:188} INFO - 
Generated Models:
[2026-01-12T12:05:47.253+0000] {logging_mixin.py:188} INFO - 
TSLA:
[2026-01-12T12:05:47.256+0000] {logging_mixin.py:188} INFO -   - gru_tsla_model.h5 (0.33 MB)
[2026-01-12T12:05:47.257+0000] {logging_mixin.py:188} INFO -   - lstm_tsla_model.h5 (0.42 MB)
[2026-01-12T12:05:47.257+0000] {logging_mixin.py:188} INFO -   - transformer_tsla_model.h5 (0.08 MB)
[2026-01-12T12:05:47.257+0000] {logging_mixin.py:188} INFO - 
AAPL:
[2026-01-12T12:05:47.260+0000] {logging_mixin.py:188} INFO -   - gru_aapl_model.h5 (0.33 MB)
[2026-01-12T12:05:47.261+0000] {logging_mixin.py:188} INFO -   - lstm_aapl_model.h5 (0.42 MB)
[2026-01-12T12:05:47.261+0000] {logging_mixin.py:188} INFO -   - transformer_aapl_model.h5 (0.08 MB)
[2026-01-12T12:05:47.263+0000] {logging_mixin.py:188} INFO - 
GOOGL:
[2026-01-12T12:05:47.264+0000] {logging_mixin.py:188} INFO -   - gru_googl_model.h5 (0.33 MB)
[2026-01-12T12:05:47.264+0000] {logging_mixin.py:188} INFO -   - lstm_googl_model.h5 (0.42 MB)
[2026-01-12T12:05:47.265+0000] {logging_mixin.py:188} INFO -   - transformer_googl_model.h5 (0.08 MB)
[2026-01-12T12:05:47.267+0000] {logging_mixin.py:188} INFO - 
MSFT:
[2026-01-12T12:05:47.267+0000] {logging_mixin.py:188} INFO - ================================================================================
[2026-01-12T12:05:47.268+0000] {python.py:201} INFO - Done. Returned value was: None
[2026-01-12T12:05:47.291+0000] {taskinstance.py:1138} INFO - Marking task as SUCCESS. dag_id=multi_company_stock_training, task_id=generate_summary_report, execution_date=20260103T180000, start_date=20260112T120546, end_date=20260112T120547
[2026-01-12T12:05:47.341+0000] {local_task_job_runner.py:234} INFO - Task exited with return code 0
[2026-01-12T12:05:47.395+0000] {taskinstance.py:3280} INFO - 0 downstream tasks scheduled from follow-on schedule check
[2026-01-12T18:35:25.405+0000] {taskinstance.py:1956} INFO - Dependencies all met for dep_context=non-requeueable deps ti=<TaskInstance: multi_company_stock_training.generate_summary_report scheduled__2026-01-03T18:00:00+00:00 [queued]>
[2026-01-12T18:35:25.410+0000] {taskinstance.py:1956} INFO - Dependencies all met for dep_context=requeueable deps ti=<TaskInstance: multi_company_stock_training.generate_summary_report scheduled__2026-01-03T18:00:00+00:00 [queued]>
[2026-01-12T18:35:25.410+0000] {taskinstance.py:2170} INFO - Starting attempt 1 of 2
[2026-01-12T18:35:25.424+0000] {taskinstance.py:2191} INFO - Executing <Task(PythonOperator): generate_summary_report> on 2026-01-03 18:00:00+00:00
[2026-01-12T18:35:25.432+0000] {standard_task_runner.py:60} INFO - Started process 531 to run task
[2026-01-12T18:35:25.433+0000] {standard_task_runner.py:87} INFO - Running: ['airflow', 'tasks', 'run', 'multi_company_stock_training', 'generate_summary_report', 'scheduled__2026-01-03T18:00:00+00:00', '--job-id', '50', '--raw', '--subdir', 'DAGS_FOLDER/multi_company_stock_training_dag.py', '--cfg-path', '/tmp/tmp72howcxf']
[2026-01-12T18:35:25.436+0000] {standard_task_runner.py:88} INFO - Job 50: Subtask generate_summary_report
[2026-01-12T18:35:25.496+0000] {task_command.py:423} INFO - Running <TaskInstance: multi_company_stock_training.generate_summary_report scheduled__2026-01-03T18:00:00+00:00 [running]> on host c8e1908e1aac
[2026-01-12T18:35:25.575+0000] {taskinstance.py:2480} INFO - Exporting env vars: AIRFLOW_CTX_DAG_OWNER='airflow' AIRFLOW_CTX_DAG_ID='multi_company_stock_training' AIRFLOW_CTX_TASK_ID='generate_summary_report' AIRFLOW_CTX_EXECUTION_DATE='2026-01-03T18:00:00+00:00' AIRFLOW_CTX_TRY_NUMBER='1' AIRFLOW_CTX_DAG_RUN_ID='scheduled__2026-01-03T18:00:00+00:00'
[2026-01-12T18:35:25.593+0000] {logging_mixin.py:188} INFO - 
================================================================================
[2026-01-12T18:35:25.593+0000] {logging_mixin.py:188} INFO - MULTI-COMPANY TRAINING SUMMARY
[2026-01-12T18:35:25.593+0000] {logging_mixin.py:188} INFO - ================================================================================
[2026-01-12T18:35:25.600+0000] {logging_mixin.py:188} WARNING - /home/airflow/.local/lib/python3.10/site-packages/airflow/utils/context.py:315 AirflowContextDeprecationWarning: Accessing 'execution_date' from the template is deprecated and will be removed in a future version. Please use 'data_interval_start' or 'logical_date' instead.
[2026-01-12T18:35:25.601+0000] {logging_mixin.py:188} INFO - Execution Date: 2026-01-03 18:00:00+00:00
[2026-01-12T18:35:25.601+0000] {logging_mixin.py:188} INFO - Companies Trained: TSLA, AAPL, GOOGL, MSFT, AMZN
[2026-01-12T18:35:25.601+0000] {logging_mixin.py:188} INFO - Models per Company: LSTM, GRU, TRANSFORMER
[2026-01-12T18:35:25.601+0000] {logging_mixin.py:188} INFO - Total Models Trained: 15
[2026-01-12T18:35:25.601+0000] {logging_mixin.py:188} INFO - ================================================================================
[2026-01-12T18:35:25.601+0000] {logging_mixin.py:188} INFO - 
Generated Models:
[2026-01-12T18:35:25.601+0000] {logging_mixin.py:188} INFO - 
TSLA:
[2026-01-12T18:35:25.602+0000] {logging_mixin.py:188} INFO -   - gru_tsla_model.h5 (0.33 MB)
[2026-01-12T18:35:25.602+0000] {logging_mixin.py:188} INFO -   - lstm_tsla_model.h5 (0.42 MB)
[2026-01-12T18:35:25.602+0000] {logging_mixin.py:188} INFO -   - transformer_tsla_model.h5 (0.08 MB)
[2026-01-12T18:35:25.602+0000] {logging_mixin.py:188} INFO - 
AAPL:
[2026-01-12T18:35:25.602+0000] {logging_mixin.py:188} INFO -   - gru_aapl_model.h5 (0.33 MB)
[2026-01-12T18:35:25.603+0000] {logging_mixin.py:188} INFO -   - lstm_aapl_model.h5 (0.42 MB)
[2026-01-12T18:35:25.603+0000] {logging_mixin.py:188} INFO -   - transformer_aapl_model.h5 (0.08 MB)
[2026-01-12T18:35:25.603+0000] {logging_mixin.py:188} INFO - 
GOOGL:
[2026-01-12T18:35:25.604+0000] {logging_mixin.py:188} INFO -   - gru_googl_model.h5 (0.33 MB)
[2026-01-12T18:35:25.604+0000] {logging_mixin.py:188} INFO -   - lstm_googl_model.h5 (0.42 MB)
[2026-01-12T18:35:25.605+0000] {logging_mixin.py:188} INFO -   - transformer_googl_model.h5 (0.08 MB)
[2026-01-12T18:35:25.605+0000] {logging_mixin.py:188} INFO - 
MSFT:
[2026-01-12T18:35:25.605+0000] {logging_mixin.py:188} INFO - ================================================================================
[2026-01-12T18:35:25.606+0000] {python.py:201} INFO - Done. Returned value was: None
[2026-01-12T18:35:25.611+0000] {taskinstance.py:1138} INFO - Marking task as SUCCESS. dag_id=multi_company_stock_training, task_id=generate_summary_report, execution_date=20260103T180000, start_date=20260112T183525, end_date=20260112T183525
[2026-01-12T18:35:25.657+0000] {local_task_job_runner.py:234} INFO - Task exited with return code 0
[2026-01-12T18:35:25.677+0000] {taskinstance.py:3280} INFO - 0 downstream tasks scheduled from follow-on schedule check
